Analysis & Synthesis report for Lock
Tue Dec 25 13:48:37 2018
Quartus II 64-Bit Version 13.0.0 Build 156 04/24/2013 SJ Full Version


---------------------
; Table of Contents ;
---------------------
  1. Legal Notice
  2. Analysis & Synthesis Summary
  3. Analysis & Synthesis Settings
  4. Parallel Compilation
  5. Analysis & Synthesis Source Files Read
  6. Analysis & Synthesis Resource Usage Summary
  7. Analysis & Synthesis Resource Utilization by Entity
  8. State Machine - |Lock|change_number:change_module|control_reg
  9. Registers Removed During Synthesis
 10. General Register Statistics
 11. Multiplexer Restructuring Statistics (Restructuring Performed)
 12. Elapsed Time Per Partition
 13. Analysis & Synthesis Messages



----------------
; Legal Notice ;
----------------
Copyright (C) 1991-2013 Altera Corporation
Your use of Altera Corporation's design tools, logic functions 
and other software and tools, and its AMPP partner logic 
functions, and any output files from any of the foregoing 
(including device programming or simulation files), and any 
associated documentation or information are expressly subject 
to the terms and conditions of the Altera Program License 
Subscription Agreement, Altera MegaCore Function License 
Agreement, or other applicable license agreement, including, 
without limitation, that your use is for the sole purpose of 
programming logic devices manufactured by Altera and sold by 
Altera or its authorized distributors.  Please refer to the 
applicable agreement for further details.



+----------------------------------------------------------------------------------+
; Analysis & Synthesis Summary                                                     ;
+------------------------------------+---------------------------------------------+
; Analysis & Synthesis Status        ; Successful - Tue Dec 25 13:48:37 2018       ;
; Quartus II 64-Bit Version          ; 13.0.0 Build 156 04/24/2013 SJ Full Version ;
; Revision Name                      ; Lock                                        ;
; Top-level Entity Name              ; Lock                                        ;
; Family                             ; Cyclone III                                 ;
; Total logic elements               ; 91                                          ;
;     Total combinational functions  ; 78                                          ;
;     Dedicated logic registers      ; 29                                          ;
; Total registers                    ; 29                                          ;
; Total pins                         ; 43                                          ;
; Total virtual pins                 ; 0                                           ;
; Total memory bits                  ; 0                                           ;
; Embedded Multiplier 9-bit elements ; 0                                           ;
; Total PLLs                         ; 0                                           ;
+------------------------------------+---------------------------------------------+


+----------------------------------------------------------------------------------------------------------------------+
; Analysis & Synthesis Settings                                                                                        ;
+----------------------------------------------------------------------------+--------------------+--------------------+
; Option                                                                     ; Setting            ; Default Value      ;
+----------------------------------------------------------------------------+--------------------+--------------------+
; Device                                                                     ; EP3C16Q240C8       ;                    ;
; Top-level entity name                                                      ; Lock               ; Lock               ;
; Family name                                                                ; Cyclone III        ; Cyclone IV GX      ;
; Use smart compilation                                                      ; Off                ; Off                ;
; Enable parallel Assembler and TimeQuest Timing Analyzer during compilation ; On                 ; On                 ;
; Enable compact report table                                                ; Off                ; Off                ;
; Restructure Multiplexers                                                   ; Auto               ; Auto               ;
; Create Debugging Nodes for IP Cores                                        ; Off                ; Off                ;
; Preserve fewer node names                                                  ; On                 ; On                 ;
; Disable OpenCore Plus hardware evaluation                                  ; Off                ; Off                ;
; Verilog Version                                                            ; Verilog_2001       ; Verilog_2001       ;
; VHDL Version                                                               ; VHDL_1993          ; VHDL_1993          ;
; State Machine Processing                                                   ; Auto               ; Auto               ;
; Safe State Machine                                                         ; Off                ; Off                ;
; Extract Verilog State Machines                                             ; On                 ; On                 ;
; Extract VHDL State Machines                                                ; On                 ; On                 ;
; Ignore Verilog initial constructs                                          ; Off                ; Off                ;
; Iteration limit for constant Verilog loops                                 ; 5000               ; 5000               ;
; Iteration limit for non-constant Verilog loops                             ; 250                ; 250                ;
; Add Pass-Through Logic to Inferred RAMs                                    ; On                 ; On                 ;
; Infer RAMs from Raw Logic                                                  ; On                 ; On                 ;
; Parallel Synthesis                                                         ; On                 ; On                 ;
; DSP Block Balancing                                                        ; Auto               ; Auto               ;
; NOT Gate Push-Back                                                         ; On                 ; On                 ;
; Power-Up Don't Care                                                        ; On                 ; On                 ;
; Remove Redundant Logic Cells                                               ; Off                ; Off                ;
; Remove Duplicate Registers                                                 ; On                 ; On                 ;
; Ignore CARRY Buffers                                                       ; Off                ; Off                ;
; Ignore CASCADE Buffers                                                     ; Off                ; Off                ;
; Ignore GLOBAL Buffers                                                      ; Off                ; Off                ;
; Ignore ROW GLOBAL Buffers                                                  ; Off                ; Off                ;
; Ignore LCELL Buffers                                                       ; Off                ; Off                ;
; Ignore SOFT Buffers                                                        ; On                 ; On                 ;
; Limit AHDL Integers to 32 Bits                                             ; Off                ; Off                ;
; Optimization Technique                                                     ; Balanced           ; Balanced           ;
; Carry Chain Length                                                         ; 70                 ; 70                 ;
; Auto Carry Chains                                                          ; On                 ; On                 ;
; Auto Open-Drain Pins                                                       ; On                 ; On                 ;
; Perform WYSIWYG Primitive Resynthesis                                      ; Off                ; Off                ;
; Auto ROM Replacement                                                       ; On                 ; On                 ;
; Auto RAM Replacement                                                       ; On                 ; On                 ;
; Auto DSP Block Replacement                                                 ; On                 ; On                 ;
; Auto Shift Register Replacement                                            ; Auto               ; Auto               ;
; Allow Shift Register Merging across Hierarchies                            ; Auto               ; Auto               ;
; Auto Clock Enable Replacement                                              ; On                 ; On                 ;
; Strict RAM Replacement                                                     ; Off                ; Off                ;
; Allow Synchronous Control Signals                                          ; On                 ; On                 ;
; Force Use of Synchronous Clear Signals                                     ; Off                ; Off                ;
; Auto RAM Block Balancing                                                   ; On                 ; On                 ;
; Auto RAM to Logic Cell Conversion                                          ; Off                ; Off                ;
; Auto Resource Sharing                                                      ; Off                ; Off                ;
; Allow Any RAM Size For Recognition                                         ; Off                ; Off                ;
; Allow Any ROM Size For Recognition                                         ; Off                ; Off                ;
; Allow Any Shift Register Size For Recognition                              ; Off                ; Off                ;
; Use LogicLock Constraints during Resource Balancing                        ; On                 ; On                 ;
; Ignore translate_off and synthesis_off directives                          ; Off                ; Off                ;
; Timing-Driven Synthesis                                                    ; On                 ; On                 ;
; Report Parameter Settings                                                  ; On                 ; On                 ;
; Report Source Assignments                                                  ; On                 ; On                 ;
; Report Connectivity Checks                                                 ; On                 ; On                 ;
; Ignore Maximum Fan-Out Assignments                                         ; Off                ; Off                ;
; Synchronization Register Chain Length                                      ; 2                  ; 2                  ;
; PowerPlay Power Optimization                                               ; Normal compilation ; Normal compilation ;
; HDL message level                                                          ; Level2             ; Level2             ;
; Suppress Register Optimization Related Messages                            ; Off                ; Off                ;
; Number of Removed Registers Reported in Synthesis Report                   ; 5000               ; 5000               ;
; Number of Swept Nodes Reported in Synthesis Report                         ; 5000               ; 5000               ;
; Number of Inverted Registers Reported in Synthesis Report                  ; 100                ; 100                ;
; Clock MUX Protection                                                       ; On                 ; On                 ;
; Auto Gated Clock Conversion                                                ; Off                ; Off                ;
; Block Design Naming                                                        ; Auto               ; Auto               ;
; SDC constraint protection                                                  ; Off                ; Off                ;
; Synthesis Effort                                                           ; Auto               ; Auto               ;
; Shift Register Replacement - Allow Asynchronous Clear Signal               ; On                 ; On                 ;
; Pre-Mapping Resynthesis Optimization                                       ; Off                ; Off                ;
; Analysis & Synthesis Message Level                                         ; Medium             ; Medium             ;
; Disable Register Merging Across Hierarchies                                ; Auto               ; Auto               ;
; Resource Aware Inference For Block RAM                                     ; On                 ; On                 ;
; Synthesis Seed                                                             ; 1                  ; 1                  ;
+----------------------------------------------------------------------------+--------------------+--------------------+


+------------------------------------------+
; Parallel Compilation                     ;
+----------------------------+-------------+
; Processors                 ; Number      ;
+----------------------------+-------------+
; Number detected on machine ; 4           ;
; Maximum allowed            ; 4           ;
;                            ;             ;
; Average used               ; 1.00        ;
; Maximum used               ; 2           ;
;                            ;             ;
; Usage by Processor         ; % Time Used ;
;     Processor 1            ; 100.0%      ;
;     Processor 2            ; < 0.1%      ;
;     Processors 3-4         ;   0.0%      ;
+----------------------------+-------------+


+--------------------------------------------------------------------------------------------------------------------------------------+
; Analysis & Synthesis Source Files Read                                                                                               ;
+----------------------------------+-----------------+------------------------+----------------------------------------------+---------+
; File Name with User-Entered Path ; Used in Netlist ; File Type              ; File Name with Absolute Path                 ; Library ;
+----------------------------------+-----------------+------------------------+----------------------------------------------+---------+
; Lock.v                           ; yes             ; User Verilog HDL File  ; G:/Programming/2018 Fall Quartus/Lock/Lock.v ;         ;
+----------------------------------+-----------------+------------------------+----------------------------------------------+---------+


+--------------------------------------------------------------------------------------+
; Analysis & Synthesis Resource Usage Summary                                          ;
+---------------------------------------------+----------------------------------------+
; Resource                                    ; Usage                                  ;
+---------------------------------------------+----------------------------------------+
; Estimated Total logic elements              ; 91                                     ;
;                                             ;                                        ;
; Total combinational functions               ; 78                                     ;
; Logic element usage by number of LUT inputs ;                                        ;
;     -- 4 input functions                    ; 60                                     ;
;     -- 3 input functions                    ; 14                                     ;
;     -- <=2 input functions                  ; 4                                      ;
;                                             ;                                        ;
; Logic elements by mode                      ;                                        ;
;     -- normal mode                          ; 78                                     ;
;     -- arithmetic mode                      ; 0                                      ;
;                                             ;                                        ;
; Total registers                             ; 29                                     ;
;     -- Dedicated logic registers            ; 29                                     ;
;     -- I/O registers                        ; 0                                      ;
;                                             ;                                        ;
; I/O pins                                    ; 43                                     ;
; Embedded Multiplier 9-bit elements          ; 0                                      ;
; Maximum fan-out node                        ; input_switch:input_module|input_signal ;
; Maximum fan-out                             ; 22                                     ;
; Total fan-out                               ; 440                                    ;
; Average fan-out                             ; 2.28                                   ;
+---------------------------------------------+----------------------------------------+


+---------------------------------------------------------------------------------------------------------------------------------------------------------------------------------------------------------+
; Analysis & Synthesis Resource Utilization by Entity                                                                                                                                                     ;
+--------------------------------------+-------------------+--------------+-------------+--------------+---------+-----------+------+--------------+---------------------------------------+--------------+
; Compilation Hierarchy Node           ; LC Combinationals ; LC Registers ; Memory Bits ; DSP Elements ; DSP 9x9 ; DSP 18x18 ; Pins ; Virtual Pins ; Full Hierarchy Name                   ; Library Name ;
+--------------------------------------+-------------------+--------------+-------------+--------------+---------+-----------+------+--------------+---------------------------------------+--------------+
; |Lock                                ; 78 (0)            ; 29 (0)       ; 0           ; 0            ; 0       ; 0         ; 43   ; 0            ; |Lock                                 ;              ;
;    |change_number:change_module|     ; 21 (21)           ; 22 (22)      ; 0           ; 0            ; 0       ; 0         ; 0    ; 0            ; |Lock|change_number:change_module     ;              ;
;    |compare_password:compare_module| ; 6 (6)             ; 2 (2)        ; 0           ; 0            ; 0       ; 0         ; 0    ; 0            ; |Lock|compare_password:compare_module ;              ;
;    |control_show:show_module1|       ; 7 (7)             ; 0 (0)        ; 0           ; 0            ; 0       ; 0         ; 0    ; 0            ; |Lock|control_show:show_module1       ;              ;
;    |control_show:show_module2|       ; 7 (7)             ; 0 (0)        ; 0           ; 0            ; 0       ; 0         ; 0    ; 0            ; |Lock|control_show:show_module2       ;              ;
;    |control_show:show_module3|       ; 7 (7)             ; 0 (0)        ; 0           ; 0            ; 0       ; 0         ; 0    ; 0            ; |Lock|control_show:show_module3       ;              ;
;    |control_show:show_module4|       ; 7 (7)             ; 0 (0)        ; 0           ; 0            ; 0       ; 0         ; 0    ; 0            ; |Lock|control_show:show_module4       ;              ;
;    |input_switch:input_module|       ; 23 (23)           ; 5 (5)        ; 0           ; 0            ; 0       ; 0         ; 0    ; 0            ; |Lock|input_switch:input_module       ;              ;
+--------------------------------------+-------------------+--------------+-------------+--------------+---------+-----------+------+--------------+---------------------------------------+--------------+
Note: For table entries with two numbers listed, the numbers in parentheses indicate the number of resources of the given type used by the specific entity alone. The numbers listed outside of parentheses indicate the total resources of the given type used by the specific entity and all of its sub-entities in the hierarchy.


Encoding Type:  One-Hot
+-----------------------------------------------------------------------------------------------------------------+
; State Machine - |Lock|change_number:change_module|control_reg                                                   ;
+------------------+------------------+------------------+------------------+------------------+------------------+
; Name             ; control_reg.0111 ; control_reg.0011 ; control_reg.0001 ; control_reg.1111 ; control_reg.0000 ;
+------------------+------------------+------------------+------------------+------------------+------------------+
; control_reg.0000 ; 0                ; 0                ; 0                ; 0                ; 0                ;
; control_reg.0001 ; 0                ; 0                ; 1                ; 0                ; 1                ;
; control_reg.0011 ; 0                ; 1                ; 0                ; 0                ; 1                ;
; control_reg.0111 ; 1                ; 0                ; 0                ; 0                ; 1                ;
; control_reg.1111 ; 0                ; 0                ; 0                ; 1                ; 1                ;
+------------------+------------------+------------------+------------------+------------------+------------------+


+----------------------------------------------------------------+
; Registers Removed During Synthesis                             ;
+-------------------------------------------+--------------------+
; Register name                             ; Reason for Removal ;
+-------------------------------------------+--------------------+
; change_number:change_module|control_reg~3 ; Lost fanout        ;
; change_number:change_module|control_reg~4 ; Lost fanout        ;
; Total Number of Removed Registers = 2     ;                    ;
+-------------------------------------------+--------------------+


+------------------------------------------------------+
; General Register Statistics                          ;
+----------------------------------------------+-------+
; Statistic                                    ; Value ;
+----------------------------------------------+-------+
; Total registers                              ; 29    ;
; Number of registers using Synchronous Clear  ; 0     ;
; Number of registers using Synchronous Load   ; 0     ;
; Number of registers using Asynchronous Clear ; 0     ;
; Number of registers using Asynchronous Load  ; 0     ;
; Number of registers using Clock Enable       ; 20    ;
; Number of registers using Preset             ; 0     ;
+----------------------------------------------+-------+


+---------------------------------------------------------------------------------------------------------------------------------------------------------------+
; Multiplexer Restructuring Statistics (Restructuring Performed)                                                                                                ;
+--------------------+-----------+---------------+----------------------+------------------------+------------+-------------------------------------------------+
; Multiplexer Inputs ; Bus Width ; Baseline Area ; Area if Restructured ; Saving if Restructured ; Registered ; Example Multiplexer Output                      ;
+--------------------+-----------+---------------+----------------------+------------------------+------------+-------------------------------------------------+
; 3:1                ; 5 bits    ; 10 LEs        ; 10 LEs               ; 0 LEs                  ; Yes        ; |Lock|input_switch:input_module|number_hex[3]   ;
; 6:1                ; 4 bits    ; 16 LEs        ; 4 LEs                ; 12 LEs                 ; Yes        ; |Lock|change_number:change_module|input_reg1[3] ;
; 6:1                ; 4 bits    ; 16 LEs        ; 4 LEs                ; 12 LEs                 ; Yes        ; |Lock|change_number:change_module|input_reg2[3] ;
; 6:1                ; 4 bits    ; 16 LEs        ; 4 LEs                ; 12 LEs                 ; Yes        ; |Lock|change_number:change_module|input_reg3[3] ;
; 6:1                ; 4 bits    ; 16 LEs        ; 4 LEs                ; 12 LEs                 ; Yes        ; |Lock|change_number:change_module|input_reg4[3] ;
; 4:1                ; 3 bits    ; 6 LEs         ; 6 LEs                ; 0 LEs                  ; No         ; |Lock|change_number:change_module|control_reg   ;
+--------------------+-----------+---------------+----------------------+------------------------+------------+-------------------------------------------------+


+-------------------------------+
; Elapsed Time Per Partition    ;
+----------------+--------------+
; Partition Name ; Elapsed Time ;
+----------------+--------------+
; Top            ; 00:00:00     ;
+----------------+--------------+


+-------------------------------+
; Analysis & Synthesis Messages ;
+-------------------------------+
Info: *******************************************************************
Info: Running Quartus II 64-Bit Analysis & Synthesis
    Info: Version 13.0.0 Build 156 04/24/2013 SJ Full Version
    Info: Processing started: Tue Dec 25 13:48:35 2018
Info: Command: quartus_map --read_settings_files=on --write_settings_files=off Lock -c Lock
Info (20030): Parallel compilation is enabled and will use 4 of the 4 processors detected
Info (12021): Found 6 design units, including 6 entities, in source file lock.v
    Info (12023): Found entity 1: Lock
    Info (12023): Found entity 2: input_switch
    Info (12023): Found entity 3: change_number
    Info (12023): Found entity 4: control_show
    Info (12023): Found entity 5: compare_password
    Info (12023): Found entity 6: failuer_time
Info (12127): Elaborating entity "Lock" for the top level hierarchy
Info (12128): Elaborating entity "input_switch" for hierarchy "input_switch:input_module"
Info (12128): Elaborating entity "change_number" for hierarchy "change_number:change_module"
Info (10264): Verilog HDL Case Statement information at Lock.v(127): all case item expressions in this case statement are onehot
Info (10264): Verilog HDL Case Statement information at Lock.v(161): all case item expressions in this case statement are onehot
Info (12128): Elaborating entity "control_show" for hierarchy "control_show:show_module1"
Warning (10036): Verilog HDL or VHDL warning at Lock.v(212): object "show10" assigned a value but never read
Warning (10036): Verilog HDL or VHDL warning at Lock.v(213): object "show11" assigned a value but never read
Warning (10036): Verilog HDL or VHDL warning at Lock.v(214): object "show12" assigned a value but never read
Warning (10036): Verilog HDL or VHDL warning at Lock.v(215): object "show13" assigned a value but never read
Warning (10036): Verilog HDL or VHDL warning at Lock.v(216): object "show14" assigned a value but never read
Warning (10036): Verilog HDL or VHDL warning at Lock.v(217): object "show15" assigned a value but never read
Info (12128): Elaborating entity "compare_password" for hierarchy "compare_password:compare_module"
Warning (10858): Verilog HDL warning at Lock.v(241): object original_password1 used but never assigned
Warning (10858): Verilog HDL warning at Lock.v(241): object original_password2 used but never assigned
Warning (10858): Verilog HDL warning at Lock.v(241): object original_password3 used but never assigned
Warning (10858): Verilog HDL warning at Lock.v(241): object original_password4 used but never assigned
Warning (10030): Net "original_password1" at Lock.v(241) has no driver or initial value, using a default initial value '0'
Warning (10030): Net "original_password2" at Lock.v(241) has no driver or initial value, using a default initial value '0'
Warning (10030): Net "original_password3" at Lock.v(241) has no driver or initial value, using a default initial value '0'
Warning (10030): Net "original_password4" at Lock.v(241) has no driver or initial value, using a default initial value '0'
Info (12128): Elaborating entity "failuer_time" for hierarchy "failuer_time:failuer_judge_module"
Warning (10858): Verilog HDL warning at Lock.v(264): object most_failure_time used but never assigned
Warning (10230): Verilog HDL assignment warning at Lock.v(277): truncated value with size 32 to match size of target (4)
Warning (10240): Verilog HDL Always Construct warning at Lock.v(268): inferring latch(es) for variable "whether_locked_forever", which holds its previous value in one or more paths through the always construct
Warning (10240): Verilog HDL Always Construct warning at Lock.v(268): inferring latch(es) for variable "failure_time_reg", which holds its previous value in one or more paths through the always construct
Warning (10030): Net "most_failure_time" at Lock.v(264) has no driver or initial value, using a default initial value '0'
Info (10041): Inferred latch for "failure_time_reg[0]" at Lock.v(268)
Info (10041): Inferred latch for "failure_time_reg[1]" at Lock.v(268)
Info (10041): Inferred latch for "failure_time_reg[2]" at Lock.v(268)
Info (10041): Inferred latch for "failure_time_reg[3]" at Lock.v(268)
Info (10041): Inferred latch for "whether_locked_forever" at Lock.v(268)
Warning (13024): Output pins are stuck at VCC or GND
    Warning (13410): Pin "whether_locked_forever" is stuck at GND
Info (286030): Timing-Driven Synthesis is running
Info (17049): 2 registers lost all their fanouts during netlist optimizations.
Info (16010): Generating hard_block partition "hard_block:auto_generated_inst"
    Info (16011): Adding 0 node(s), including 0 DDIO, 0 PLL, 0 transceiver and 0 LCELL
Info (21057): Implemented 140 device resources after synthesis - the final resource count might be different
    Info (21058): Implemented 12 input pins
    Info (21059): Implemented 31 output pins
    Info (21061): Implemented 97 logic cells
Info: Quartus II 64-Bit Analysis & Synthesis was successful. 0 errors, 21 warnings
    Info: Peak virtual memory: 4626 megabytes
    Info: Processing ended: Tue Dec 25 13:48:37 2018
    Info: Elapsed time: 00:00:02
    Info: Total CPU time (on all processors): 00:00:02


