Analysis & Synthesis report for MyClock
Mon Dec 20 19:59:31 2021
Quartus II 64-Bit Version 13.0.0 Build 156 04/24/2013 SJ Full Version


---------------------
; Table of Contents ;
---------------------
  1. Legal Notice
  2. Analysis & Synthesis Summary
  3. Analysis & Synthesis Settings
  4. Parallel Compilation
  5. Analysis & Synthesis Source Files Read
  6. Analysis & Synthesis Resource Usage Summary
  7. Analysis & Synthesis Resource Utilization by Entity
  8. General Register Statistics
  9. Inverted Register Statistics
 10. Parameter Settings for User Entity Instance: 7485:inst103
 11. Parameter Settings for User Entity Instance: 7485:inst102
 12. Elapsed Time Per Partition
 13. Analysis & Synthesis Messages



----------------
; Legal Notice ;
----------------
Copyright (C) 1991-2013 Altera Corporation
Your use of Altera Corporation's design tools, logic functions 
and other software and tools, and its AMPP partner logic 
functions, and any output files from any of the foregoing 
(including device programming or simulation files), and any 
associated documentation or information are expressly subject 
to the terms and conditions of the Altera Program License 
Subscription Agreement, Altera MegaCore Function License 
Agreement, or other applicable license agreement, including, 
without limitation, that your use is for the sole purpose of 
programming logic devices manufactured by Altera and sold by 
Altera or its authorized distributors.  Please refer to the 
applicable agreement for further details.



+----------------------------------------------------------------------------------+
; Analysis & Synthesis Summary                                                     ;
+------------------------------------+---------------------------------------------+
; Analysis & Synthesis Status        ; Successful - Mon Dec 20 19:59:31 2021       ;
; Quartus II 64-Bit Version          ; 13.0.0 Build 156 04/24/2013 SJ Full Version ;
; Revision Name                      ; MyClock                                     ;
; Top-level Entity Name              ; MyClock                                     ;
; Family                             ; Cyclone III                                 ;
; Total logic elements               ; 216                                         ;
;     Total combinational functions  ; 215                                         ;
;     Dedicated logic registers      ; 105                                         ;
; Total registers                    ; 105                                         ;
; Total pins                         ; 64                                          ;
; Total virtual pins                 ; 0                                           ;
; Total memory bits                  ; 0                                           ;
; Embedded Multiplier 9-bit elements ; 0                                           ;
; Total PLLs                         ; 0                                           ;
+------------------------------------+---------------------------------------------+


+----------------------------------------------------------------------------------------------------------------------+
; Analysis & Synthesis Settings                                                                                        ;
+----------------------------------------------------------------------------+--------------------+--------------------+
; Option                                                                     ; Setting            ; Default Value      ;
+----------------------------------------------------------------------------+--------------------+--------------------+
; Device                                                                     ; EP3C16Q240C8       ;                    ;
; Top-level entity name                                                      ; MyClock            ; MyClock            ;
; Family name                                                                ; Cyclone III        ; Cyclone IV GX      ;
; Use smart compilation                                                      ; Off                ; Off                ;
; Enable parallel Assembler and TimeQuest Timing Analyzer during compilation ; On                 ; On                 ;
; Enable compact report table                                                ; Off                ; Off                ;
; Restructure Multiplexers                                                   ; Auto               ; Auto               ;
; Create Debugging Nodes for IP Cores                                        ; Off                ; Off                ;
; Preserve fewer node names                                                  ; On                 ; On                 ;
; Disable OpenCore Plus hardware evaluation                                  ; Off                ; Off                ;
; Verilog Version                                                            ; Verilog_2001       ; Verilog_2001       ;
; VHDL Version                                                               ; VHDL_1993          ; VHDL_1993          ;
; State Machine Processing                                                   ; Auto               ; Auto               ;
; Safe State Machine                                                         ; Off                ; Off                ;
; Extract Verilog State Machines                                             ; On                 ; On                 ;
; Extract VHDL State Machines                                                ; On                 ; On                 ;
; Ignore Verilog initial constructs                                          ; Off                ; Off                ;
; Iteration limit for constant Verilog loops                                 ; 5000               ; 5000               ;
; Iteration limit for non-constant Verilog loops                             ; 250                ; 250                ;
; Add Pass-Through Logic to Inferred RAMs                                    ; On                 ; On                 ;
; Infer RAMs from Raw Logic                                                  ; On                 ; On                 ;
; Parallel Synthesis                                                         ; On                 ; On                 ;
; DSP Block Balancing                                                        ; Auto               ; Auto               ;
; NOT Gate Push-Back                                                         ; On                 ; On                 ;
; Power-Up Don't Care                                                        ; On                 ; On                 ;
; Remove Redundant Logic Cells                                               ; Off                ; Off                ;
; Remove Duplicate Registers                                                 ; On                 ; On                 ;
; Ignore CARRY Buffers                                                       ; Off                ; Off                ;
; Ignore CASCADE Buffers                                                     ; Off                ; Off                ;
; Ignore GLOBAL Buffers                                                      ; Off                ; Off                ;
; Ignore ROW GLOBAL Buffers                                                  ; Off                ; Off                ;
; Ignore LCELL Buffers                                                       ; Off                ; Off                ;
; Ignore SOFT Buffers                                                        ; On                 ; On                 ;
; Limit AHDL Integers to 32 Bits                                             ; Off                ; Off                ;
; Optimization Technique                                                     ; Balanced           ; Balanced           ;
; Carry Chain Length                                                         ; 70                 ; 70                 ;
; Auto Carry Chains                                                          ; On                 ; On                 ;
; Auto Open-Drain Pins                                                       ; On                 ; On                 ;
; Perform WYSIWYG Primitive Resynthesis                                      ; Off                ; Off                ;
; Auto ROM Replacement                                                       ; On                 ; On                 ;
; Auto RAM Replacement                                                       ; On                 ; On                 ;
; Auto DSP Block Replacement                                                 ; On                 ; On                 ;
; Auto Shift Register Replacement                                            ; Auto               ; Auto               ;
; Allow Shift Register Merging across Hierarchies                            ; Auto               ; Auto               ;
; Auto Clock Enable Replacement                                              ; On                 ; On                 ;
; Strict RAM Replacement                                                     ; Off                ; Off                ;
; Allow Synchronous Control Signals                                          ; On                 ; On                 ;
; Force Use of Synchronous Clear Signals                                     ; Off                ; Off                ;
; Auto RAM Block Balancing                                                   ; On                 ; On                 ;
; Auto RAM to Logic Cell Conversion                                          ; Off                ; Off                ;
; Auto Resource Sharing                                                      ; Off                ; Off                ;
; Allow Any RAM Size For Recognition                                         ; Off                ; Off                ;
; Allow Any ROM Size For Recognition                                         ; Off                ; Off                ;
; Allow Any Shift Register Size For Recognition                              ; Off                ; Off                ;
; Use LogicLock Constraints during Resource Balancing                        ; On                 ; On                 ;
; Ignore translate_off and synthesis_off directives                          ; Off                ; Off                ;
; Timing-Driven Synthesis                                                    ; On                 ; On                 ;
; Report Parameter Settings                                                  ; On                 ; On                 ;
; Report Source Assignments                                                  ; On                 ; On                 ;
; Report Connectivity Checks                                                 ; On                 ; On                 ;
; Ignore Maximum Fan-Out Assignments                                         ; Off                ; Off                ;
; Synchronization Register Chain Length                                      ; 2                  ; 2                  ;
; PowerPlay Power Optimization                                               ; Normal compilation ; Normal compilation ;
; HDL message level                                                          ; Level2             ; Level2             ;
; Suppress Register Optimization Related Messages                            ; Off                ; Off                ;
; Number of Removed Registers Reported in Synthesis Report                   ; 5000               ; 5000               ;
; Number of Swept Nodes Reported in Synthesis Report                         ; 5000               ; 5000               ;
; Number of Inverted Registers Reported in Synthesis Report                  ; 100                ; 100                ;
; Clock MUX Protection                                                       ; On                 ; On                 ;
; Auto Gated Clock Conversion                                                ; Off                ; Off                ;
; Block Design Naming                                                        ; Auto               ; Auto               ;
; SDC constraint protection                                                  ; Off                ; Off                ;
; Synthesis Effort                                                           ; Auto               ; Auto               ;
; Shift Register Replacement - Allow Asynchronous Clear Signal               ; On                 ; On                 ;
; Pre-Mapping Resynthesis Optimization                                       ; Off                ; Off                ;
; Analysis & Synthesis Message Level                                         ; Medium             ; Medium             ;
; Disable Register Merging Across Hierarchies                                ; Auto               ; Auto               ;
; Resource Aware Inference For Block RAM                                     ; On                 ; On                 ;
; Synthesis Seed                                                             ; 1                  ; 1                  ;
+----------------------------------------------------------------------------+--------------------+--------------------+


+------------------------------------------+
; Parallel Compilation                     ;
+----------------------------+-------------+
; Processors                 ; Number      ;
+----------------------------+-------------+
; Number detected on machine ; 12          ;
; Maximum allowed            ; 6           ;
;                            ;             ;
; Average used               ; 1.00        ;
; Maximum used               ; 1           ;
;                            ;             ;
; Usage by Processor         ; % Time Used ;
;     Processor 1            ; 100.0%      ;
;     Processors 2-12        ;   0.0%      ;
+----------------------------+-------------+


+----------------------------------------------------------------------------------------------------------------------------------------------------------------+
; Analysis & Synthesis Source Files Read                                                                                                                         ;
+----------------------------------+-----------------+------------------------------------+------------------------------------------------------------+---------+
; File Name with User-Entered Path ; Used in Netlist ; File Type                          ; File Name with Absolute Path                               ; Library ;
+----------------------------------+-----------------+------------------------------------+------------------------------------------------------------+---------+
; MyClock.v                        ; yes             ; User Verilog HDL File              ; C:/altera/13.0/MyClock/MyClock.v                           ;         ;
; MyClock.bdf                      ; yes             ; User Block Diagram/Schematic File  ; C:/altera/13.0/MyClock/MyClock.bdf                         ;         ;
; 74160.bdf                        ; yes             ; Megafunction                       ; c:/altera/13.0/quartus/libraries/others/maxplus2/74160.bdf ;         ;
; 7447.bdf                         ; yes             ; Megafunction                       ; c:/altera/13.0/quartus/libraries/others/maxplus2/7447.bdf  ;         ;
; 74157.bdf                        ; yes             ; Megafunction                       ; c:/altera/13.0/quartus/libraries/others/maxplus2/74157.bdf ;         ;
; 74138.bdf                        ; yes             ; Megafunction                       ; c:/altera/13.0/quartus/libraries/others/maxplus2/74138.bdf ;         ;
; 74154.bdf                        ; yes             ; Megafunction                       ; c:/altera/13.0/quartus/libraries/others/maxplus2/74154.bdf ;         ;
; 7485.tdf                         ; yes             ; Megafunction                       ; c:/altera/13.0/quartus/libraries/others/maxplus2/7485.tdf  ;         ;
; aglobal.inc                      ; yes             ; Megafunction                       ; c:/altera/13.0/quartus/libraries/megafunctions/aglobal.inc ;         ;
; f7485.bdf                        ; yes             ; Megafunction                       ; c:/altera/13.0/quartus/libraries/others/maxplus2/f7485.bdf ;         ;
+----------------------------------+-----------------+------------------------------------+------------------------------------------------------------+---------+


+---------------------------------------------------------+
; Analysis & Synthesis Resource Usage Summary             ;
+---------------------------------------------+-----------+
; Resource                                    ; Usage     ;
+---------------------------------------------+-----------+
; Estimated Total logic elements              ; 216       ;
;                                             ;           ;
; Total combinational functions               ; 215       ;
; Logic element usage by number of LUT inputs ;           ;
;     -- 4 input functions                    ; 90        ;
;     -- 3 input functions                    ; 44        ;
;     -- <=2 input functions                  ; 81        ;
;                                             ;           ;
; Logic elements by mode                      ;           ;
;     -- normal mode                          ; 170       ;
;     -- arithmetic mode                      ; 45        ;
;                                             ;           ;
; Total registers                             ; 105       ;
;     -- Dedicated logic registers            ; 105       ;
;     -- I/O registers                        ; 0         ;
;                                             ;           ;
; I/O pins                                    ; 64        ;
; Embedded Multiplier 9-bit elements          ; 0         ;
; Maximum fan-out node                        ; clk~input ;
; Maximum fan-out                             ; 46        ;
; Total fan-out                               ; 1031      ;
; Average fan-out                             ; 2.30      ;
+---------------------------------------------+-----------+


+-----------------------------------------------------------------------------------------------------------------------------------------------------------------------------------------+
; Analysis & Synthesis Resource Utilization by Entity                                                                                                                                     ;
+----------------------------+-------------------+--------------+-------------+--------------+---------+-----------+------+--------------+---------------------------------+--------------+
; Compilation Hierarchy Node ; LC Combinationals ; LC Registers ; Memory Bits ; DSP Elements ; DSP 9x9 ; DSP 18x18 ; Pins ; Virtual Pins ; Full Hierarchy Name             ; Library Name ;
+----------------------------+-------------------+--------------+-------------+--------------+---------+-----------+------+--------------+---------------------------------+--------------+
; |MyClock                   ; 215 (53)          ; 105 (0)      ; 0           ; 0            ; 0       ; 0         ; 64   ; 0            ; |MyClock                        ;              ;
;    |74138:inst23|          ; 6 (6)             ; 0 (0)        ; 0           ; 0            ; 0       ; 0         ; 0    ; 0            ; |MyClock|74138:inst23           ;              ;
;    |74154:inst69|          ; 12 (12)           ; 0 (0)        ; 0           ; 0            ; 0       ; 0         ; 0    ; 0            ; |MyClock|74154:inst69           ;              ;
;    |74157:inst152|         ; 1 (1)             ; 0 (0)        ; 0           ; 0            ; 0       ; 0         ; 0    ; 0            ; |MyClock|74157:inst152          ;              ;
;    |74157:inst20|          ; 1 (1)             ; 0 (0)        ; 0           ; 0            ; 0       ; 0         ; 0    ; 0            ; |MyClock|74157:inst20           ;              ;
;    |74157:inst30|          ; 4 (4)             ; 0 (0)        ; 0           ; 0            ; 0       ; 0         ; 0    ; 0            ; |MyClock|74157:inst30           ;              ;
;    |74157:inst49|          ; 1 (1)             ; 0 (0)        ; 0           ; 0            ; 0       ; 0         ; 0    ; 0            ; |MyClock|74157:inst49           ;              ;
;    |74160:inst12|          ; 4 (4)             ; 4 (4)        ; 0           ; 0            ; 0       ; 0         ; 0    ; 0            ; |MyClock|74160:inst12           ;              ;
;    |74160:inst13|          ; 5 (5)             ; 4 (4)        ; 0           ; 0            ; 0       ; 0         ; 0    ; 0            ; |MyClock|74160:inst13           ;              ;
;    |74160:inst14|          ; 4 (4)             ; 4 (4)        ; 0           ; 0            ; 0       ; 0         ; 0    ; 0            ; |MyClock|74160:inst14           ;              ;
;    |74160:inst15|          ; 5 (5)             ; 4 (4)        ; 0           ; 0            ; 0       ; 0         ; 0    ; 0            ; |MyClock|74160:inst15           ;              ;
;    |74160:inst16|          ; 4 (4)             ; 4 (4)        ; 0           ; 0            ; 0       ; 0         ; 0    ; 0            ; |MyClock|74160:inst16           ;              ;
;    |74160:inst22|          ; 4 (4)             ; 4 (4)        ; 0           ; 0            ; 0       ; 0         ; 0    ; 0            ; |MyClock|74160:inst22           ;              ;
;    |74160:inst24|          ; 5 (5)             ; 4 (4)        ; 0           ; 0            ; 0       ; 0         ; 0    ; 0            ; |MyClock|74160:inst24           ;              ;
;    |74160:inst25|          ; 4 (4)             ; 4 (4)        ; 0           ; 0            ; 0       ; 0         ; 0    ; 0            ; |MyClock|74160:inst25           ;              ;
;    |74160:inst26|          ; 5 (5)             ; 4 (4)        ; 0           ; 0            ; 0       ; 0         ; 0    ; 0            ; |MyClock|74160:inst26           ;              ;
;    |74160:inst27|          ; 4 (4)             ; 4 (4)        ; 0           ; 0            ; 0       ; 0         ; 0    ; 0            ; |MyClock|74160:inst27           ;              ;
;    |74160:inst28|          ; 5 (5)             ; 4 (4)        ; 0           ; 0            ; 0       ; 0         ; 0    ; 0            ; |MyClock|74160:inst28           ;              ;
;    |74160:inst29|          ; 4 (4)             ; 4 (4)        ; 0           ; 0            ; 0       ; 0         ; 0    ; 0            ; |MyClock|74160:inst29           ;              ;
;    |74160:inst|            ; 5 (5)             ; 4 (4)        ; 0           ; 0            ; 0       ; 0         ; 0    ; 0            ; |MyClock|74160:inst             ;              ;
;    |7447:inst67|           ; 7 (7)             ; 0 (0)        ; 0           ; 0            ; 0       ; 0         ; 0    ; 0            ; |MyClock|7447:inst67            ;              ;
;    |7485:inst102|          ; 3 (0)             ; 0 (0)        ; 0           ; 0            ; 0       ; 0         ; 0    ; 0            ; |MyClock|7485:inst102           ;              ;
;       |f7485:sub|          ; 3 (3)             ; 0 (0)        ; 0           ; 0            ; 0       ; 0         ; 0    ; 0            ; |MyClock|7485:inst102|f7485:sub ;              ;
;    |7485:inst103|          ; 5 (0)             ; 0 (0)        ; 0           ; 0            ; 0       ; 0         ; 0    ; 0            ; |MyClock|7485:inst103           ;              ;
;       |f7485:sub|          ; 5 (5)             ; 0 (0)        ; 0           ; 0            ; 0       ; 0         ; 0    ; 0            ; |MyClock|7485:inst103|f7485:sub ;              ;
;    |lightControl:inst108|  ; 7 (7)             ; 7 (7)        ; 0           ; 0            ; 0       ; 0         ; 0    ; 0            ; |MyClock|lightControl:inst108   ;              ;
;    |secControl:inst88|     ; 57 (57)           ; 46 (46)      ; 0           ; 0            ; 0       ; 0         ; 0    ; 0            ; |MyClock|secControl:inst88      ;              ;
+----------------------------+-------------------+--------------+-------------+--------------+---------+-----------+------+--------------+---------------------------------+--------------+
Note: For table entries with two numbers listed, the numbers in parentheses indicate the number of resources of the given type used by the specific entity alone. The numbers listed outside of parentheses indicate the total resources of the given type used by the specific entity and all of its sub-entities in the hierarchy.


+------------------------------------------------------+
; General Register Statistics                          ;
+----------------------------------------------+-------+
; Statistic                                    ; Value ;
+----------------------------------------------+-------+
; Total registers                              ; 105   ;
; Number of registers using Synchronous Clear  ; 33    ;
; Number of registers using Synchronous Load   ; 0     ;
; Number of registers using Asynchronous Clear ; 49    ;
; Number of registers using Asynchronous Load  ; 0     ;
; Number of registers using Clock Enable       ; 16    ;
; Number of registers using Preset             ; 0     ;
+----------------------------------------------+-------+


+--------------------------------------------------+
; Inverted Register Statistics                     ;
+----------------------------------------+---------+
; Inverted Register                      ; Fan out ;
+----------------------------------------+---------+
; lightControl:inst108|sign              ; 2       ;
; Total number of inverted registers = 1 ;         ;
+----------------------------------------+---------+


+-----------------------------------------------------------+
; Parameter Settings for User Entity Instance: 7485:inst103 ;
+------------------------+-------------+--------------------+
; Parameter Name         ; Value       ; Type               ;
+------------------------+-------------+--------------------+
; DEVICE_FAMILY          ; Cyclone III ; Untyped            ;
; AUTO_CARRY_CHAINS      ; ON          ; AUTO_CARRY         ;
; IGNORE_CARRY_BUFFERS   ; OFF         ; IGNORE_CARRY       ;
; AUTO_CASCADE_CHAINS    ; ON          ; AUTO_CASCADE       ;
; IGNORE_CASCADE_BUFFERS ; OFF         ; IGNORE_CASCADE     ;
+------------------------+-------------+--------------------+
Note: In order to hide this table in the UI and the text report file, please set the "Show Parameter Settings in Synthesis Report" option in "Analysis and Synthesis Settings -> More Settings" to "Off".


+-----------------------------------------------------------+
; Parameter Settings for User Entity Instance: 7485:inst102 ;
+------------------------+-------------+--------------------+
; Parameter Name         ; Value       ; Type               ;
+------------------------+-------------+--------------------+
; DEVICE_FAMILY          ; Cyclone III ; Untyped            ;
; AUTO_CARRY_CHAINS      ; ON          ; AUTO_CARRY         ;
; IGNORE_CARRY_BUFFERS   ; OFF         ; IGNORE_CARRY       ;
; AUTO_CASCADE_CHAINS    ; ON          ; AUTO_CASCADE       ;
; IGNORE_CASCADE_BUFFERS ; OFF         ; IGNORE_CASCADE     ;
+------------------------+-------------+--------------------+
Note: In order to hide this table in the UI and the text report file, please set the "Show Parameter Settings in Synthesis Report" option in "Analysis and Synthesis Settings -> More Settings" to "Off".


+-------------------------------+
; Elapsed Time Per Partition    ;
+----------------+--------------+
; Partition Name ; Elapsed Time ;
+----------------+--------------+
; Top            ; 00:00:00     ;
+----------------+--------------+


+-------------------------------+
; Analysis & Synthesis Messages ;
+-------------------------------+
Info: *******************************************************************
Info: Running Quartus II 64-Bit Analysis & Synthesis
    Info: Version 13.0.0 Build 156 04/24/2013 SJ Full Version
    Info: Processing started: Mon Dec 20 19:59:30 2021
Info: Command: quartus_map --read_settings_files=on --write_settings_files=off MyClock -c MyClock
Info (11104): Parallel Compilation has detected 12 hyper-threaded processors. However, the extra hyper-threaded processors will not be used by default. Parallel Compilation will use 6 of the 6 physical processors detected instead.
Info (12021): Found 3 design units, including 3 entities, in source file myclock.v
    Info (12023): Found entity 1: secControl
    Info (12023): Found entity 2: lightControl
    Info (12023): Found entity 3: xiaodou
Info (12021): Found 1 design units, including 1 entities, in source file myclock.bdf
    Info (12023): Found entity 1: MyClock
Info (12021): Found 1 design units, including 1 entities, in source file clockpart.bdf
    Info (12023): Found entity 1: clockpart
Info (12127): Elaborating entity "MyClock" for the top level hierarchy
Warning (275011): Block or symbol "OR2" of instance "inst31" overlaps another block or symbol
Warning (275011): Block or symbol "OR2" of instance "inst33" overlaps another block or symbol
Warning (275011): Block or symbol "OR2" of instance "inst35" overlaps another block or symbol
Warning (275011): Block or symbol "OR2" of instance "inst37" overlaps another block or symbol
Warning (275011): Block or symbol "OR2" of instance "inst39" overlaps another block or symbol
Warning (275011): Block or symbol "OR2" of instance "inst41" overlaps another block or symbol
Warning (275011): Block or symbol "OR2" of instance "inst43" overlaps another block or symbol
Warning (275011): Block or symbol "OR2" of instance "inst45" overlaps another block or symbol
Warning (275011): Block or symbol "OR2" of instance "inst56" overlaps another block or symbol
Warning (275011): Block or symbol "OR2" of instance "inst59" overlaps another block or symbol
Warning (275011): Block or symbol "OR2" of instance "inst58" overlaps another block or symbol
Warning (275011): Block or symbol "OR2" of instance "inst61" overlaps another block or symbol
Warning (275011): Block or symbol "AND6" of instance "inst84" overlaps another block or symbol
Warning (275011): Block or symbol "AND2" of instance "inst1" overlaps another block or symbol
Info (12128): Elaborating entity "74160" for hierarchy "74160:inst14"
Info (12130): Elaborated megafunction instantiation "74160:inst14"
Info (12128): Elaborating entity "secControl" for hierarchy "secControl:inst88"
Warning (10230): Verilog HDL assignment warning at MyClock.v(15): truncated value with size 32 to match size of target (28)
Warning (10230): Verilog HDL assignment warning at MyClock.v(23): truncated value with size 32 to match size of target (16)
Info (12128): Elaborating entity "7447" for hierarchy "7447:inst67"
Info (12130): Elaborated megafunction instantiation "7447:inst67"
Info (12128): Elaborating entity "74157" for hierarchy "74157:inst11"
Info (12130): Elaborated megafunction instantiation "74157:inst11"
Info (12128): Elaborating entity "74138" for hierarchy "74138:inst23"
Info (12130): Elaborated megafunction instantiation "74138:inst23"
Info (12128): Elaborating entity "74154" for hierarchy "74154:inst69"
Info (12130): Elaborated megafunction instantiation "74154:inst69"
Info (12128): Elaborating entity "lightControl" for hierarchy "lightControl:inst108"
Warning (10230): Verilog HDL assignment warning at MyClock.v(44): truncated value with size 32 to match size of target (5)
Info (12128): Elaborating entity "7485" for hierarchy "7485:inst103"
Info (12130): Elaborated megafunction instantiation "7485:inst103"
Info (12128): Elaborating entity "f7485" for hierarchy "7485:inst103|f7485:sub"
Info (12131): Elaborated megafunction instantiation "7485:inst103|f7485:sub", which is child of megafunction instantiation "7485:inst103"
Info (12128): Elaborating entity "7485" for hierarchy "7485:inst102"
Info (12130): Elaborated megafunction instantiation "7485:inst102"
Info (13014): Ignored 2 buffer(s)
    Info (13017): Ignored 2 CASCADE buffer(s)
Info (13000): Registers with preset signals will power-up high
Info (13003): DEV_CLRn pin will set, and not reset, register with preset signal due to NOT Gate Push-Back
Info (286030): Timing-Driven Synthesis is running
Info (16010): Generating hard_block partition "hard_block:auto_generated_inst"
    Info (16011): Adding 0 node(s), including 0 DDIO, 0 PLL, 0 transceiver and 0 LCELL
Warning (21074): Design contains 24 input pin(s) that do not drive logic
    Warning (15610): No output dependent on input pin "change3"
    Warning (15610): No output dependent on input pin "change2"
    Warning (15610): No output dependent on input pin "change1"
    Warning (15610): No output dependent on input pin "change0"
    Warning (15610): No output dependent on input pin "change7"
    Warning (15610): No output dependent on input pin "change6"
    Warning (15610): No output dependent on input pin "change5"
    Warning (15610): No output dependent on input pin "change4"
    Warning (15610): No output dependent on input pin "change11"
    Warning (15610): No output dependent on input pin "change10"
    Warning (15610): No output dependent on input pin "change9"
    Warning (15610): No output dependent on input pin "change8"
    Warning (15610): No output dependent on input pin "change15"
    Warning (15610): No output dependent on input pin "change14"
    Warning (15610): No output dependent on input pin "change13"
    Warning (15610): No output dependent on input pin "change12"
    Warning (15610): No output dependent on input pin "change19"
    Warning (15610): No output dependent on input pin "change18"
    Warning (15610): No output dependent on input pin "change17"
    Warning (15610): No output dependent on input pin "change16"
    Warning (15610): No output dependent on input pin "change23"
    Warning (15610): No output dependent on input pin "change22"
    Warning (15610): No output dependent on input pin "change21"
    Warning (15610): No output dependent on input pin "change20"
Info (21057): Implemented 283 device resources after synthesis - the final resource count might be different
    Info (21058): Implemented 41 input pins
    Info (21059): Implemented 23 output pins
    Info (21061): Implemented 219 logic cells
Info: Quartus II 64-Bit Analysis & Synthesis was successful. 0 errors, 52 warnings
    Info: Peak virtual memory: 4613 megabytes
    Info: Processing ended: Mon Dec 20 19:59:31 2021
    Info: Elapsed time: 00:00:01
    Info: Total CPU time (on all processors): 00:00:02


