Analysis & Synthesis report for plus_minus
Tue Dec 24 19:04:42 2013
Quartus II Version 9.0 Build 132 02/25/2009 SJ Full Version


---------------------
; Table of Contents ;
---------------------
  1. Legal Notice
  2. Analysis & Synthesis Summary
  3. Analysis & Synthesis Settings
  4. Analysis & Synthesis Source Files Read
  5. Analysis & Synthesis Resource Usage Summary
  6. Analysis & Synthesis Resource Utilization by Entity
  7. General Register Statistics
  8. Analysis & Synthesis Messages



----------------
; Legal Notice ;
----------------
Copyright (C) 1991-2009 Altera Corporation
Your use of Altera Corporation's design tools, logic functions 
and other software and tools, and its AMPP partner logic 
functions, and any output files from any of the foregoing 
(including device programming or simulation files), and any 
associated documentation or information are expressly subject 
to the terms and conditions of the Altera Program License 
Subscription Agreement, Altera MegaCore Function License 
Agreement, or other applicable license agreement, including, 
without limitation, that your use is for the sole purpose of 
programming logic devices manufactured by Altera and sold by 
Altera or its authorized distributors.  Please refer to the 
applicable agreement for further details.



+-------------------------------------------------------------------------------+
; Analysis & Synthesis Summary                                                  ;
+------------------------------------+------------------------------------------+
; Analysis & Synthesis Status        ; Successful - Tue Dec 24 19:04:42 2013    ;
; Quartus II Version                 ; 9.0 Build 132 02/25/2009 SJ Full Version ;
; Revision Name                      ; plus_minus                               ;
; Top-level Entity Name              ; plus_minus_bcd                           ;
; Family                             ; Cyclone II                               ;
; Total logic elements               ; 24                                       ;
;     Total combinational functions  ; 24                                       ;
;     Dedicated logic registers      ; 0                                        ;
; Total registers                    ; 0                                        ;
; Total pins                         ; 16                                       ;
; Total virtual pins                 ; 0                                        ;
; Total memory bits                  ; 0                                        ;
; Embedded Multiplier 9-bit elements ; 0                                        ;
; Total PLLs                         ; 0                                        ;
+------------------------------------+------------------------------------------+


+----------------------------------------------------------------------------------------------------------+
; Analysis & Synthesis Settings                                                                            ;
+----------------------------------------------------------------+--------------------+--------------------+
; Option                                                         ; Setting            ; Default Value      ;
+----------------------------------------------------------------+--------------------+--------------------+
; Device                                                         ; EP2C35F672C8       ;                    ;
; Top-level entity name                                          ; plus_minus_bcd     ; plus_minus         ;
; Family name                                                    ; Cyclone II         ; Stratix II         ;
; Use smart compilation                                          ; Off                ; Off                ;
; Restructure Multiplexers                                       ; Auto               ; Auto               ;
; Create Debugging Nodes for IP Cores                            ; Off                ; Off                ;
; Preserve fewer node names                                      ; On                 ; On                 ;
; Disable OpenCore Plus hardware evaluation                      ; Off                ; Off                ;
; Verilog Version                                                ; Verilog_2001       ; Verilog_2001       ;
; VHDL Version                                                   ; VHDL93             ; VHDL93             ;
; State Machine Processing                                       ; Auto               ; Auto               ;
; Safe State Machine                                             ; Off                ; Off                ;
; Extract Verilog State Machines                                 ; On                 ; On                 ;
; Extract VHDL State Machines                                    ; On                 ; On                 ;
; Ignore Verilog initial constructs                              ; Off                ; Off                ;
; Iteration limit for constant Verilog loops                     ; 5000               ; 5000               ;
; Iteration limit for non-constant Verilog loops                 ; 250                ; 250                ;
; Add Pass-Through Logic to Inferred RAMs                        ; On                 ; On                 ;
; Parallel Synthesis                                             ; Off                ; Off                ;
; DSP Block Balancing                                            ; Auto               ; Auto               ;
; NOT Gate Push-Back                                             ; On                 ; On                 ;
; Power-Up Don't Care                                            ; On                 ; On                 ;
; Remove Redundant Logic Cells                                   ; Off                ; Off                ;
; Remove Duplicate Registers                                     ; On                 ; On                 ;
; Ignore CARRY Buffers                                           ; Off                ; Off                ;
; Ignore CASCADE Buffers                                         ; Off                ; Off                ;
; Ignore GLOBAL Buffers                                          ; Off                ; Off                ;
; Ignore ROW GLOBAL Buffers                                      ; Off                ; Off                ;
; Ignore LCELL Buffers                                           ; Off                ; Off                ;
; Ignore SOFT Buffers                                            ; On                 ; On                 ;
; Limit AHDL Integers to 32 Bits                                 ; Off                ; Off                ;
; Optimization Technique                                         ; Balanced           ; Balanced           ;
; Carry Chain Length                                             ; 70                 ; 70                 ;
; Auto Carry Chains                                              ; On                 ; On                 ;
; Auto Open-Drain Pins                                           ; On                 ; On                 ;
; Perform WYSIWYG Primitive Resynthesis                          ; Off                ; Off                ;
; Auto ROM Replacement                                           ; On                 ; On                 ;
; Auto RAM Replacement                                           ; On                 ; On                 ;
; Auto Shift Register Replacement                                ; Auto               ; Auto               ;
; Auto Clock Enable Replacement                                  ; On                 ; On                 ;
; Strict RAM Replacement                                         ; Off                ; Off                ;
; Allow Synchronous Control Signals                              ; On                 ; On                 ;
; Force Use of Synchronous Clear Signals                         ; Off                ; Off                ;
; Auto RAM to Logic Cell Conversion                              ; Off                ; Off                ;
; Auto Resource Sharing                                          ; Off                ; Off                ;
; Allow Any RAM Size For Recognition                             ; Off                ; Off                ;
; Allow Any ROM Size For Recognition                             ; Off                ; Off                ;
; Allow Any Shift Register Size For Recognition                  ; Off                ; Off                ;
; Use LogicLock Constraints during Resource Balancing            ; On                 ; On                 ;
; Ignore translate_off and synthesis_off directives              ; Off                ; Off                ;
; Timing-Driven Synthesis                                        ; Off                ; Off                ;
; Show Parameter Settings Tables in Synthesis Report             ; On                 ; On                 ;
; Ignore Maximum Fan-Out Assignments                             ; Off                ; Off                ;
; Synchronization Register Chain Length                          ; 2                  ; 2                  ;
; PowerPlay Power Optimization                                   ; Normal compilation ; Normal compilation ;
; HDL message level                                              ; Level2             ; Level2             ;
; Suppress Register Optimization Related Messages                ; Off                ; Off                ;
; Number of Removed Registers Reported in Synthesis Report       ; 100                ; 100                ;
; Number of Inverted Registers Reported in Synthesis Report      ; 100                ; 100                ;
; Clock MUX Protection                                           ; On                 ; On                 ;
; Auto Gated Clock Conversion                                    ; Off                ; Off                ;
; Block Design Naming                                            ; Auto               ; Auto               ;
; SDC constraint protection                                      ; Off                ; Off                ;
; Synthesis Effort                                               ; Auto               ; Auto               ;
; Allows Asynchronous Clear Usage For Shift Register Replacement ; On                 ; On                 ;
; Analysis & Synthesis Message Level                             ; Medium             ; Medium             ;
+----------------------------------------------------------------+--------------------+--------------------+


+--------------------------------------------------------------------------------------------------------------------------------------------------------------------------------------------+
; Analysis & Synthesis Source Files Read                                                                                                                                                     ;
+----------------------------------+-----------------+------------------------------------+--------------------------------------------------------------------------------------------------+
; File Name with User-Entered Path ; Used in Netlist ; File Type                          ; File Name with Absolute Path                                                                     ;
+----------------------------------+-----------------+------------------------------------+--------------------------------------------------------------------------------------------------+
; plus_minus_1.bdf                 ; yes             ; User Block Diagram/Schematic File  ; C:/Users/wangshuo/Desktop/大二上/EDA1文件/EDA作业1工程文件夹_王硕2012011447/plus_minus_1.bdf     ;
; plus_minus_final.bdf             ; yes             ; User Block Diagram/Schematic File  ; C:/Users/wangshuo/Desktop/大二上/EDA1文件/EDA作业1工程文件夹_王硕2012011447/plus_minus_final.bdf ;
; plus_4.bdf                       ; yes             ; User Block Diagram/Schematic File  ; C:/Users/wangshuo/Desktop/大二上/EDA1文件/EDA作业1工程文件夹_王硕2012011447/plus_4.bdf           ;
; plus_minus_bcd.bdf               ; yes             ; User Block Diagram/Schematic File  ; C:/Users/wangshuo/Desktop/大二上/EDA1文件/EDA作业1工程文件夹_王硕2012011447/plus_minus_bcd.bdf   ;
; 74185.bdf                        ; yes             ; Megafunction                       ; c:/altera/90/quartus/libraries/others/maxplus2/74185.bdf                                         ;
+----------------------------------+-----------------+------------------------------------+--------------------------------------------------------------------------------------------------+


+-----------------------------------------------------+
; Analysis & Synthesis Resource Usage Summary         ;
+---------------------------------------------+-------+
; Resource                                    ; Usage ;
+---------------------------------------------+-------+
; Estimated Total logic elements              ; 24    ;
;                                             ;       ;
; Total combinational functions               ; 24    ;
; Logic element usage by number of LUT inputs ;       ;
;     -- 4 input functions                    ; 17    ;
;     -- 3 input functions                    ; 6     ;
;     -- <=2 input functions                  ; 1     ;
;                                             ;       ;
; Logic elements by mode                      ;       ;
;     -- normal mode                          ; 24    ;
;     -- arithmetic mode                      ; 0     ;
;                                             ;       ;
; Total registers                             ; 0     ;
;     -- Dedicated logic registers            ; 0     ;
;     -- I/O registers                        ; 0     ;
;                                             ;       ;
; I/O pins                                    ; 16    ;
; Maximum fan-out node                        ; K     ;
; Maximum fan-out                             ; 12    ;
; Total fan-out                               ; 95    ;
; Average fan-out                             ; 2.38  ;
+---------------------------------------------+-------+


+------------------------------------------------------------------------------------------------------------------------------------------------------------------------------------------------------------------------------------+
; Analysis & Synthesis Resource Utilization by Entity                                                                                                                                                                                ;
+--------------------------------+-------------------+--------------+-------------+--------------+---------+-----------+------+--------------+------------------------------------------------------------------------+--------------+
; Compilation Hierarchy Node     ; LC Combinationals ; LC Registers ; Memory Bits ; DSP Elements ; DSP 9x9 ; DSP 18x18 ; Pins ; Virtual Pins ; Full Hierarchy Name                                                    ; Library Name ;
+--------------------------------+-------------------+--------------+-------------+--------------+---------+-----------+------+--------------+------------------------------------------------------------------------+--------------+
; |plus_minus_bcd                ; 24 (0)            ; 0 (0)        ; 0           ; 0            ; 0       ; 0         ; 16   ; 0            ; |plus_minus_bcd                                                        ; work         ;
;    |74185:inst1|               ; 7 (7)             ; 0 (0)        ; 0           ; 0            ; 0       ; 0         ; 0    ; 0            ; |plus_minus_bcd|74185:inst1                                            ; work         ;
;    |plus_minus_final:inst|     ; 17 (5)            ; 0 (0)        ; 0           ; 0            ; 0       ; 0         ; 0    ; 0            ; |plus_minus_bcd|plus_minus_final:inst                                  ; work         ;
;       |plus_4:inst3|           ; 7 (0)             ; 0 (0)        ; 0           ; 0            ; 0       ; 0         ; 0    ; 0            ; |plus_minus_bcd|plus_minus_final:inst|plus_4:inst3                     ; work         ;
;          |plus_minus_1:inst10| ; 2 (2)             ; 0 (0)        ; 0           ; 0            ; 0       ; 0         ; 0    ; 0            ; |plus_minus_bcd|plus_minus_final:inst|plus_4:inst3|plus_minus_1:inst10 ; work         ;
;          |plus_minus_1:inst11| ; 1 (1)             ; 0 (0)        ; 0           ; 0            ; 0       ; 0         ; 0    ; 0            ; |plus_minus_bcd|plus_minus_final:inst|plus_4:inst3|plus_minus_1:inst11 ; work         ;
;          |plus_minus_1:inst12| ; 2 (2)             ; 0 (0)        ; 0           ; 0            ; 0       ; 0         ; 0    ; 0            ; |plus_minus_bcd|plus_minus_final:inst|plus_4:inst3|plus_minus_1:inst12 ; work         ;
;          |plus_minus_1:inst|   ; 2 (2)             ; 0 (0)        ; 0           ; 0            ; 0       ; 0         ; 0    ; 0            ; |plus_minus_bcd|plus_minus_final:inst|plus_4:inst3|plus_minus_1:inst   ; work         ;
;       |plus_4:inst|            ; 5 (0)             ; 0 (0)        ; 0           ; 0            ; 0       ; 0         ; 0    ; 0            ; |plus_minus_bcd|plus_minus_final:inst|plus_4:inst                      ; work         ;
;          |plus_minus_1:inst10| ; 2 (2)             ; 0 (0)        ; 0           ; 0            ; 0       ; 0         ; 0    ; 0            ; |plus_minus_bcd|plus_minus_final:inst|plus_4:inst|plus_minus_1:inst10  ; work         ;
;          |plus_minus_1:inst11| ; 1 (1)             ; 0 (0)        ; 0           ; 0            ; 0       ; 0         ; 0    ; 0            ; |plus_minus_bcd|plus_minus_final:inst|plus_4:inst|plus_minus_1:inst11  ; work         ;
;          |plus_minus_1:inst12| ; 1 (1)             ; 0 (0)        ; 0           ; 0            ; 0       ; 0         ; 0    ; 0            ; |plus_minus_bcd|plus_minus_final:inst|plus_4:inst|plus_minus_1:inst12  ; work         ;
;          |plus_minus_1:inst|   ; 1 (1)             ; 0 (0)        ; 0           ; 0            ; 0       ; 0         ; 0    ; 0            ; |plus_minus_bcd|plus_minus_final:inst|plus_4:inst|plus_minus_1:inst    ; work         ;
+--------------------------------+-------------------+--------------+-------------+--------------+---------+-----------+------+--------------+------------------------------------------------------------------------+--------------+
Note: For table entries with two numbers listed, the numbers in parentheses indicate the number of resources of the given type used by the specific entity alone. The numbers listed outside of parentheses indicate the total resources of the given type used by the specific entity and all of its sub-entities in the hierarchy.


+------------------------------------------------------+
; General Register Statistics                          ;
+----------------------------------------------+-------+
; Statistic                                    ; Value ;
+----------------------------------------------+-------+
; Total registers                              ; 0     ;
; Number of registers using Synchronous Clear  ; 0     ;
; Number of registers using Synchronous Load   ; 0     ;
; Number of registers using Asynchronous Clear ; 0     ;
; Number of registers using Asynchronous Load  ; 0     ;
; Number of registers using Clock Enable       ; 0     ;
; Number of registers using Preset             ; 0     ;
+----------------------------------------------+-------+


+-------------------------------+
; Analysis & Synthesis Messages ;
+-------------------------------+
Info: *******************************************************************
Info: Running Quartus II Analysis & Synthesis
    Info: Version 9.0 Build 132 02/25/2009 SJ Full Version
    Info: Processing started: Tue Dec 24 19:04:38 2013
Info: Command: quartus_map --read_settings_files=on --write_settings_files=off plus_minus -c plus_minus
Info: Found 1 design units, including 1 entities, in source file plus_minus_1.bdf
    Info: Found entity 1: plus_minus_1
Info: Found 1 design units, including 1 entities, in source file plus_minus_final.bdf
    Info: Found entity 1: plus_minus_final
Info: Found 1 design units, including 1 entities, in source file plus_4.bdf
    Info: Found entity 1: plus_4
Info: Found 1 design units, including 1 entities, in source file plus_minus_bcd.bdf
    Info: Found entity 1: plus_minus_bcd
Info: Found 1 design units, including 1 entities, in source file nulti.bdf
    Info: Found entity 1: nulti
Info: Found 1 design units, including 1 entities, in source file 4_1_multiply.bdf
    Info: Found entity 1: 4_1_multiply
Info: Found 1 design units, including 1 entities, in source file multi_BCD.bdf
    Info: Found entity 1: multi_BCD
Info: Found 1 design units, including 1 entities, in source file caculator.bdf
    Info: Found entity 1: caculator
Info: Found 1 design units, including 1 entities, in source file 2to1.bdf
    Info: Found entity 1: 2to1
Info: Elaborating entity "plus_minus_bcd" for the top level hierarchy
Info: Elaborating entity "plus_minus_final" for hierarchy "plus_minus_final:inst"
Info: Elaborating entity "plus_4" for hierarchy "plus_minus_final:inst|plus_4:inst"
Warning: Block or symbol "plus_minus_1" of instance "inst" overlaps another block or symbol
Info: Elaborating entity "plus_minus_1" for hierarchy "plus_minus_final:inst|plus_4:inst|plus_minus_1:inst12"
Info: Elaborating entity "74185" for hierarchy "74185:inst1"
Info: Elaborated megafunction instantiation "74185:inst1"
Info: Implemented 40 device resources after synthesis - the final resource count might be different
    Info: Implemented 9 input pins
    Info: Implemented 7 output pins
    Info: Implemented 24 logic cells
Info: Quartus II Analysis & Synthesis was successful. 0 errors, 1 warning
    Info: Peak virtual memory: 229 megabytes
    Info: Processing ended: Tue Dec 24 19:04:42 2013
    Info: Elapsed time: 00:00:04
    Info: Total CPU time (on all processors): 00:00:03


