Flow report for plus_minus
Tue Dec 24 19:05:04 2013
Quartus II Version 9.0 Build 132 02/25/2009 SJ Full Version


---------------------
; Table of Contents ;
---------------------
  1. Legal Notice
  2. Flow Summary
  3. Flow Settings
  4. Flow Non-Default Global Settings
  5. Flow Elapsed Time
  6. Flow OS Summary
  7. Flow Log



----------------
; Legal Notice ;
----------------
Copyright (C) 1991-2009 Altera Corporation
Your use of Altera Corporation's design tools, logic functions 
and other software and tools, and its AMPP partner logic 
functions, and any output files from any of the foregoing 
(including device programming or simulation files), and any 
associated documentation or information are expressly subject 
to the terms and conditions of the Altera Program License 
Subscription Agreement, Altera MegaCore Function License 
Agreement, or other applicable license agreement, including, 
without limitation, that your use is for the sole purpose of 
programming logic devices manufactured by Altera and sold by 
Altera or its authorized distributors.  Please refer to the 
applicable agreement for further details.



+-------------------------------------------------------------------------------+
; Flow Summary                                                                  ;
+------------------------------------+------------------------------------------+
; Flow Status                        ; Successful - Tue Dec 24 19:05:04 2013    ;
; Quartus II Version                 ; 9.0 Build 132 02/25/2009 SJ Full Version ;
; Revision Name                      ; plus_minus                               ;
; Top-level Entity Name              ; plus_minus_bcd                           ;
; Family                             ; Cyclone II                               ;
; Device                             ; EP2C35F672C8                             ;
; Timing Models                      ; Final                                    ;
; Met timing requirements            ; Yes                                      ;
; Total logic elements               ; 24 / 33,216 ( < 1 % )                    ;
;     Total combinational functions  ; 24 / 33,216 ( < 1 % )                    ;
;     Dedicated logic registers      ; 0 / 33,216 ( 0 % )                       ;
; Total registers                    ; 0                                        ;
; Total pins                         ; 16 / 475 ( 3 % )                         ;
; Total virtual pins                 ; 0                                        ;
; Total memory bits                  ; 0 / 483,840 ( 0 % )                      ;
; Embedded Multiplier 9-bit elements ; 0 / 70 ( 0 % )                           ;
; Total PLLs                         ; 0 / 4 ( 0 % )                            ;
+------------------------------------+------------------------------------------+


+-----------------------------------------+
; Flow Settings                           ;
+-------------------+---------------------+
; Option            ; Setting             ;
+-------------------+---------------------+
; Start date & time ; 12/24/2013 19:04:39 ;
; Main task         ; Compilation         ;
; Revision Name     ; plus_minus          ;
+-------------------+---------------------+


+---------------------------------------------------------------------------------------------------------------------+
; Flow Non-Default Global Settings                                                                                    ;
+------------------------+----------------------------------------------+---------------+----------------+------------+
; Assignment Name        ; Value                                        ; Default Value ; Entity Name    ; Section Id ;
+------------------------+----------------------------------------------+---------------+----------------+------------+
; COMPILER_SIGNATURE_ID  ; 171859727753813.138788307808936              ; --            ; --             ; --         ;
; MAX_CORE_JUNCTION_TEMP ; 85                                           ; --            ; --             ; --         ;
; MIN_CORE_JUNCTION_TEMP ; 0                                            ; --            ; --             ; --         ;
; MISC_FILE              ; C:/Users/wangshuo/Desktop/EDA/plus_minus.dpf ; --            ; --             ; --         ;
; PARTITION_COLOR        ; 16764057                                     ; --            ; plus_minus_bcd ; Top        ;
; PARTITION_NETLIST_TYPE ; SOURCE                                       ; --            ; plus_minus_bcd ; Top        ;
; TOP_LEVEL_ENTITY       ; plus_minus_bcd                               ; plus_minus    ; --             ; --         ;
+------------------------+----------------------------------------------+---------------+----------------+------------+


+-----------------------------------------------------------------------------------------------------------------------------+
; Flow Elapsed Time                                                                                                           ;
+-------------------------+--------------+-------------------------+---------------------+------------------------------------+
; Module Name             ; Elapsed Time ; Average Processors Used ; Peak Virtual Memory ; Total CPU Time (on all processors) ;
+-------------------------+--------------+-------------------------+---------------------+------------------------------------+
; Analysis & Synthesis    ; 00:00:04     ; 1.0                     ; 225 MB              ; 00:00:03                           ;
; Fitter                  ; 00:00:15     ; 1.0                     ; 291 MB              ; 00:00:13                           ;
; Assembler               ; 00:00:00     ; 1.0                     ; 188 MB              ; 00:00:00                           ;
; Classic Timing Analyzer ; 00:00:00     ; 1.0                     ; 176 MB              ; 00:00:00                           ;
; Total                   ; 00:00:19     ; --                      ; --                  ; 00:00:16                           ;
+-------------------------+--------------+-------------------------+---------------------+------------------------------------+


+------------------------------------------------------------------------------------------+
; Flow OS Summary                                                                          ;
+-------------------------+------------------+---------------+------------+----------------+
; Module Name             ; Machine Hostname ; OS Name       ; OS Version ; Processor type ;
+-------------------------+------------------+---------------+------------+----------------+
; Analysis & Synthesis    ; wangshuo-THINK   ; Windows Vista ; 6.1        ; x86_64         ;
; Fitter                  ; wangshuo-THINK   ; Windows Vista ; 6.1        ; x86_64         ;
; Assembler               ; wangshuo-THINK   ; Windows Vista ; 6.1        ; x86_64         ;
; Classic Timing Analyzer ; wangshuo-THINK   ; Windows Vista ; 6.1        ; x86_64         ;
+-------------------------+------------------+---------------+------------+----------------+


------------
; Flow Log ;
------------
quartus_map --read_settings_files=on --write_settings_files=off plus_minus -c plus_minus
quartus_fit --read_settings_files=off --write_settings_files=off plus_minus -c plus_minus
quartus_asm --read_settings_files=off --write_settings_files=off plus_minus -c plus_minus
quartus_tan --read_settings_files=off --write_settings_files=off plus_minus -c plus_minus --timing_analysis_only



