Analysis & Synthesis report for scanning
Tue Dec 31 11:00:01 2013
Quartus II 64-Bit Version 13.0.0 Build 156 04/24/2013 SJ Full Version


---------------------
; Table of Contents ;
---------------------
  1. Legal Notice
  2. Analysis & Synthesis Summary
  3. Analysis & Synthesis Settings
  4. Parallel Compilation
  5. Analysis & Synthesis Source Files Read
  6. Analysis & Synthesis Resource Usage Summary
  7. Analysis & Synthesis Resource Utilization by Entity
  8. Registers Removed During Synthesis
  9. General Register Statistics
 10. Multiplexer Restructuring Statistics (Restructuring Performed)
 11. Elapsed Time Per Partition
 12. Analysis & Synthesis Messages



----------------
; Legal Notice ;
----------------
Copyright (C) 1991-2013 Altera Corporation
Your use of Altera Corporation's design tools, logic functions 
and other software and tools, and its AMPP partner logic 
functions, and any output files from any of the foregoing 
(including device programming or simulation files), and any 
associated documentation or information are expressly subject 
to the terms and conditions of the Altera Program License 
Subscription Agreement, Altera MegaCore Function License 
Agreement, or other applicable license agreement, including, 
without limitation, that your use is for the sole purpose of 
programming logic devices manufactured by Altera and sold by 
Altera or its authorized distributors.  Please refer to the 
applicable agreement for further details.



+----------------------------------------------------------------------------------+
; Analysis & Synthesis Summary                                                     ;
+------------------------------------+---------------------------------------------+
; Analysis & Synthesis Status        ; Successful - Tue Dec 31 11:00:01 2013       ;
; Quartus II 64-Bit Version          ; 13.0.0 Build 156 04/24/2013 SJ Full Version ;
; Revision Name                      ; scanning                                    ;
; Top-level Entity Name              ; scanner                                     ;
; Family                             ; Cyclone II                                  ;
; Total logic elements               ; 163                                         ;
;     Total combinational functions  ; 163                                         ;
;     Dedicated logic registers      ; 27                                          ;
; Total registers                    ; 27                                          ;
; Total pins                         ; 24                                          ;
; Total virtual pins                 ; 0                                           ;
; Total memory bits                  ; 0                                           ;
; Embedded Multiplier 9-bit elements ; 0                                           ;
; Total PLLs                         ; 0                                           ;
+------------------------------------+---------------------------------------------+


+----------------------------------------------------------------------------------------------------------------------+
; Analysis & Synthesis Settings                                                                                        ;
+----------------------------------------------------------------------------+--------------------+--------------------+
; Option                                                                     ; Setting            ; Default Value      ;
+----------------------------------------------------------------------------+--------------------+--------------------+
; Device                                                                     ; EP2C35F672C8       ;                    ;
; Top-level entity name                                                      ; scanner            ; scanning           ;
; Family name                                                                ; Cyclone II         ; Cyclone IV GX      ;
; Use smart compilation                                                      ; Off                ; Off                ;
; Enable parallel Assembler and TimeQuest Timing Analyzer during compilation ; On                 ; On                 ;
; Enable compact report table                                                ; Off                ; Off                ;
; Restructure Multiplexers                                                   ; Auto               ; Auto               ;
; Create Debugging Nodes for IP Cores                                        ; Off                ; Off                ;
; Preserve fewer node names                                                  ; On                 ; On                 ;
; Disable OpenCore Plus hardware evaluation                                  ; Off                ; Off                ;
; Verilog Version                                                            ; Verilog_2001       ; Verilog_2001       ;
; VHDL Version                                                               ; VHDL_1993          ; VHDL_1993          ;
; State Machine Processing                                                   ; Auto               ; Auto               ;
; Safe State Machine                                                         ; Off                ; Off                ;
; Extract Verilog State Machines                                             ; On                 ; On                 ;
; Extract VHDL State Machines                                                ; On                 ; On                 ;
; Ignore Verilog initial constructs                                          ; Off                ; Off                ;
; Iteration limit for constant Verilog loops                                 ; 5000               ; 5000               ;
; Iteration limit for non-constant Verilog loops                             ; 250                ; 250                ;
; Add Pass-Through Logic to Inferred RAMs                                    ; On                 ; On                 ;
; Infer RAMs from Raw Logic                                                  ; On                 ; On                 ;
; Parallel Synthesis                                                         ; On                 ; On                 ;
; DSP Block Balancing                                                        ; Auto               ; Auto               ;
; NOT Gate Push-Back                                                         ; On                 ; On                 ;
; Power-Up Don't Care                                                        ; On                 ; On                 ;
; Remove Redundant Logic Cells                                               ; Off                ; Off                ;
; Remove Duplicate Registers                                                 ; On                 ; On                 ;
; Ignore CARRY Buffers                                                       ; Off                ; Off                ;
; Ignore CASCADE Buffers                                                     ; Off                ; Off                ;
; Ignore GLOBAL Buffers                                                      ; Off                ; Off                ;
; Ignore ROW GLOBAL Buffers                                                  ; Off                ; Off                ;
; Ignore LCELL Buffers                                                       ; Off                ; Off                ;
; Ignore SOFT Buffers                                                        ; On                 ; On                 ;
; Limit AHDL Integers to 32 Bits                                             ; Off                ; Off                ;
; Optimization Technique                                                     ; Balanced           ; Balanced           ;
; Carry Chain Length                                                         ; 70                 ; 70                 ;
; Auto Carry Chains                                                          ; On                 ; On                 ;
; Auto Open-Drain Pins                                                       ; On                 ; On                 ;
; Perform WYSIWYG Primitive Resynthesis                                      ; Off                ; Off                ;
; Auto ROM Replacement                                                       ; On                 ; On                 ;
; Auto RAM Replacement                                                       ; On                 ; On                 ;
; Auto Shift Register Replacement                                            ; Auto               ; Auto               ;
; Allow Shift Register Merging across Hierarchies                            ; Auto               ; Auto               ;
; Auto Clock Enable Replacement                                              ; On                 ; On                 ;
; Strict RAM Replacement                                                     ; Off                ; Off                ;
; Allow Synchronous Control Signals                                          ; On                 ; On                 ;
; Force Use of Synchronous Clear Signals                                     ; Off                ; Off                ;
; Auto RAM to Logic Cell Conversion                                          ; Off                ; Off                ;
; Auto Resource Sharing                                                      ; Off                ; Off                ;
; Allow Any RAM Size For Recognition                                         ; Off                ; Off                ;
; Allow Any ROM Size For Recognition                                         ; Off                ; Off                ;
; Allow Any Shift Register Size For Recognition                              ; Off                ; Off                ;
; Use LogicLock Constraints during Resource Balancing                        ; On                 ; On                 ;
; Ignore translate_off and synthesis_off directives                          ; Off                ; Off                ;
; Timing-Driven Synthesis                                                    ; Off                ; Off                ;
; Report Parameter Settings                                                  ; On                 ; On                 ;
; Report Source Assignments                                                  ; On                 ; On                 ;
; Report Connectivity Checks                                                 ; On                 ; On                 ;
; Ignore Maximum Fan-Out Assignments                                         ; Off                ; Off                ;
; Synchronization Register Chain Length                                      ; 2                  ; 2                  ;
; PowerPlay Power Optimization                                               ; Normal compilation ; Normal compilation ;
; HDL message level                                                          ; Level2             ; Level2             ;
; Suppress Register Optimization Related Messages                            ; Off                ; Off                ;
; Number of Removed Registers Reported in Synthesis Report                   ; 5000               ; 5000               ;
; Number of Swept Nodes Reported in Synthesis Report                         ; 5000               ; 5000               ;
; Number of Inverted Registers Reported in Synthesis Report                  ; 100                ; 100                ;
; Clock MUX Protection                                                       ; On                 ; On                 ;
; Auto Gated Clock Conversion                                                ; Off                ; Off                ;
; Block Design Naming                                                        ; Auto               ; Auto               ;
; SDC constraint protection                                                  ; Off                ; Off                ;
; Synthesis Effort                                                           ; Auto               ; Auto               ;
; Shift Register Replacement - Allow Asynchronous Clear Signal               ; On                 ; On                 ;
; Pre-Mapping Resynthesis Optimization                                       ; Off                ; Off                ;
; Analysis & Synthesis Message Level                                         ; Medium             ; Medium             ;
; Disable Register Merging Across Hierarchies                                ; Auto               ; Auto               ;
; Resource Aware Inference For Block RAM                                     ; On                 ; On                 ;
; Synthesis Seed                                                             ; 1                  ; 1                  ;
+----------------------------------------------------------------------------+--------------------+--------------------+


+------------------------------------------+
; Parallel Compilation                     ;
+----------------------------+-------------+
; Processors                 ; Number      ;
+----------------------------+-------------+
; Number detected on machine ; 4           ;
; Maximum allowed            ; 2           ;
;                            ;             ;
; Average used               ; 1.00        ;
; Maximum used               ; 1           ;
;                            ;             ;
; Usage by Processor         ; % Time Used ;
;     Processor 1            ; 100.0%      ;
;     Processors 2-4         ;   0.0%      ;
+----------------------------+-------------+


+------------------------------------------------------------------------------------------------------------------------------------------------------------------+
; Analysis & Synthesis Source Files Read                                                                                                                           ;
+----------------------------------+-----------------+------------------------------------+--------------------------------------------------------------+---------+
; File Name with User-Entered Path ; Used in Netlist ; File Type                          ; File Name with Absolute Path                                 ; Library ;
+----------------------------------+-----------------+------------------------------------+--------------------------------------------------------------+---------+
; Divider.v                        ; yes             ; User Verilog HDL File              ; C:/Users/wangshuo/Desktop/EDA2/scanning/Divider.v            ;         ;
; plus_minus_final.bdf             ; yes             ; User Block Diagram/Schematic File  ; C:/Users/wangshuo/Desktop/EDA2/scanning/plus_minus_final.bdf ;         ;
; plus_minus_BCD.bdf               ; yes             ; User Block Diagram/Schematic File  ; C:/Users/wangshuo/Desktop/EDA2/scanning/plus_minus_BCD.bdf   ;         ;
; plus_minus_1.bdf                 ; yes             ; User Block Diagram/Schematic File  ; C:/Users/wangshuo/Desktop/EDA2/scanning/plus_minus_1.bdf     ;         ;
; plus_4.bdf                       ; yes             ; User Block Diagram/Schematic File  ; C:/Users/wangshuo/Desktop/EDA2/scanning/plus_4.bdf           ;         ;
; nulti.bdf                        ; yes             ; User Block Diagram/Schematic File  ; C:/Users/wangshuo/Desktop/EDA2/scanning/nulti.bdf            ;         ;
; multi_BCD.bdf                    ; yes             ; User Block Diagram/Schematic File  ; C:/Users/wangshuo/Desktop/EDA2/scanning/multi_BCD.bdf        ;         ;
; caculator.bdf                    ; yes             ; User Block Diagram/Schematic File  ; C:/Users/wangshuo/Desktop/EDA2/scanning/caculator.bdf        ;         ;
; 4_1_multiply.bdf                 ; yes             ; User Block Diagram/Schematic File  ; C:/Users/wangshuo/Desktop/EDA2/scanning/4_1_multiply.bdf     ;         ;
; 2to1.bdf                         ; yes             ; User Block Diagram/Schematic File  ; C:/Users/wangshuo/Desktop/EDA2/scanning/2to1.bdf             ;         ;
; scanning.v                       ; yes             ; User Verilog HDL File              ; C:/Users/wangshuo/Desktop/EDA2/scanning/scanning.v           ;         ;
; scanner.bdf                      ; yes             ; User Block Diagram/Schematic File  ; C:/Users/wangshuo/Desktop/EDA2/scanning/scanner.bdf          ;         ;
; 74185.bdf                        ; yes             ; Megafunction                       ; c:/altera/13.0/quartus/libraries/others/maxplus2/74185.bdf   ;         ;
+----------------------------------+-----------------+------------------------------------+--------------------------------------------------------------+---------+


+-----------------------------------------------------+
; Analysis & Synthesis Resource Usage Summary         ;
+---------------------------------------------+-------+
; Resource                                    ; Usage ;
+---------------------------------------------+-------+
; Estimated Total logic elements              ; 163   ;
;                                             ;       ;
; Total combinational functions               ; 163   ;
; Logic element usage by number of LUT inputs ;       ;
;     -- 4 input functions                    ; 108   ;
;     -- 3 input functions                    ; 27    ;
;     -- <=2 input functions                  ; 28    ;
;                                             ;       ;
; Logic elements by mode                      ;       ;
;     -- normal mode                          ; 147   ;
;     -- arithmetic mode                      ; 16    ;
;                                             ;       ;
; Total registers                             ; 27    ;
;     -- Dedicated logic registers            ; 27    ;
;     -- I/O registers                        ; 0     ;
;                                             ;       ;
; I/O pins                                    ; 24    ;
; Embedded Multiplier 9-bit elements          ; 0     ;
; Maximum fan-out node                        ; K     ;
; Maximum fan-out                             ; 24    ;
; Total fan-out                               ; 630   ;
; Average fan-out                             ; 2.94  ;
+---------------------------------------------+-------+


+-----------------------------------------------------------------------------------------------------------------------------------------------------------------------------------------------------------------------------------------------------------------------+
; Analysis & Synthesis Resource Utilization by Entity                                                                                                                                                                                                                   ;
+--------------------------------------+-------------------+--------------+-------------+--------------+---------+-----------+------+--------------+-----------------------------------------------------------------------------------------------------+--------------+
; Compilation Hierarchy Node           ; LC Combinationals ; LC Registers ; Memory Bits ; DSP Elements ; DSP 9x9 ; DSP 18x18 ; Pins ; Virtual Pins ; Full Hierarchy Name                                                                                 ; Library Name ;
+--------------------------------------+-------------------+--------------+-------------+--------------+---------+-----------+------+--------------+-----------------------------------------------------------------------------------------------------+--------------+
; |scanner                             ; 163 (0)           ; 27 (0)       ; 0           ; 0            ; 0       ; 0         ; 24   ; 0            ; |scanner                                                                                            ;              ;
;    |Divider:inst3|                   ; 18 (18)           ; 18 (18)      ; 0           ; 0            ; 0       ; 0         ; 0    ; 0            ; |scanner|Divider:inst3                                                                              ;              ;
;    |caculator:inst|                  ; 114 (0)           ; 0 (0)        ; 0           ; 0            ; 0       ; 0         ; 0    ; 0            ; |scanner|caculator:inst                                                                             ;              ;
;       |2to1:inst10|                  ; 3 (3)             ; 0 (0)        ; 0           ; 0            ; 0       ; 0         ; 0    ; 0            ; |scanner|caculator:inst|2to1:inst10                                                                 ;              ;
;       |2to1:inst11|                  ; 1 (1)             ; 0 (0)        ; 0           ; 0            ; 0       ; 0         ; 0    ; 0            ; |scanner|caculator:inst|2to1:inst11                                                                 ;              ;
;       |2to1:inst13|                  ; 2 (2)             ; 0 (0)        ; 0           ; 0            ; 0       ; 0         ; 0    ; 0            ; |scanner|caculator:inst|2to1:inst13                                                                 ;              ;
;       |2to1:inst2|                   ; 1 (1)             ; 0 (0)        ; 0           ; 0            ; 0       ; 0         ; 0    ; 0            ; |scanner|caculator:inst|2to1:inst2                                                                  ;              ;
;       |2to1:inst3|                   ; 12 (12)           ; 0 (0)        ; 0           ; 0            ; 0       ; 0         ; 0    ; 0            ; |scanner|caculator:inst|2to1:inst3                                                                  ;              ;
;       |2to1:inst4|                   ; 6 (6)             ; 0 (0)        ; 0           ; 0            ; 0       ; 0         ; 0    ; 0            ; |scanner|caculator:inst|2to1:inst4                                                                  ;              ;
;       |2to1:inst5|                   ; 6 (6)             ; 0 (0)        ; 0           ; 0            ; 0       ; 0         ; 0    ; 0            ; |scanner|caculator:inst|2to1:inst5                                                                  ;              ;
;       |2to1:inst6|                   ; 7 (7)             ; 0 (0)        ; 0           ; 0            ; 0       ; 0         ; 0    ; 0            ; |scanner|caculator:inst|2to1:inst6                                                                  ;              ;
;       |2to1:inst7|                   ; 4 (4)             ; 0 (0)        ; 0           ; 0            ; 0       ; 0         ; 0    ; 0            ; |scanner|caculator:inst|2to1:inst7                                                                  ;              ;
;       |2to1:inst8|                   ; 3 (3)             ; 0 (0)        ; 0           ; 0            ; 0       ; 0         ; 0    ; 0            ; |scanner|caculator:inst|2to1:inst8                                                                  ;              ;
;       |2to1:inst9|                   ; 3 (3)             ; 0 (0)        ; 0           ; 0            ; 0       ; 0         ; 0    ; 0            ; |scanner|caculator:inst|2to1:inst9                                                                  ;              ;
;       |multi_BCD:inst|               ; 51 (0)            ; 0 (0)        ; 0           ; 0            ; 0       ; 0         ; 0    ; 0            ; |scanner|caculator:inst|multi_BCD:inst                                                              ;              ;
;          |74185:inst24|              ; 17 (17)           ; 0 (0)        ; 0           ; 0            ; 0       ; 0         ; 0    ; 0            ; |scanner|caculator:inst|multi_BCD:inst|74185:inst24                                                 ;              ;
;          |74185:inst25|              ; 5 (5)             ; 0 (0)        ; 0           ; 0            ; 0       ; 0         ; 0    ; 0            ; |scanner|caculator:inst|multi_BCD:inst|74185:inst25                                                 ;              ;
;          |nulti:inst|                ; 29 (2)            ; 0 (0)        ; 0           ; 0            ; 0       ; 0         ; 0    ; 0            ; |scanner|caculator:inst|multi_BCD:inst|nulti:inst                                                   ;              ;
;             |4_1_multiply:inst16|    ; 2 (2)             ; 0 (0)        ; 0           ; 0            ; 0       ; 0         ; 0    ; 0            ; |scanner|caculator:inst|multi_BCD:inst|nulti:inst|4_1_multiply:inst16                               ;              ;
;             |4_1_multiply:inst19|    ; 1 (1)             ; 0 (0)        ; 0           ; 0            ; 0       ; 0         ; 0    ; 0            ; |scanner|caculator:inst|multi_BCD:inst|nulti:inst|4_1_multiply:inst19                               ;              ;
;             |plus_4:inst5|           ; 8 (0)             ; 0 (0)        ; 0           ; 0            ; 0       ; 0         ; 0    ; 0            ; |scanner|caculator:inst|multi_BCD:inst|nulti:inst|plus_4:inst5                                      ;              ;
;                |plus_minus_1:inst10| ; 3 (3)             ; 0 (0)        ; 0           ; 0            ; 0       ; 0         ; 0    ; 0            ; |scanner|caculator:inst|multi_BCD:inst|nulti:inst|plus_4:inst5|plus_minus_1:inst10                  ;              ;
;                |plus_minus_1:inst11| ; 2 (2)             ; 0 (0)        ; 0           ; 0            ; 0       ; 0         ; 0    ; 0            ; |scanner|caculator:inst|multi_BCD:inst|nulti:inst|plus_4:inst5|plus_minus_1:inst11                  ;              ;
;                |plus_minus_1:inst12| ; 2 (2)             ; 0 (0)        ; 0           ; 0            ; 0       ; 0         ; 0    ; 0            ; |scanner|caculator:inst|multi_BCD:inst|nulti:inst|plus_4:inst5|plus_minus_1:inst12                  ;              ;
;                |plus_minus_1:inst|   ; 1 (1)             ; 0 (0)        ; 0           ; 0            ; 0       ; 0         ; 0    ; 0            ; |scanner|caculator:inst|multi_BCD:inst|nulti:inst|plus_4:inst5|plus_minus_1:inst                    ;              ;
;             |plus_4:inst6|           ; 8 (0)             ; 0 (0)        ; 0           ; 0            ; 0       ; 0         ; 0    ; 0            ; |scanner|caculator:inst|multi_BCD:inst|nulti:inst|plus_4:inst6                                      ;              ;
;                |plus_minus_1:inst10| ; 2 (2)             ; 0 (0)        ; 0           ; 0            ; 0       ; 0         ; 0    ; 0            ; |scanner|caculator:inst|multi_BCD:inst|nulti:inst|plus_4:inst6|plus_minus_1:inst10                  ;              ;
;                |plus_minus_1:inst11| ; 2 (2)             ; 0 (0)        ; 0           ; 0            ; 0       ; 0         ; 0    ; 0            ; |scanner|caculator:inst|multi_BCD:inst|nulti:inst|plus_4:inst6|plus_minus_1:inst11                  ;              ;
;                |plus_minus_1:inst12| ; 2 (2)             ; 0 (0)        ; 0           ; 0            ; 0       ; 0         ; 0    ; 0            ; |scanner|caculator:inst|multi_BCD:inst|nulti:inst|plus_4:inst6|plus_minus_1:inst12                  ;              ;
;                |plus_minus_1:inst|   ; 2 (2)             ; 0 (0)        ; 0           ; 0            ; 0       ; 0         ; 0    ; 0            ; |scanner|caculator:inst|multi_BCD:inst|nulti:inst|plus_4:inst6|plus_minus_1:inst                    ;              ;
;             |plus_4:inst7|           ; 8 (0)             ; 0 (0)        ; 0           ; 0            ; 0       ; 0         ; 0    ; 0            ; |scanner|caculator:inst|multi_BCD:inst|nulti:inst|plus_4:inst7                                      ;              ;
;                |plus_minus_1:inst10| ; 2 (2)             ; 0 (0)        ; 0           ; 0            ; 0       ; 0         ; 0    ; 0            ; |scanner|caculator:inst|multi_BCD:inst|nulti:inst|plus_4:inst7|plus_minus_1:inst10                  ;              ;
;                |plus_minus_1:inst11| ; 2 (2)             ; 0 (0)        ; 0           ; 0            ; 0       ; 0         ; 0    ; 0            ; |scanner|caculator:inst|multi_BCD:inst|nulti:inst|plus_4:inst7|plus_minus_1:inst11                  ;              ;
;                |plus_minus_1:inst12| ; 2 (2)             ; 0 (0)        ; 0           ; 0            ; 0       ; 0         ; 0    ; 0            ; |scanner|caculator:inst|multi_BCD:inst|nulti:inst|plus_4:inst7|plus_minus_1:inst12                  ;              ;
;                |plus_minus_1:inst|   ; 2 (2)             ; 0 (0)        ; 0           ; 0            ; 0       ; 0         ; 0    ; 0            ; |scanner|caculator:inst|multi_BCD:inst|nulti:inst|plus_4:inst7|plus_minus_1:inst                    ;              ;
;       |plus_minus_BCD:inst1|         ; 15 (0)            ; 0 (0)        ; 0           ; 0            ; 0       ; 0         ; 0    ; 0            ; |scanner|caculator:inst|plus_minus_BCD:inst1                                                        ;              ;
;          |74185:inst1|               ; 1 (1)             ; 0 (0)        ; 0           ; 0            ; 0       ; 0         ; 0    ; 0            ; |scanner|caculator:inst|plus_minus_BCD:inst1|74185:inst1                                            ;              ;
;          |plus_minus_final:inst|     ; 14 (4)            ; 0 (0)        ; 0           ; 0            ; 0       ; 0         ; 0    ; 0            ; |scanner|caculator:inst|plus_minus_BCD:inst1|plus_minus_final:inst                                  ;              ;
;             |plus_4:inst3|           ; 5 (0)             ; 0 (0)        ; 0           ; 0            ; 0       ; 0         ; 0    ; 0            ; |scanner|caculator:inst|plus_minus_BCD:inst1|plus_minus_final:inst|plus_4:inst3                     ;              ;
;                |plus_minus_1:inst10| ; 2 (2)             ; 0 (0)        ; 0           ; 0            ; 0       ; 0         ; 0    ; 0            ; |scanner|caculator:inst|plus_minus_BCD:inst1|plus_minus_final:inst|plus_4:inst3|plus_minus_1:inst10 ;              ;
;                |plus_minus_1:inst11| ; 1 (1)             ; 0 (0)        ; 0           ; 0            ; 0       ; 0         ; 0    ; 0            ; |scanner|caculator:inst|plus_minus_BCD:inst1|plus_minus_final:inst|plus_4:inst3|plus_minus_1:inst11 ;              ;
;                |plus_minus_1:inst12| ; 2 (2)             ; 0 (0)        ; 0           ; 0            ; 0       ; 0         ; 0    ; 0            ; |scanner|caculator:inst|plus_minus_BCD:inst1|plus_minus_final:inst|plus_4:inst3|plus_minus_1:inst12 ;              ;
;             |plus_4:inst|            ; 5 (0)             ; 0 (0)        ; 0           ; 0            ; 0       ; 0         ; 0    ; 0            ; |scanner|caculator:inst|plus_minus_BCD:inst1|plus_minus_final:inst|plus_4:inst                      ;              ;
;                |plus_minus_1:inst10| ; 2 (2)             ; 0 (0)        ; 0           ; 0            ; 0       ; 0         ; 0    ; 0            ; |scanner|caculator:inst|plus_minus_BCD:inst1|plus_minus_final:inst|plus_4:inst|plus_minus_1:inst10  ;              ;
;                |plus_minus_1:inst11| ; 1 (1)             ; 0 (0)        ; 0           ; 0            ; 0       ; 0         ; 0    ; 0            ; |scanner|caculator:inst|plus_minus_BCD:inst1|plus_minus_final:inst|plus_4:inst|plus_minus_1:inst11  ;              ;
;                |plus_minus_1:inst12| ; 1 (1)             ; 0 (0)        ; 0           ; 0            ; 0       ; 0         ; 0    ; 0            ; |scanner|caculator:inst|plus_minus_BCD:inst1|plus_minus_final:inst|plus_4:inst|plus_minus_1:inst12  ;              ;
;                |plus_minus_1:inst|   ; 1 (1)             ; 0 (0)        ; 0           ; 0            ; 0       ; 0         ; 0    ; 0            ; |scanner|caculator:inst|plus_minus_BCD:inst1|plus_minus_final:inst|plus_4:inst|plus_minus_1:inst    ;              ;
;    |scanning:inst9|                  ; 31 (31)           ; 9 (9)        ; 0           ; 0            ; 0       ; 0         ; 0    ; 0            ; |scanner|scanning:inst9                                                                             ;              ;
+--------------------------------------+-------------------+--------------+-------------+--------------+---------+-----------+------+--------------+-----------------------------------------------------------------------------------------------------+--------------+
Note: For table entries with two numbers listed, the numbers in parentheses indicate the number of resources of the given type used by the specific entity alone. The numbers listed outside of parentheses indicate the total resources of the given type used by the specific entity and all of its sub-entities in the hierarchy.


+--------------------------------------------------------------------------------+
; Registers Removed During Synthesis                                             ;
+---------------------------------------+----------------------------------------+
; Register name                         ; Reason for Removal                     ;
+---------------------------------------+----------------------------------------+
; scanning:inst9|out[7]                 ; Stuck at VCC due to stuck port data_in ;
; Total Number of Removed Registers = 1 ;                                        ;
+---------------------------------------+----------------------------------------+


+------------------------------------------------------+
; General Register Statistics                          ;
+----------------------------------------------+-------+
; Statistic                                    ; Value ;
+----------------------------------------------+-------+
; Total registers                              ; 27    ;
; Number of registers using Synchronous Clear  ; 0     ;
; Number of registers using Synchronous Load   ; 0     ;
; Number of registers using Asynchronous Clear ; 0     ;
; Number of registers using Asynchronous Load  ; 0     ;
; Number of registers using Clock Enable       ; 0     ;
; Number of registers using Preset             ; 0     ;
+----------------------------------------------+-------+


+----------------------------------------------------------------------------------------------------------------------------------------------+
; Multiplexer Restructuring Statistics (Restructuring Performed)                                                                               ;
+--------------------+-----------+---------------+----------------------+------------------------+------------+--------------------------------+
; Multiplexer Inputs ; Bus Width ; Baseline Area ; Area if Restructured ; Saving if Restructured ; Registered ; Example Multiplexer Output     ;
+--------------------+-----------+---------------+----------------------+------------------------+------------+--------------------------------+
; 4:1                ; 3 bits    ; 6 LEs         ; 6 LEs                ; 0 LEs                  ; Yes        ; |scanner|scanning:inst9|out[6] ;
; 18:1               ; 2 bits    ; 24 LEs        ; 12 LEs               ; 12 LEs                 ; Yes        ; |scanner|scanning:inst9|out[3] ;
+--------------------+-----------+---------------+----------------------+------------------------+------------+--------------------------------+


+-------------------------------+
; Elapsed Time Per Partition    ;
+----------------+--------------+
; Partition Name ; Elapsed Time ;
+----------------+--------------+
; Top            ; 00:00:08     ;
+----------------+--------------+


+-------------------------------+
; Analysis & Synthesis Messages ;
+-------------------------------+
Info: *******************************************************************
Info: Running Quartus II 64-Bit Analysis & Synthesis
    Info: Version 13.0.0 Build 156 04/24/2013 SJ Full Version
    Info: Processing started: Tue Dec 31 10:59:48 2013
Info: Command: quartus_map --read_settings_files=on --write_settings_files=off scanning -c scanning
Info (11104): Parallel Compilation has detected 4 hyper-threaded processors. However, the extra hyper-threaded processors will not be used by default. Parallel Compilation will use 2 of the 2 physical processors detected instead.
Info (12021): Found 1 design units, including 1 entities, in source file scanning_tb.v
    Info (12023): Found entity 1: scanning_tb
Info (12021): Found 1 design units, including 1 entities, in source file divider.v
    Info (12023): Found entity 1: Divider
Info (12021): Found 1 design units, including 1 entities, in source file plus_minus_final.bdf
    Info (12023): Found entity 1: plus_minus_final
Info (12021): Found 1 design units, including 1 entities, in source file plus_minus_bcd.bdf
    Info (12023): Found entity 1: plus_minus_BCD
Info (12021): Found 1 design units, including 1 entities, in source file plus_minus_1.bdf
    Info (12023): Found entity 1: plus_minus_1
Info (12021): Found 1 design units, including 1 entities, in source file plus_4.bdf
    Info (12023): Found entity 1: plus_4
Info (12021): Found 1 design units, including 1 entities, in source file nulti.bdf
    Info (12023): Found entity 1: nulti
Info (12021): Found 1 design units, including 1 entities, in source file multi_bcd.bdf
    Info (12023): Found entity 1: multi_BCD
Info (12021): Found 1 design units, including 1 entities, in source file caculator.bdf
    Info (12023): Found entity 1: caculator
Info (12021): Found 1 design units, including 1 entities, in source file 4_1_multiply.bdf
    Info (12023): Found entity 1: 4_1_multiply
Info (12021): Found 1 design units, including 1 entities, in source file 2to1.bdf
    Info (12023): Found entity 1: 2to1
Info (12021): Found 1 design units, including 1 entities, in source file scanning.v
    Info (12023): Found entity 1: scanning
Info (12021): Found 1 design units, including 1 entities, in source file scanner.bdf
    Info (12023): Found entity 1: scanner
Info (12127): Elaborating entity "scanner" for the top level hierarchy
Info (12128): Elaborating entity "caculator" for hierarchy "caculator:inst"
Warning (275011): Block or symbol "2to1" of instance "inst2" overlaps another block or symbol
Warning (275011): Block or symbol "2to1" of instance "inst4" overlaps another block or symbol
Warning (275011): Block or symbol "2to1" of instance "inst6" overlaps another block or symbol
Warning (275011): Block or symbol "2to1" of instance "inst8" overlaps another block or symbol
Warning (275011): Block or symbol "2to1" of instance "inst10" overlaps another block or symbol
Warning (275011): Block or symbol "2to1" of instance "inst11" overlaps another block or symbol
Info (12128): Elaborating entity "2to1" for hierarchy "caculator:inst|2to1:inst13"
Info (12128): Elaborating entity "plus_minus_BCD" for hierarchy "caculator:inst|plus_minus_BCD:inst1"
Info (12128): Elaborating entity "plus_minus_final" for hierarchy "caculator:inst|plus_minus_BCD:inst1|plus_minus_final:inst"
Info (12128): Elaborating entity "plus_4" for hierarchy "caculator:inst|plus_minus_BCD:inst1|plus_minus_final:inst|plus_4:inst"
Warning (275011): Block or symbol "plus_minus_1" of instance "inst" overlaps another block or symbol
Info (12128): Elaborating entity "plus_minus_1" for hierarchy "caculator:inst|plus_minus_BCD:inst1|plus_minus_final:inst|plus_4:inst|plus_minus_1:inst12"
Info (12128): Elaborating entity "74185" for hierarchy "caculator:inst|plus_minus_BCD:inst1|74185:inst1"
Info (12130): Elaborated megafunction instantiation "caculator:inst|plus_minus_BCD:inst1|74185:inst1"
Info (12128): Elaborating entity "multi_BCD" for hierarchy "caculator:inst|multi_BCD:inst"
Info (12128): Elaborating entity "nulti" for hierarchy "caculator:inst|multi_BCD:inst|nulti:inst"
Info (12128): Elaborating entity "4_1_multiply" for hierarchy "caculator:inst|multi_BCD:inst|nulti:inst|4_1_multiply:inst16"
Info (12128): Elaborating entity "scanning" for hierarchy "scanning:inst9"
Info (12128): Elaborating entity "Divider" for hierarchy "Divider:inst3"
Warning (13024): Output pins are stuck at VCC or GND
    Warning (13410): Pin "out[7]" is stuck at VCC
Info (16010): Generating hard_block partition "hard_block:auto_generated_inst"
    Info (16011): Adding 0 node(s), including 0 DDIO, 0 PLL, 0 transceiver and 0 LCELL
Info (21057): Implemented 188 device resources after synthesis - the final resource count might be different
    Info (21058): Implemented 13 input pins
    Info (21059): Implemented 11 output pins
    Info (21061): Implemented 164 logic cells
Info: Quartus II 64-Bit Analysis & Synthesis was successful. 0 errors, 9 warnings
    Info: Peak virtual memory: 465 megabytes
    Info: Processing ended: Tue Dec 31 11:00:01 2013
    Info: Elapsed time: 00:00:13
    Info: Total CPU time (on all processors): 00:00:12


