Analysis & Synthesis report for EDA1
Sun Dec 12 14:00:27 2021
Quartus II 64-Bit Version 13.0.0 Build 156 04/24/2013 SJ Full Version


---------------------
; Table of Contents ;
---------------------
  1. Legal Notice
  2. Analysis & Synthesis Summary
  3. Analysis & Synthesis Settings
  4. Parallel Compilation
  5. Analysis & Synthesis Source Files Read
  6. Analysis & Synthesis Resource Usage Summary
  7. Analysis & Synthesis Resource Utilization by Entity
  8. User-Specified and Inferred Latches
  9. General Register Statistics
 10. Multiplexer Restructuring Statistics (Restructuring Performed)
 11. Parameter Settings for User Entity Instance: calculator:inst
 12. Parameter Settings for Inferred Entity Instance: calculator:inst|lpm_mult:Mult0
 13. Parameter Settings for Inferred Entity Instance: calculator:inst|lpm_divide:Div0
 14. lpm_mult Parameter Settings by Entity Instance
 15. Elapsed Time Per Partition
 16. Analysis & Synthesis Messages



----------------
; Legal Notice ;
----------------
Copyright (C) 1991-2013 Altera Corporation
Your use of Altera Corporation's design tools, logic functions 
and other software and tools, and its AMPP partner logic 
functions, and any output files from any of the foregoing 
(including device programming or simulation files), and any 
associated documentation or information are expressly subject 
to the terms and conditions of the Altera Program License 
Subscription Agreement, Altera MegaCore Function License 
Agreement, or other applicable license agreement, including, 
without limitation, that your use is for the sole purpose of 
programming logic devices manufactured by Altera and sold by 
Altera or its authorized distributors.  Please refer to the 
applicable agreement for further details.



+----------------------------------------------------------------------------------+
; Analysis & Synthesis Summary                                                     ;
+------------------------------------+---------------------------------------------+
; Analysis & Synthesis Status        ; Successful - Sun Dec 12 14:00:27 2021       ;
; Quartus II 64-Bit Version          ; 13.0.0 Build 156 04/24/2013 SJ Full Version ;
; Revision Name                      ; EDA1                                        ;
; Top-level Entity Name              ; Block1                                      ;
; Family                             ; Cyclone III                                 ;
; Total logic elements               ; 189                                         ;
;     Total combinational functions  ; 189                                         ;
;     Dedicated logic registers      ; 17                                          ;
; Total registers                    ; 17                                          ;
; Total pins                         ; 26                                          ;
; Total virtual pins                 ; 0                                           ;
; Total memory bits                  ; 0                                           ;
; Embedded Multiplier 9-bit elements ; 0                                           ;
; Total PLLs                         ; 0                                           ;
+------------------------------------+---------------------------------------------+


+----------------------------------------------------------------------------------------------------------------------+
; Analysis & Synthesis Settings                                                                                        ;
+----------------------------------------------------------------------------+--------------------+--------------------+
; Option                                                                     ; Setting            ; Default Value      ;
+----------------------------------------------------------------------------+--------------------+--------------------+
; Device                                                                     ; EP3C16Q240C8       ;                    ;
; Top-level entity name                                                      ; Block1             ; EDA1               ;
; Family name                                                                ; Cyclone III        ; Cyclone IV GX      ;
; Use smart compilation                                                      ; Off                ; Off                ;
; Enable parallel Assembler and TimeQuest Timing Analyzer during compilation ; On                 ; On                 ;
; Enable compact report table                                                ; Off                ; Off                ;
; Restructure Multiplexers                                                   ; Auto               ; Auto               ;
; Create Debugging Nodes for IP Cores                                        ; Off                ; Off                ;
; Preserve fewer node names                                                  ; On                 ; On                 ;
; Disable OpenCore Plus hardware evaluation                                  ; Off                ; Off                ;
; Verilog Version                                                            ; Verilog_2001       ; Verilog_2001       ;
; VHDL Version                                                               ; VHDL_1993          ; VHDL_1993          ;
; State Machine Processing                                                   ; Auto               ; Auto               ;
; Safe State Machine                                                         ; Off                ; Off                ;
; Extract Verilog State Machines                                             ; On                 ; On                 ;
; Extract VHDL State Machines                                                ; On                 ; On                 ;
; Ignore Verilog initial constructs                                          ; Off                ; Off                ;
; Iteration limit for constant Verilog loops                                 ; 5000               ; 5000               ;
; Iteration limit for non-constant Verilog loops                             ; 250                ; 250                ;
; Add Pass-Through Logic to Inferred RAMs                                    ; On                 ; On                 ;
; Infer RAMs from Raw Logic                                                  ; On                 ; On                 ;
; Parallel Synthesis                                                         ; On                 ; On                 ;
; DSP Block Balancing                                                        ; Auto               ; Auto               ;
; NOT Gate Push-Back                                                         ; On                 ; On                 ;
; Power-Up Don't Care                                                        ; On                 ; On                 ;
; Remove Redundant Logic Cells                                               ; Off                ; Off                ;
; Remove Duplicate Registers                                                 ; On                 ; On                 ;
; Ignore CARRY Buffers                                                       ; Off                ; Off                ;
; Ignore CASCADE Buffers                                                     ; Off                ; Off                ;
; Ignore GLOBAL Buffers                                                      ; Off                ; Off                ;
; Ignore ROW GLOBAL Buffers                                                  ; Off                ; Off                ;
; Ignore LCELL Buffers                                                       ; Off                ; Off                ;
; Ignore SOFT Buffers                                                        ; On                 ; On                 ;
; Limit AHDL Integers to 32 Bits                                             ; Off                ; Off                ;
; Optimization Technique                                                     ; Balanced           ; Balanced           ;
; Carry Chain Length                                                         ; 70                 ; 70                 ;
; Auto Carry Chains                                                          ; On                 ; On                 ;
; Auto Open-Drain Pins                                                       ; On                 ; On                 ;
; Perform WYSIWYG Primitive Resynthesis                                      ; Off                ; Off                ;
; Auto ROM Replacement                                                       ; On                 ; On                 ;
; Auto RAM Replacement                                                       ; On                 ; On                 ;
; Auto DSP Block Replacement                                                 ; On                 ; On                 ;
; Auto Shift Register Replacement                                            ; Auto               ; Auto               ;
; Allow Shift Register Merging across Hierarchies                            ; Auto               ; Auto               ;
; Auto Clock Enable Replacement                                              ; On                 ; On                 ;
; Strict RAM Replacement                                                     ; Off                ; Off                ;
; Allow Synchronous Control Signals                                          ; On                 ; On                 ;
; Force Use of Synchronous Clear Signals                                     ; Off                ; Off                ;
; Auto RAM Block Balancing                                                   ; On                 ; On                 ;
; Auto RAM to Logic Cell Conversion                                          ; Off                ; Off                ;
; Auto Resource Sharing                                                      ; Off                ; Off                ;
; Allow Any RAM Size For Recognition                                         ; Off                ; Off                ;
; Allow Any ROM Size For Recognition                                         ; Off                ; Off                ;
; Allow Any Shift Register Size For Recognition                              ; Off                ; Off                ;
; Use LogicLock Constraints during Resource Balancing                        ; On                 ; On                 ;
; Ignore translate_off and synthesis_off directives                          ; Off                ; Off                ;
; Timing-Driven Synthesis                                                    ; On                 ; On                 ;
; Report Parameter Settings                                                  ; On                 ; On                 ;
; Report Source Assignments                                                  ; On                 ; On                 ;
; Report Connectivity Checks                                                 ; On                 ; On                 ;
; Ignore Maximum Fan-Out Assignments                                         ; Off                ; Off                ;
; Synchronization Register Chain Length                                      ; 2                  ; 2                  ;
; PowerPlay Power Optimization                                               ; Normal compilation ; Normal compilation ;
; HDL message level                                                          ; Level2             ; Level2             ;
; Suppress Register Optimization Related Messages                            ; Off                ; Off                ;
; Number of Removed Registers Reported in Synthesis Report                   ; 5000               ; 5000               ;
; Number of Swept Nodes Reported in Synthesis Report                         ; 5000               ; 5000               ;
; Number of Inverted Registers Reported in Synthesis Report                  ; 100                ; 100                ;
; Clock MUX Protection                                                       ; On                 ; On                 ;
; Auto Gated Clock Conversion                                                ; Off                ; Off                ;
; Block Design Naming                                                        ; Auto               ; Auto               ;
; SDC constraint protection                                                  ; Off                ; Off                ;
; Synthesis Effort                                                           ; Auto               ; Auto               ;
; Shift Register Replacement - Allow Asynchronous Clear Signal               ; On                 ; On                 ;
; Pre-Mapping Resynthesis Optimization                                       ; Off                ; Off                ;
; Analysis & Synthesis Message Level                                         ; Medium             ; Medium             ;
; Disable Register Merging Across Hierarchies                                ; Auto               ; Auto               ;
; Resource Aware Inference For Block RAM                                     ; On                 ; On                 ;
; Synthesis Seed                                                             ; 1                  ; 1                  ;
+----------------------------------------------------------------------------+--------------------+--------------------+


+------------------------------------------+
; Parallel Compilation                     ;
+----------------------------+-------------+
; Processors                 ; Number      ;
+----------------------------+-------------+
; Number detected on machine ; 12          ;
; Maximum allowed            ; 6           ;
;                            ;             ;
; Average used               ; 1.00        ;
; Maximum used               ; 2           ;
;                            ;             ;
; Usage by Processor         ; % Time Used ;
;     Processor 1            ; 100.0%      ;
;     Processor 2            ; < 0.1%      ;
;     Processors 3-12        ;   0.0%      ;
+----------------------------+-------------+


+------------------------------------------------------------------------------------------------------------------------------------------------------------------------------+
; Analysis & Synthesis Source Files Read                                                                                                                                       ;
+----------------------------------+-----------------+------------------------------------------+--------------------------------------------------------------------+---------+
; File Name with User-Entered Path ; Used in Netlist ; File Type                                ; File Name with Absolute Path                                       ; Library ;
+----------------------------------+-----------------+------------------------------------------+--------------------------------------------------------------------+---------+
; EDA1.v                           ; yes             ; User Verilog HDL File                    ; D:/altera/13.0/EDA1/EDA1.v                                         ;         ;
; block1.bdf                       ; yes             ; Auto-Found Block Diagram/Schematic File  ; D:/altera/13.0/EDA1/block1.bdf                                     ;         ;
; lpm_mult.tdf                     ; yes             ; Megafunction                             ; c:/altera/13.0/quartus/libraries/megafunctions/lpm_mult.tdf        ;         ;
; aglobal130.inc                   ; yes             ; Megafunction                             ; c:/altera/13.0/quartus/libraries/megafunctions/aglobal130.inc      ;         ;
; lpm_add_sub.inc                  ; yes             ; Megafunction                             ; c:/altera/13.0/quartus/libraries/megafunctions/lpm_add_sub.inc     ;         ;
; multcore.inc                     ; yes             ; Megafunction                             ; c:/altera/13.0/quartus/libraries/megafunctions/multcore.inc        ;         ;
; bypassff.inc                     ; yes             ; Megafunction                             ; c:/altera/13.0/quartus/libraries/megafunctions/bypassff.inc        ;         ;
; altshift.inc                     ; yes             ; Megafunction                             ; c:/altera/13.0/quartus/libraries/megafunctions/altshift.inc        ;         ;
; db/mult_a7t.tdf                  ; yes             ; Auto-Generated Megafunction              ; D:/altera/13.0/EDA1/db/mult_a7t.tdf                                ;         ;
; lpm_divide.tdf                   ; yes             ; Megafunction                             ; c:/altera/13.0/quartus/libraries/megafunctions/lpm_divide.tdf      ;         ;
; abs_divider.inc                  ; yes             ; Megafunction                             ; c:/altera/13.0/quartus/libraries/megafunctions/abs_divider.inc     ;         ;
; sign_div_unsign.inc              ; yes             ; Megafunction                             ; c:/altera/13.0/quartus/libraries/megafunctions/sign_div_unsign.inc ;         ;
; db/lpm_divide_6gm.tdf            ; yes             ; Auto-Generated Megafunction              ; D:/altera/13.0/EDA1/db/lpm_divide_6gm.tdf                          ;         ;
; db/sign_div_unsign_7kh.tdf       ; yes             ; Auto-Generated Megafunction              ; D:/altera/13.0/EDA1/db/sign_div_unsign_7kh.tdf                     ;         ;
; db/alt_u_div_p2f.tdf             ; yes             ; Auto-Generated Megafunction              ; D:/altera/13.0/EDA1/db/alt_u_div_p2f.tdf                           ;         ;
; db/add_sub_unc.tdf               ; yes             ; Auto-Generated Megafunction              ; D:/altera/13.0/EDA1/db/add_sub_unc.tdf                             ;         ;
; db/add_sub_vnc.tdf               ; yes             ; Auto-Generated Megafunction              ; D:/altera/13.0/EDA1/db/add_sub_vnc.tdf                             ;         ;
+----------------------------------+-----------------+------------------------------------------+--------------------------------------------------------------------+---------+


+----------------------------------------------------------+
; Analysis & Synthesis Resource Usage Summary              ;
+---------------------------------------------+------------+
; Resource                                    ; Usage      ;
+---------------------------------------------+------------+
; Estimated Total logic elements              ; 189        ;
;                                             ;            ;
; Total combinational functions               ; 189        ;
; Logic element usage by number of LUT inputs ;            ;
;     -- 4 input functions                    ; 69         ;
;     -- 3 input functions                    ; 81         ;
;     -- <=2 input functions                  ; 39         ;
;                                             ;            ;
; Logic elements by mode                      ;            ;
;     -- normal mode                          ; 142        ;
;     -- arithmetic mode                      ; 47         ;
;                                             ;            ;
; Total registers                             ; 17         ;
;     -- Dedicated logic registers            ; 17         ;
;     -- I/O registers                        ; 0          ;
;                                             ;            ;
; I/O pins                                    ; 26         ;
; Embedded Multiplier 9-bit elements          ; 0          ;
; Maximum fan-out node                        ; k[2]~input ;
; Maximum fan-out                             ; 28         ;
; Total fan-out                               ; 674        ;
; Average fan-out                             ; 2.61       ;
+---------------------------------------------+------------+


+------------------------------------------------------------------------------------------------------------------------------------------------------------------------------------------------------------------------------------------------------------------------------------------------+
; Analysis & Synthesis Resource Utilization by Entity                                                                                                                                                                                                                                            ;
+-------------------------------------------+-------------------+--------------+-------------+--------------+---------+-----------+------+--------------+-------------------------------------------------------------------------------------------------------------------------+--------------+
; Compilation Hierarchy Node                ; LC Combinationals ; LC Registers ; Memory Bits ; DSP Elements ; DSP 9x9 ; DSP 18x18 ; Pins ; Virtual Pins ; Full Hierarchy Name                                                                                                     ; Library Name ;
+-------------------------------------------+-------------------+--------------+-------------+--------------+---------+-----------+------+--------------+-------------------------------------------------------------------------------------------------------------------------+--------------+
; |Block1                                   ; 189 (0)           ; 17 (0)       ; 0           ; 0            ; 0       ; 0         ; 26   ; 0            ; |Block1                                                                                                                 ;              ;
;    |calculator:inst|                      ; 189 (141)         ; 17 (17)      ; 0           ; 0            ; 0       ; 0         ; 0    ; 0            ; |Block1|calculator:inst                                                                                                 ;              ;
;       |lpm_divide:Div0|                   ; 18 (0)            ; 0 (0)        ; 0           ; 0            ; 0       ; 0         ; 0    ; 0            ; |Block1|calculator:inst|lpm_divide:Div0                                                                                 ;              ;
;          |lpm_divide_6gm:auto_generated|  ; 18 (0)            ; 0 (0)        ; 0           ; 0            ; 0       ; 0         ; 0    ; 0            ; |Block1|calculator:inst|lpm_divide:Div0|lpm_divide_6gm:auto_generated                                                   ;              ;
;             |sign_div_unsign_7kh:divider| ; 18 (0)            ; 0 (0)        ; 0           ; 0            ; 0       ; 0         ; 0    ; 0            ; |Block1|calculator:inst|lpm_divide:Div0|lpm_divide_6gm:auto_generated|sign_div_unsign_7kh:divider                       ;              ;
;                |alt_u_div_p2f:divider|    ; 18 (18)           ; 0 (0)        ; 0           ; 0            ; 0       ; 0         ; 0    ; 0            ; |Block1|calculator:inst|lpm_divide:Div0|lpm_divide_6gm:auto_generated|sign_div_unsign_7kh:divider|alt_u_div_p2f:divider ;              ;
;       |lpm_mult:Mult0|                    ; 30 (0)            ; 0 (0)        ; 0           ; 0            ; 0       ; 0         ; 0    ; 0            ; |Block1|calculator:inst|lpm_mult:Mult0                                                                                  ;              ;
;          |mult_a7t:auto_generated|        ; 30 (30)           ; 0 (0)        ; 0           ; 0            ; 0       ; 0         ; 0    ; 0            ; |Block1|calculator:inst|lpm_mult:Mult0|mult_a7t:auto_generated                                                          ;              ;
+-------------------------------------------+-------------------+--------------+-------------+--------------+---------+-----------+------+--------------+-------------------------------------------------------------------------------------------------------------------------+--------------+
Note: For table entries with two numbers listed, the numbers in parentheses indicate the number of resources of the given type used by the specific entity alone. The numbers listed outside of parentheses indicate the total resources of the given type used by the specific entity and all of its sub-entities in the hierarchy.


+-------------------------------------------------------------------------------------------------------+
; User-Specified and Inferred Latches                                                                   ;
+-----------------------------------------------------+------------------------+------------------------+
; Latch Name                                          ; Latch Enable Signal    ; Free of Timing Hazards ;
+-----------------------------------------------------+------------------------+------------------------+
; calculator:inst|out[8]                              ; calculator:inst|out[0] ; yes                    ;
; calculator:inst|en[5]                               ; calculator:inst|Mux27  ; yes                    ;
; calculator:inst|en[3]                               ; calculator:inst|Mux27  ; yes                    ;
; calculator:inst|en[2]                               ; calculator:inst|Mux27  ; yes                    ;
; calculator:inst|en[1]                               ; calculator:inst|Mux27  ; yes                    ;
; calculator:inst|en[0]                               ; calculator:inst|Mux27  ; yes                    ;
; calculator:inst|light[6]                            ; calculator:inst|Mux9   ; yes                    ;
; calculator:inst|light[5]                            ; calculator:inst|Mux9   ; yes                    ;
; calculator:inst|light[4]                            ; calculator:inst|Mux9   ; yes                    ;
; calculator:inst|light[3]                            ; calculator:inst|Mux9   ; yes                    ;
; calculator:inst|light[2]                            ; calculator:inst|Mux9   ; yes                    ;
; calculator:inst|light[1]                            ; calculator:inst|Mux9   ; yes                    ;
; calculator:inst|light[0]                            ; calculator:inst|Mux9   ; yes                    ;
; calculator:inst|out[7]                              ; calculator:inst|out[0] ; yes                    ;
; calculator:inst|out[6]                              ; calculator:inst|out[0] ; yes                    ;
; calculator:inst|out[5]                              ; calculator:inst|out[0] ; yes                    ;
; calculator:inst|out[4]                              ; calculator:inst|out[0] ; yes                    ;
; calculator:inst|out[3]                              ; calculator:inst|out[0] ; yes                    ;
; calculator:inst|out[2]                              ; calculator:inst|out[0] ; yes                    ;
; calculator:inst|out[1]                              ; calculator:inst|out[0] ; yes                    ;
; calculator:inst|out[0]                              ; calculator:inst|out[0] ; yes                    ;
; calculator:inst|data[4]                             ; calculator:inst|Mux27  ; yes                    ;
; calculator:inst|data[0]                             ; calculator:inst|Mux27  ; yes                    ;
; calculator:inst|data[1]                             ; calculator:inst|Mux27  ; yes                    ;
; calculator:inst|data[2]                             ; calculator:inst|Mux27  ; yes                    ;
; calculator:inst|data[3]                             ; calculator:inst|Mux27  ; yes                    ;
; Number of user-specified and inferred latches = 26  ;                        ;                        ;
+-----------------------------------------------------+------------------------+------------------------+
Note: All latches listed above may not be present at the end of synthesis due to various synthesis optimizations.


+------------------------------------------------------+
; General Register Statistics                          ;
+----------------------------------------------+-------+
; Statistic                                    ; Value ;
+----------------------------------------------+-------+
; Total registers                              ; 17    ;
; Number of registers using Synchronous Clear  ; 13    ;
; Number of registers using Synchronous Load   ; 0     ;
; Number of registers using Asynchronous Clear ; 0     ;
; Number of registers using Asynchronous Load  ; 0     ;
; Number of registers using Clock Enable       ; 0     ;
; Number of registers using Preset             ; 0     ;
+----------------------------------------------+-------+


+----------------------------------------------------------------------------------------------------------------------------------------------+
; Multiplexer Restructuring Statistics (Restructuring Performed)                                                                               ;
+--------------------+-----------+---------------+----------------------+------------------------+------------+--------------------------------+
; Multiplexer Inputs ; Bus Width ; Baseline Area ; Area if Restructured ; Saving if Restructured ; Registered ; Example Multiplexer Output     ;
+--------------------+-----------+---------------+----------------------+------------------------+------------+--------------------------------+
; 3:1                ; 3 bits    ; 6 LEs         ; 6 LEs                ; 0 LEs                  ; No         ; |Block1|calculator:inst|Mux0   ;
; 4:1                ; 5 bits    ; 10 LEs        ; 10 LEs               ; 0 LEs                  ; No         ; |Block1|calculator:inst|Mux3   ;
; 4:1                ; 4 bits    ; 8 LEs         ; 8 LEs                ; 0 LEs                  ; No         ; |Block1|calculator:inst|Mux5   ;
; 4:1                ; 4 bits    ; 8 LEs         ; 8 LEs                ; 0 LEs                  ; No         ; |Block1|calculator:inst|Mux8   ;
; 5:1                ; 3 bits    ; 9 LEs         ; 9 LEs                ; 0 LEs                  ; No         ; |Block1|calculator:inst|Mux20  ;
; 3:1                ; 5 bits    ; 10 LEs        ; 10 LEs               ; 0 LEs                  ; No         ; |Block1|calculator:inst|out[6] ;
; 3:1                ; 4 bits    ; 8 LEs         ; 8 LEs                ; 0 LEs                  ; No         ; |Block1|calculator:inst|out[3] ;
+--------------------+-----------+---------------+----------------------+------------------------+------------+--------------------------------+


+--------------------------------------------------------------+
; Parameter Settings for User Entity Instance: calculator:inst ;
+----------------+---------------+-----------------------------+
; Parameter Name ; Value         ; Type                        ;
+----------------+---------------+-----------------------------+
; MAX_NUM        ; 1001110001000 ; Unsigned Binary             ;
+----------------+---------------+-----------------------------+
Note: In order to hide this table in the UI and the text report file, please set the "Show Parameter Settings in Synthesis Report" option in "Analysis and Synthesis Settings -> More Settings" to "Off".


+------------------------------------------------------------------------------------+
; Parameter Settings for Inferred Entity Instance: calculator:inst|lpm_mult:Mult0    ;
+------------------------------------------------+-------------+---------------------+
; Parameter Name                                 ; Value       ; Type                ;
+------------------------------------------------+-------------+---------------------+
; AUTO_CARRY_CHAINS                              ; ON          ; AUTO_CARRY          ;
; IGNORE_CARRY_BUFFERS                           ; OFF         ; IGNORE_CARRY        ;
; AUTO_CASCADE_CHAINS                            ; ON          ; AUTO_CASCADE        ;
; IGNORE_CASCADE_BUFFERS                         ; OFF         ; IGNORE_CASCADE      ;
; LPM_WIDTHA                                     ; 4           ; Untyped             ;
; LPM_WIDTHB                                     ; 4           ; Untyped             ;
; LPM_WIDTHP                                     ; 8           ; Untyped             ;
; LPM_WIDTHR                                     ; 8           ; Untyped             ;
; LPM_WIDTHS                                     ; 1           ; Untyped             ;
; LPM_REPRESENTATION                             ; UNSIGNED    ; Untyped             ;
; LPM_PIPELINE                                   ; 0           ; Untyped             ;
; LATENCY                                        ; 0           ; Untyped             ;
; INPUT_A_IS_CONSTANT                            ; NO          ; Untyped             ;
; INPUT_B_IS_CONSTANT                            ; NO          ; Untyped             ;
; USE_EAB                                        ; OFF         ; Untyped             ;
; MAXIMIZE_SPEED                                 ; 5           ; Untyped             ;
; DEVICE_FAMILY                                  ; Cyclone III ; Untyped             ;
; CARRY_CHAIN                                    ; MANUAL      ; Untyped             ;
; APEX20K_TECHNOLOGY_MAPPER                      ; LUT         ; TECH_MAPPER_APEX20K ;
; DEDICATED_MULTIPLIER_CIRCUITRY                 ; AUTO        ; Untyped             ;
; DEDICATED_MULTIPLIER_MIN_INPUT_WIDTH_FOR_AUTO  ; 0           ; Untyped             ;
; DEDICATED_MULTIPLIER_MIN_OUTPUT_WIDTH_FOR_AUTO ; 0           ; Untyped             ;
; CBXI_PARAMETER                                 ; mult_a7t    ; Untyped             ;
; INPUT_A_FIXED_VALUE                            ; Bx          ; Untyped             ;
; INPUT_B_FIXED_VALUE                            ; Bx          ; Untyped             ;
; USE_AHDL_IMPLEMENTATION                        ; OFF         ; Untyped             ;
+------------------------------------------------+-------------+---------------------+
Note: In order to hide this table in the UI and the text report file, please set the "Show Parameter Settings in Synthesis Report" option in "Analysis and Synthesis Settings -> More Settings" to "Off".


+----------------------------------------------------------------------------------+
; Parameter Settings for Inferred Entity Instance: calculator:inst|lpm_divide:Div0 ;
+------------------------+----------------+----------------------------------------+
; Parameter Name         ; Value          ; Type                                   ;
+------------------------+----------------+----------------------------------------+
; LPM_WIDTHN             ; 4              ; Untyped                                ;
; LPM_WIDTHD             ; 4              ; Untyped                                ;
; LPM_NREPRESENTATION    ; UNSIGNED       ; Untyped                                ;
; LPM_DREPRESENTATION    ; UNSIGNED       ; Untyped                                ;
; LPM_PIPELINE           ; 0              ; Untyped                                ;
; LPM_REMAINDERPOSITIVE  ; TRUE           ; Untyped                                ;
; MAXIMIZE_SPEED         ; 5              ; Untyped                                ;
; CBXI_PARAMETER         ; lpm_divide_6gm ; Untyped                                ;
; CARRY_CHAIN            ; MANUAL         ; Untyped                                ;
; OPTIMIZE_FOR_SPEED     ; 5              ; Untyped                                ;
; AUTO_CARRY_CHAINS      ; ON             ; AUTO_CARRY                             ;
; IGNORE_CARRY_BUFFERS   ; OFF            ; IGNORE_CARRY                           ;
; AUTO_CASCADE_CHAINS    ; ON             ; AUTO_CASCADE                           ;
; IGNORE_CASCADE_BUFFERS ; OFF            ; IGNORE_CASCADE                         ;
+------------------------+----------------+----------------------------------------+
Note: In order to hide this table in the UI and the text report file, please set the "Show Parameter Settings in Synthesis Report" option in "Analysis and Synthesis Settings -> More Settings" to "Off".


+------------------------------------------------------------------------+
; lpm_mult Parameter Settings by Entity Instance                         ;
+---------------------------------------+--------------------------------+
; Name                                  ; Value                          ;
+---------------------------------------+--------------------------------+
; Number of entity instances            ; 1                              ;
; Entity Instance                       ; calculator:inst|lpm_mult:Mult0 ;
;     -- LPM_WIDTHA                     ; 4                              ;
;     -- LPM_WIDTHB                     ; 4                              ;
;     -- LPM_WIDTHP                     ; 8                              ;
;     -- LPM_REPRESENTATION             ; UNSIGNED                       ;
;     -- INPUT_A_IS_CONSTANT            ; NO                             ;
;     -- INPUT_B_IS_CONSTANT            ; NO                             ;
;     -- USE_EAB                        ; OFF                            ;
;     -- DEDICATED_MULTIPLIER_CIRCUITRY ; AUTO                           ;
;     -- INPUT_A_FIXED_VALUE            ; Bx                             ;
;     -- INPUT_B_FIXED_VALUE            ; Bx                             ;
+---------------------------------------+--------------------------------+


+-------------------------------+
; Elapsed Time Per Partition    ;
+----------------+--------------+
; Partition Name ; Elapsed Time ;
+----------------+--------------+
; Top            ; 00:00:00     ;
+----------------+--------------+


+-------------------------------+
; Analysis & Synthesis Messages ;
+-------------------------------+
Info: *******************************************************************
Info: Running Quartus II 64-Bit Analysis & Synthesis
    Info: Version 13.0.0 Build 156 04/24/2013 SJ Full Version
    Info: Processing started: Sun Dec 12 14:00:25 2021
Info: Command: quartus_map --read_settings_files=on --write_settings_files=off EDA1 -c EDA1
Info (11104): Parallel Compilation has detected 12 hyper-threaded processors. However, the extra hyper-threaded processors will not be used by default. Parallel Compilation will use 6 of the 6 physical processors detected instead.
Info (12021): Found 1 design units, including 1 entities, in source file eda1.v
    Info (12023): Found entity 1: calculator
Warning (12125): Using design file block1.bdf, which is not specified as a design file for the current project, but contains definitions for 1 design units and 1 entities in project
    Info (12023): Found entity 1: Block1
Info (12127): Elaborating entity "Block1" for the top level hierarchy
Info (12128): Elaborating entity "calculator" for hierarchy "calculator:inst"
Warning (10235): Verilog HDL Always Construct warning at EDA1.v(22): variable "a" is read inside the Always Construct but isn't in the Always Construct's Event Control
Warning (10235): Verilog HDL Always Construct warning at EDA1.v(22): variable "b" is read inside the Always Construct but isn't in the Always Construct's Event Control
Warning (10235): Verilog HDL Always Construct warning at EDA1.v(23): variable "a" is read inside the Always Construct but isn't in the Always Construct's Event Control
Warning (10235): Verilog HDL Always Construct warning at EDA1.v(23): variable "b" is read inside the Always Construct but isn't in the Always Construct's Event Control
Warning (10235): Verilog HDL Always Construct warning at EDA1.v(24): variable "a" is read inside the Always Construct but isn't in the Always Construct's Event Control
Warning (10235): Verilog HDL Always Construct warning at EDA1.v(24): variable "b" is read inside the Always Construct but isn't in the Always Construct's Event Control
Warning (10235): Verilog HDL Always Construct warning at EDA1.v(25): variable "a" is read inside the Always Construct but isn't in the Always Construct's Event Control
Warning (10235): Verilog HDL Always Construct warning at EDA1.v(25): variable "b" is read inside the Always Construct but isn't in the Always Construct's Event Control
Warning (10270): Verilog HDL Case Statement warning at EDA1.v(20): incomplete case statement has no default case item
Warning (10230): Verilog HDL assignment warning at EDA1.v(29): truncated value with size 32 to match size of target (9)
Warning (10240): Verilog HDL Always Construct warning at EDA1.v(18): inferring latch(es) for variable "out", which holds its previous value in one or more paths through the always construct
Warning (10235): Verilog HDL Always Construct warning at EDA1.v(48): variable "data0" is read inside the Always Construct but isn't in the Always Construct's Event Control
Warning (10235): Verilog HDL Always Construct warning at EDA1.v(52): variable "data1" is read inside the Always Construct but isn't in the Always Construct's Event Control
Warning (10235): Verilog HDL Always Construct warning at EDA1.v(56): variable "data2" is read inside the Always Construct but isn't in the Always Construct's Event Control
Warning (10235): Verilog HDL Always Construct warning at EDA1.v(60): variable "minus" is read inside the Always Construct but isn't in the Always Construct's Event Control
Warning (10235): Verilog HDL Always Construct warning at EDA1.v(64): variable "a" is read inside the Always Construct but isn't in the Always Construct's Event Control
Warning (10270): Verilog HDL Case Statement warning at EDA1.v(45): incomplete case statement has no default case item
Warning (10240): Verilog HDL Always Construct warning at EDA1.v(44): inferring latch(es) for variable "en", which holds its previous value in one or more paths through the always construct
Warning (10240): Verilog HDL Always Construct warning at EDA1.v(44): inferring latch(es) for variable "data", which holds its previous value in one or more paths through the always construct
Warning (10270): Verilog HDL Case Statement warning at EDA1.v(103): incomplete case statement has no default case item
Warning (10240): Verilog HDL Always Construct warning at EDA1.v(101): inferring latch(es) for variable "light", which holds its previous value in one or more paths through the always construct
Info (10041): Inferred latch for "light[0]" at EDA1.v(101)
Info (10041): Inferred latch for "light[1]" at EDA1.v(101)
Info (10041): Inferred latch for "light[2]" at EDA1.v(101)
Info (10041): Inferred latch for "light[3]" at EDA1.v(101)
Info (10041): Inferred latch for "light[4]" at EDA1.v(101)
Info (10041): Inferred latch for "light[5]" at EDA1.v(101)
Info (10041): Inferred latch for "light[6]" at EDA1.v(101)
Info (10041): Inferred latch for "data[0]" at EDA1.v(44)
Info (10041): Inferred latch for "data[1]" at EDA1.v(44)
Info (10041): Inferred latch for "data[2]" at EDA1.v(44)
Info (10041): Inferred latch for "data[3]" at EDA1.v(44)
Info (10041): Inferred latch for "data[4]" at EDA1.v(44)
Info (10041): Inferred latch for "en[0]" at EDA1.v(44)
Info (10041): Inferred latch for "en[1]" at EDA1.v(44)
Info (10041): Inferred latch for "en[2]" at EDA1.v(44)
Info (10041): Inferred latch for "en[3]" at EDA1.v(44)
Info (10041): Inferred latch for "en[4]" at EDA1.v(44)
Info (10041): Inferred latch for "en[5]" at EDA1.v(44)
Info (10041): Inferred latch for "out[0]" at EDA1.v(18)
Info (10041): Inferred latch for "out[1]" at EDA1.v(18)
Info (10041): Inferred latch for "out[2]" at EDA1.v(18)
Info (10041): Inferred latch for "out[3]" at EDA1.v(18)
Info (10041): Inferred latch for "out[4]" at EDA1.v(18)
Info (10041): Inferred latch for "out[5]" at EDA1.v(18)
Info (10041): Inferred latch for "out[6]" at EDA1.v(18)
Info (10041): Inferred latch for "out[7]" at EDA1.v(18)
Info (10041): Inferred latch for "out[8]" at EDA1.v(18)
Info (278001): Inferred 2 megafunctions from design logic
    Info (278003): Inferred multiplier megafunction ("lpm_mult") from the following logic: "calculator:inst|Mult0"
    Info (278004): Inferred divider/modulo megafunction ("lpm_divide") from the following logic: "calculator:inst|Div0"
Info (12130): Elaborated megafunction instantiation "calculator:inst|lpm_mult:Mult0"
Info (12133): Instantiated megafunction "calculator:inst|lpm_mult:Mult0" with the following parameter:
    Info (12134): Parameter "LPM_WIDTHA" = "4"
    Info (12134): Parameter "LPM_WIDTHB" = "4"
    Info (12134): Parameter "LPM_WIDTHP" = "8"
    Info (12134): Parameter "LPM_WIDTHR" = "8"
    Info (12134): Parameter "LPM_WIDTHS" = "1"
    Info (12134): Parameter "LPM_REPRESENTATION" = "UNSIGNED"
    Info (12134): Parameter "INPUT_A_IS_CONSTANT" = "NO"
    Info (12134): Parameter "INPUT_B_IS_CONSTANT" = "NO"
    Info (12134): Parameter "MAXIMIZE_SPEED" = "5"
Info (12021): Found 1 design units, including 1 entities, in source file db/mult_a7t.tdf
    Info (12023): Found entity 1: mult_a7t
Info (12130): Elaborated megafunction instantiation "calculator:inst|lpm_divide:Div0"
Info (12133): Instantiated megafunction "calculator:inst|lpm_divide:Div0" with the following parameter:
    Info (12134): Parameter "LPM_WIDTHN" = "4"
    Info (12134): Parameter "LPM_WIDTHD" = "4"
    Info (12134): Parameter "LPM_NREPRESENTATION" = "UNSIGNED"
    Info (12134): Parameter "LPM_DREPRESENTATION" = "UNSIGNED"
Info (12021): Found 1 design units, including 1 entities, in source file db/lpm_divide_6gm.tdf
    Info (12023): Found entity 1: lpm_divide_6gm
Info (12021): Found 1 design units, including 1 entities, in source file db/sign_div_unsign_7kh.tdf
    Info (12023): Found entity 1: sign_div_unsign_7kh
Info (12021): Found 1 design units, including 1 entities, in source file db/alt_u_div_p2f.tdf
    Info (12023): Found entity 1: alt_u_div_p2f
Info (12021): Found 1 design units, including 1 entities, in source file db/add_sub_unc.tdf
    Info (12023): Found entity 1: add_sub_unc
Info (12021): Found 1 design units, including 1 entities, in source file db/add_sub_vnc.tdf
    Info (12023): Found entity 1: add_sub_vnc
Warning (14284): Synthesized away the following node(s):
    Warning (14285): Synthesized away the following LCELL buffer node(s):
        Warning (14320): Synthesized away node "calculator:inst|lpm_mult:Mult0|mult_a7t:auto_generated|le5a[4]"
Info (13014): Ignored 48 buffer(s)
    Info (13016): Ignored 4 CARRY_SUM buffer(s)
    Info (13019): Ignored 44 SOFT buffer(s)
Warning (13012): Latch calculator:inst|out[8] has unsafe behavior
    Warning (13013): Ports D and ENA on the latch are fed by the same signal k[2]
Warning (13012): Latch calculator:inst|en[5] has unsafe behavior
    Warning (13013): Ports D and ENA on the latch are fed by the same signal calculator:inst|cnt_sel[2]
Warning (13012): Latch calculator:inst|en[3] has unsafe behavior
    Warning (13013): Ports D and ENA on the latch are fed by the same signal calculator:inst|cnt_sel[1]
Warning (13012): Latch calculator:inst|en[2] has unsafe behavior
    Warning (13013): Ports D and ENA on the latch are fed by the same signal calculator:inst|cnt_sel[1]
Warning (13012): Latch calculator:inst|en[1] has unsafe behavior
    Warning (13013): Ports D and ENA on the latch are fed by the same signal calculator:inst|cnt_sel[1]
Warning (13012): Latch calculator:inst|en[0] has unsafe behavior
    Warning (13013): Ports D and ENA on the latch are fed by the same signal calculator:inst|cnt_sel[2]
Warning (13012): Latch calculator:inst|light[6] has unsafe behavior
    Warning (13013): Ports D and ENA on the latch are fed by the same signal calculator:inst|data[4]
Warning (13012): Latch calculator:inst|light[5] has unsafe behavior
    Warning (13013): Ports D and ENA on the latch are fed by the same signal calculator:inst|data[1]
Warning (13012): Latch calculator:inst|light[4] has unsafe behavior
    Warning (13013): Ports D and ENA on the latch are fed by the same signal calculator:inst|data[1]
Warning (13012): Latch calculator:inst|light[3] has unsafe behavior
    Warning (13013): Ports D and ENA on the latch are fed by the same signal calculator:inst|data[4]
Warning (13012): Latch calculator:inst|light[2] has unsafe behavior
    Warning (13013): Ports D and ENA on the latch are fed by the same signal calculator:inst|data[4]
Warning (13012): Latch calculator:inst|light[1] has unsafe behavior
    Warning (13013): Ports D and ENA on the latch are fed by the same signal calculator:inst|data[4]
Warning (13012): Latch calculator:inst|light[0] has unsafe behavior
    Warning (13013): Ports D and ENA on the latch are fed by the same signal calculator:inst|data[4]
Warning (13012): Latch calculator:inst|out[7] has unsafe behavior
    Warning (13013): Ports D and ENA on the latch are fed by the same signal k[0]
Warning (13012): Latch calculator:inst|out[6] has unsafe behavior
    Warning (13013): Ports D and ENA on the latch are fed by the same signal k[0]
Warning (13012): Latch calculator:inst|out[5] has unsafe behavior
    Warning (13013): Ports D and ENA on the latch are fed by the same signal k[0]
Warning (13012): Latch calculator:inst|out[4] has unsafe behavior
    Warning (13013): Ports D and ENA on the latch are fed by the same signal k[2]
Warning (13012): Latch calculator:inst|out[3] has unsafe behavior
    Warning (13013): Ports D and ENA on the latch are fed by the same signal k[2]
Warning (13012): Latch calculator:inst|out[2] has unsafe behavior
    Warning (13013): Ports D and ENA on the latch are fed by the same signal k[2]
Warning (13012): Latch calculator:inst|out[1] has unsafe behavior
    Warning (13013): Ports D and ENA on the latch are fed by the same signal k[2]
Warning (13012): Latch calculator:inst|out[0] has unsafe behavior
    Warning (13013): Ports D and ENA on the latch are fed by the same signal k[2]
Warning (13012): Latch calculator:inst|data[4] has unsafe behavior
    Warning (13013): Ports D and ENA on the latch are fed by the same signal calculator:inst|cnt_sel[1]
Warning (13012): Latch calculator:inst|data[0] has unsafe behavior
    Warning (13013): Ports D and ENA on the latch are fed by the same signal calculator:inst|cnt_sel[2]
Warning (13012): Latch calculator:inst|data[1] has unsafe behavior
    Warning (13013): Ports D and ENA on the latch are fed by the same signal calculator:inst|cnt_sel[2]
Warning (13012): Latch calculator:inst|data[2] has unsafe behavior
    Warning (13013): Ports D and ENA on the latch are fed by the same signal calculator:inst|cnt_sel[2]
Warning (13012): Latch calculator:inst|data[3] has unsafe behavior
    Warning (13013): Ports D and ENA on the latch are fed by the same signal calculator:inst|cnt_sel[2]
Warning (13024): Output pins are stuck at VCC or GND
    Warning (13410): Pin "en[4]" is stuck at VCC
Info (286030): Timing-Driven Synthesis is running
Info (16010): Generating hard_block partition "hard_block:auto_generated_inst"
    Info (16011): Adding 0 node(s), including 0 DDIO, 0 PLL, 0 transceiver and 0 LCELL
Info (21057): Implemented 216 device resources after synthesis - the final resource count might be different
    Info (21058): Implemented 12 input pins
    Info (21059): Implemented 14 output pins
    Info (21061): Implemented 190 logic cells
Info: Quartus II 64-Bit Analysis & Synthesis was successful. 0 errors, 89 warnings
    Info: Peak virtual memory: 4616 megabytes
    Info: Processing ended: Sun Dec 12 14:00:27 2021
    Info: Elapsed time: 00:00:02
    Info: Total CPU time (on all processors): 00:00:02


