Analysis & Synthesis report for EDA2
Wed Dec 15 11:26:55 2021
Quartus II 64-Bit Version 13.0.0 Build 156 04/24/2013 SJ Full Version


---------------------
; Table of Contents ;
---------------------
  1. Legal Notice
  2. Analysis & Synthesis Summary
  3. Analysis & Synthesis Settings
  4. Parallel Compilation
  5. Analysis & Synthesis Source Files Read
  6. Analysis & Synthesis Resource Usage Summary
  7. Analysis & Synthesis Resource Utilization by Entity
  8. State Machine - |Block1|vending_machine:inst|state
  9. User-Specified and Inferred Latches
 10. Registers Removed During Synthesis
 11. General Register Statistics
 12. Multiplexer Restructuring Statistics (Restructuring Performed)
 13. Parameter Settings for User Entity Instance: vending_machine:inst
 14. Parameter Settings for Inferred Entity Instance: vending_machine:inst|lpm_divide:Div1
 15. Parameter Settings for Inferred Entity Instance: vending_machine:inst|lpm_divide:Mod2
 16. Parameter Settings for Inferred Entity Instance: vending_machine:inst|lpm_divide:Mod0
 17. Parameter Settings for Inferred Entity Instance: vending_machine:inst|lpm_divide:Div0
 18. Parameter Settings for Inferred Entity Instance: vending_machine:inst|lpm_divide:Mod1
 19. Elapsed Time Per Partition
 20. Analysis & Synthesis Messages



----------------
; Legal Notice ;
----------------
Copyright (C) 1991-2013 Altera Corporation
Your use of Altera Corporation's design tools, logic functions 
and other software and tools, and its AMPP partner logic 
functions, and any output files from any of the foregoing 
(including device programming or simulation files), and any 
associated documentation or information are expressly subject 
to the terms and conditions of the Altera Program License 
Subscription Agreement, Altera MegaCore Function License 
Agreement, or other applicable license agreement, including, 
without limitation, that your use is for the sole purpose of 
programming logic devices manufactured by Altera and sold by 
Altera or its authorized distributors.  Please refer to the 
applicable agreement for further details.



+----------------------------------------------------------------------------------+
; Analysis & Synthesis Summary                                                     ;
+------------------------------------+---------------------------------------------+
; Analysis & Synthesis Status        ; Successful - Wed Dec 15 11:26:55 2021       ;
; Quartus II 64-Bit Version          ; 13.0.0 Build 156 04/24/2013 SJ Full Version ;
; Revision Name                      ; EDA2                                        ;
; Top-level Entity Name              ; Block1                                      ;
; Family                             ; Cyclone III                                 ;
; Total logic elements               ; 610                                         ;
;     Total combinational functions  ; 606                                         ;
;     Dedicated logic registers      ; 67                                          ;
; Total registers                    ; 67                                          ;
; Total pins                         ; 26                                          ;
; Total virtual pins                 ; 0                                           ;
; Total memory bits                  ; 0                                           ;
; Embedded Multiplier 9-bit elements ; 0                                           ;
; Total PLLs                         ; 0                                           ;
+------------------------------------+---------------------------------------------+


+----------------------------------------------------------------------------------------------------------------------+
; Analysis & Synthesis Settings                                                                                        ;
+----------------------------------------------------------------------------+--------------------+--------------------+
; Option                                                                     ; Setting            ; Default Value      ;
+----------------------------------------------------------------------------+--------------------+--------------------+
; Device                                                                     ; EP3C16Q240C8       ;                    ;
; Top-level entity name                                                      ; Block1             ; EDA2               ;
; Family name                                                                ; Cyclone III        ; Cyclone IV GX      ;
; Use smart compilation                                                      ; Off                ; Off                ;
; Enable parallel Assembler and TimeQuest Timing Analyzer during compilation ; On                 ; On                 ;
; Enable compact report table                                                ; Off                ; Off                ;
; Restructure Multiplexers                                                   ; Auto               ; Auto               ;
; Create Debugging Nodes for IP Cores                                        ; Off                ; Off                ;
; Preserve fewer node names                                                  ; On                 ; On                 ;
; Disable OpenCore Plus hardware evaluation                                  ; Off                ; Off                ;
; Verilog Version                                                            ; Verilog_2001       ; Verilog_2001       ;
; VHDL Version                                                               ; VHDL_1993          ; VHDL_1993          ;
; State Machine Processing                                                   ; Auto               ; Auto               ;
; Safe State Machine                                                         ; Off                ; Off                ;
; Extract Verilog State Machines                                             ; On                 ; On                 ;
; Extract VHDL State Machines                                                ; On                 ; On                 ;
; Ignore Verilog initial constructs                                          ; Off                ; Off                ;
; Iteration limit for constant Verilog loops                                 ; 5000               ; 5000               ;
; Iteration limit for non-constant Verilog loops                             ; 250                ; 250                ;
; Add Pass-Through Logic to Inferred RAMs                                    ; On                 ; On                 ;
; Infer RAMs from Raw Logic                                                  ; On                 ; On                 ;
; Parallel Synthesis                                                         ; On                 ; On                 ;
; DSP Block Balancing                                                        ; Auto               ; Auto               ;
; NOT Gate Push-Back                                                         ; On                 ; On                 ;
; Power-Up Don't Care                                                        ; On                 ; On                 ;
; Remove Redundant Logic Cells                                               ; Off                ; Off                ;
; Remove Duplicate Registers                                                 ; On                 ; On                 ;
; Ignore CARRY Buffers                                                       ; Off                ; Off                ;
; Ignore CASCADE Buffers                                                     ; Off                ; Off                ;
; Ignore GLOBAL Buffers                                                      ; Off                ; Off                ;
; Ignore ROW GLOBAL Buffers                                                  ; Off                ; Off                ;
; Ignore LCELL Buffers                                                       ; Off                ; Off                ;
; Ignore SOFT Buffers                                                        ; On                 ; On                 ;
; Limit AHDL Integers to 32 Bits                                             ; Off                ; Off                ;
; Optimization Technique                                                     ; Balanced           ; Balanced           ;
; Carry Chain Length                                                         ; 70                 ; 70                 ;
; Auto Carry Chains                                                          ; On                 ; On                 ;
; Auto Open-Drain Pins                                                       ; On                 ; On                 ;
; Perform WYSIWYG Primitive Resynthesis                                      ; Off                ; Off                ;
; Auto ROM Replacement                                                       ; On                 ; On                 ;
; Auto RAM Replacement                                                       ; On                 ; On                 ;
; Auto DSP Block Replacement                                                 ; On                 ; On                 ;
; Auto Shift Register Replacement                                            ; Auto               ; Auto               ;
; Allow Shift Register Merging across Hierarchies                            ; Auto               ; Auto               ;
; Auto Clock Enable Replacement                                              ; On                 ; On                 ;
; Strict RAM Replacement                                                     ; Off                ; Off                ;
; Allow Synchronous Control Signals                                          ; On                 ; On                 ;
; Force Use of Synchronous Clear Signals                                     ; Off                ; Off                ;
; Auto RAM Block Balancing                                                   ; On                 ; On                 ;
; Auto RAM to Logic Cell Conversion                                          ; Off                ; Off                ;
; Auto Resource Sharing                                                      ; Off                ; Off                ;
; Allow Any RAM Size For Recognition                                         ; Off                ; Off                ;
; Allow Any ROM Size For Recognition                                         ; Off                ; Off                ;
; Allow Any Shift Register Size For Recognition                              ; Off                ; Off                ;
; Use LogicLock Constraints during Resource Balancing                        ; On                 ; On                 ;
; Ignore translate_off and synthesis_off directives                          ; Off                ; Off                ;
; Timing-Driven Synthesis                                                    ; On                 ; On                 ;
; Report Parameter Settings                                                  ; On                 ; On                 ;
; Report Source Assignments                                                  ; On                 ; On                 ;
; Report Connectivity Checks                                                 ; On                 ; On                 ;
; Ignore Maximum Fan-Out Assignments                                         ; Off                ; Off                ;
; Synchronization Register Chain Length                                      ; 2                  ; 2                  ;
; PowerPlay Power Optimization                                               ; Normal compilation ; Normal compilation ;
; HDL message level                                                          ; Level2             ; Level2             ;
; Suppress Register Optimization Related Messages                            ; Off                ; Off                ;
; Number of Removed Registers Reported in Synthesis Report                   ; 5000               ; 5000               ;
; Number of Swept Nodes Reported in Synthesis Report                         ; 5000               ; 5000               ;
; Number of Inverted Registers Reported in Synthesis Report                  ; 100                ; 100                ;
; Clock MUX Protection                                                       ; On                 ; On                 ;
; Auto Gated Clock Conversion                                                ; Off                ; Off                ;
; Block Design Naming                                                        ; Auto               ; Auto               ;
; SDC constraint protection                                                  ; Off                ; Off                ;
; Synthesis Effort                                                           ; Auto               ; Auto               ;
; Shift Register Replacement - Allow Asynchronous Clear Signal               ; On                 ; On                 ;
; Pre-Mapping Resynthesis Optimization                                       ; Off                ; Off                ;
; Analysis & Synthesis Message Level                                         ; Medium             ; Medium             ;
; Disable Register Merging Across Hierarchies                                ; Auto               ; Auto               ;
; Resource Aware Inference For Block RAM                                     ; On                 ; On                 ;
; Synthesis Seed                                                             ; 1                  ; 1                  ;
+----------------------------------------------------------------------------+--------------------+--------------------+


+------------------------------------------+
; Parallel Compilation                     ;
+----------------------------+-------------+
; Processors                 ; Number      ;
+----------------------------+-------------+
; Number detected on machine ; 12          ;
; Maximum allowed            ; 6           ;
;                            ;             ;
; Average used               ; 1.00        ;
; Maximum used               ; 1           ;
;                            ;             ;
; Usage by Processor         ; % Time Used ;
;     Processor 1            ; 100.0%      ;
;     Processors 2-12        ;   0.0%      ;
+----------------------------+-------------+


+------------------------------------------------------------------------------------------------------------------------------------------------------------------------+
; Analysis & Synthesis Source Files Read                                                                                                                                 ;
+----------------------------------+-----------------+------------------------------------+--------------------------------------------------------------------+---------+
; File Name with User-Entered Path ; Used in Netlist ; File Type                          ; File Name with Absolute Path                                       ; Library ;
+----------------------------------+-----------------+------------------------------------+--------------------------------------------------------------------+---------+
; EDA2.v                           ; yes             ; User Verilog HDL File              ; D:/altera/13.0/EDA2/EDA2.v                                         ;         ;
; Block1.bdf                       ; yes             ; User Block Diagram/Schematic File  ; D:/altera/13.0/EDA2/Block1.bdf                                     ;         ;
; lpm_divide.tdf                   ; yes             ; Megafunction                       ; c:/altera/13.0/quartus/libraries/megafunctions/lpm_divide.tdf      ;         ;
; abs_divider.inc                  ; yes             ; Megafunction                       ; c:/altera/13.0/quartus/libraries/megafunctions/abs_divider.inc     ;         ;
; sign_div_unsign.inc              ; yes             ; Megafunction                       ; c:/altera/13.0/quartus/libraries/megafunctions/sign_div_unsign.inc ;         ;
; aglobal130.inc                   ; yes             ; Megafunction                       ; c:/altera/13.0/quartus/libraries/megafunctions/aglobal130.inc      ;         ;
; db/lpm_divide_nhm.tdf            ; yes             ; Auto-Generated Megafunction        ; D:/altera/13.0/EDA2/db/lpm_divide_nhm.tdf                          ;         ;
; db/sign_div_unsign_olh.tdf       ; yes             ; Auto-Generated Megafunction        ; D:/altera/13.0/EDA2/db/sign_div_unsign_olh.tdf                     ;         ;
; db/alt_u_div_r5f.tdf             ; yes             ; Auto-Generated Megafunction        ; D:/altera/13.0/EDA2/db/alt_u_div_r5f.tdf                           ;         ;
; db/add_sub_unc.tdf               ; yes             ; Auto-Generated Megafunction        ; D:/altera/13.0/EDA2/db/add_sub_unc.tdf                             ;         ;
; db/add_sub_vnc.tdf               ; yes             ; Auto-Generated Megafunction        ; D:/altera/13.0/EDA2/db/add_sub_vnc.tdf                             ;         ;
; db/lpm_divide_n9m.tdf            ; yes             ; Auto-Generated Megafunction        ; D:/altera/13.0/EDA2/db/lpm_divide_n9m.tdf                          ;         ;
; db/sign_div_unsign_llh.tdf       ; yes             ; Auto-Generated Megafunction        ; D:/altera/13.0/EDA2/db/sign_div_unsign_llh.tdf                     ;         ;
; db/alt_u_div_l5f.tdf             ; yes             ; Auto-Generated Megafunction        ; D:/altera/13.0/EDA2/db/alt_u_div_l5f.tdf                           ;         ;
; db/lpm_divide_khm.tdf            ; yes             ; Auto-Generated Megafunction        ; D:/altera/13.0/EDA2/db/lpm_divide_khm.tdf                          ;         ;
+----------------------------------+-----------------+------------------------------------+--------------------------------------------------------------------+---------+


+---------------------------------------------------------+
; Analysis & Synthesis Resource Usage Summary             ;
+---------------------------------------------+-----------+
; Resource                                    ; Usage     ;
+---------------------------------------------+-----------+
; Estimated Total logic elements              ; 610       ;
;                                             ;           ;
; Total combinational functions               ; 606       ;
; Logic element usage by number of LUT inputs ;           ;
;     -- 4 input functions                    ; 140       ;
;     -- 3 input functions                    ; 143       ;
;     -- <=2 input functions                  ; 323       ;
;                                             ;           ;
; Logic elements by mode                      ;           ;
;     -- normal mode                          ; 408       ;
;     -- arithmetic mode                      ; 198       ;
;                                             ;           ;
; Total registers                             ; 67        ;
;     -- Dedicated logic registers            ; 67        ;
;     -- I/O registers                        ; 0         ;
;                                             ;           ;
; I/O pins                                    ; 26        ;
; Embedded Multiplier 9-bit elements          ; 0         ;
; Maximum fan-out node                        ; clk~input ;
; Maximum fan-out                             ; 65        ;
; Total fan-out                               ; 1796      ;
; Average fan-out                             ; 2.48      ;
+---------------------------------------------+-----------+


+-----------------------------------------------------------------------------------------------------------------------------------------------------------------------------------------------------------------------------------------------------------------------------------------------------+
; Analysis & Synthesis Resource Utilization by Entity                                                                                                                                                                                                                                                 ;
+-------------------------------------------+-------------------+--------------+-------------+--------------+---------+-----------+------+--------------+------------------------------------------------------------------------------------------------------------------------------+--------------+
; Compilation Hierarchy Node                ; LC Combinationals ; LC Registers ; Memory Bits ; DSP Elements ; DSP 9x9 ; DSP 18x18 ; Pins ; Virtual Pins ; Full Hierarchy Name                                                                                                          ; Library Name ;
+-------------------------------------------+-------------------+--------------+-------------+--------------+---------+-----------+------+--------------+------------------------------------------------------------------------------------------------------------------------------+--------------+
; |Block1                                   ; 606 (0)           ; 67 (0)       ; 0           ; 0            ; 0       ; 0         ; 26   ; 0            ; |Block1                                                                                                                      ;              ;
;    |vending_machine:inst|                 ; 606 (246)         ; 67 (67)      ; 0           ; 0            ; 0       ; 0         ; 0    ; 0            ; |Block1|vending_machine:inst                                                                                                 ;              ;
;       |lpm_divide:Div0|                   ; 95 (0)            ; 0 (0)        ; 0           ; 0            ; 0       ; 0         ; 0    ; 0            ; |Block1|vending_machine:inst|lpm_divide:Div0                                                                                 ;              ;
;          |lpm_divide_khm:auto_generated|  ; 95 (0)            ; 0 (0)        ; 0           ; 0            ; 0       ; 0         ; 0    ; 0            ; |Block1|vending_machine:inst|lpm_divide:Div0|lpm_divide_khm:auto_generated                                                   ;              ;
;             |sign_div_unsign_llh:divider| ; 95 (0)            ; 0 (0)        ; 0           ; 0            ; 0       ; 0         ; 0    ; 0            ; |Block1|vending_machine:inst|lpm_divide:Div0|lpm_divide_khm:auto_generated|sign_div_unsign_llh:divider                       ;              ;
;                |alt_u_div_l5f:divider|    ; 95 (95)           ; 0 (0)        ; 0           ; 0            ; 0       ; 0         ; 0    ; 0            ; |Block1|vending_machine:inst|lpm_divide:Div0|lpm_divide_khm:auto_generated|sign_div_unsign_llh:divider|alt_u_div_l5f:divider ;              ;
;       |lpm_divide:Div1|                   ; 91 (0)            ; 0 (0)        ; 0           ; 0            ; 0       ; 0         ; 0    ; 0            ; |Block1|vending_machine:inst|lpm_divide:Div1                                                                                 ;              ;
;          |lpm_divide_nhm:auto_generated|  ; 91 (0)            ; 0 (0)        ; 0           ; 0            ; 0       ; 0         ; 0    ; 0            ; |Block1|vending_machine:inst|lpm_divide:Div1|lpm_divide_nhm:auto_generated                                                   ;              ;
;             |sign_div_unsign_olh:divider| ; 91 (0)            ; 0 (0)        ; 0           ; 0            ; 0       ; 0         ; 0    ; 0            ; |Block1|vending_machine:inst|lpm_divide:Div1|lpm_divide_nhm:auto_generated|sign_div_unsign_olh:divider                       ;              ;
;                |alt_u_div_r5f:divider|    ; 91 (91)           ; 0 (0)        ; 0           ; 0            ; 0       ; 0         ; 0    ; 0            ; |Block1|vending_machine:inst|lpm_divide:Div1|lpm_divide_nhm:auto_generated|sign_div_unsign_olh:divider|alt_u_div_r5f:divider ;              ;
;       |lpm_divide:Mod0|                   ; 95 (0)            ; 0 (0)        ; 0           ; 0            ; 0       ; 0         ; 0    ; 0            ; |Block1|vending_machine:inst|lpm_divide:Mod0                                                                                 ;              ;
;          |lpm_divide_n9m:auto_generated|  ; 95 (0)            ; 0 (0)        ; 0           ; 0            ; 0       ; 0         ; 0    ; 0            ; |Block1|vending_machine:inst|lpm_divide:Mod0|lpm_divide_n9m:auto_generated                                                   ;              ;
;             |sign_div_unsign_llh:divider| ; 95 (0)            ; 0 (0)        ; 0           ; 0            ; 0       ; 0         ; 0    ; 0            ; |Block1|vending_machine:inst|lpm_divide:Mod0|lpm_divide_n9m:auto_generated|sign_div_unsign_llh:divider                       ;              ;
;                |alt_u_div_l5f:divider|    ; 95 (95)           ; 0 (0)        ; 0           ; 0            ; 0       ; 0         ; 0    ; 0            ; |Block1|vending_machine:inst|lpm_divide:Mod0|lpm_divide_n9m:auto_generated|sign_div_unsign_llh:divider|alt_u_div_l5f:divider ;              ;
;       |lpm_divide:Mod1|                   ; 59 (0)            ; 0 (0)        ; 0           ; 0            ; 0       ; 0         ; 0    ; 0            ; |Block1|vending_machine:inst|lpm_divide:Mod1                                                                                 ;              ;
;          |lpm_divide_n9m:auto_generated|  ; 59 (0)            ; 0 (0)        ; 0           ; 0            ; 0       ; 0         ; 0    ; 0            ; |Block1|vending_machine:inst|lpm_divide:Mod1|lpm_divide_n9m:auto_generated                                                   ;              ;
;             |sign_div_unsign_llh:divider| ; 59 (0)            ; 0 (0)        ; 0           ; 0            ; 0       ; 0         ; 0    ; 0            ; |Block1|vending_machine:inst|lpm_divide:Mod1|lpm_divide_n9m:auto_generated|sign_div_unsign_llh:divider                       ;              ;
;                |alt_u_div_l5f:divider|    ; 59 (59)           ; 0 (0)        ; 0           ; 0            ; 0       ; 0         ; 0    ; 0            ; |Block1|vending_machine:inst|lpm_divide:Mod1|lpm_divide_n9m:auto_generated|sign_div_unsign_llh:divider|alt_u_div_l5f:divider ;              ;
;       |lpm_divide:Mod2|                   ; 20 (0)            ; 0 (0)        ; 0           ; 0            ; 0       ; 0         ; 0    ; 0            ; |Block1|vending_machine:inst|lpm_divide:Mod2                                                                                 ;              ;
;          |lpm_divide_n9m:auto_generated|  ; 20 (0)            ; 0 (0)        ; 0           ; 0            ; 0       ; 0         ; 0    ; 0            ; |Block1|vending_machine:inst|lpm_divide:Mod2|lpm_divide_n9m:auto_generated                                                   ;              ;
;             |sign_div_unsign_llh:divider| ; 20 (0)            ; 0 (0)        ; 0           ; 0            ; 0       ; 0         ; 0    ; 0            ; |Block1|vending_machine:inst|lpm_divide:Mod2|lpm_divide_n9m:auto_generated|sign_div_unsign_llh:divider                       ;              ;
;                |alt_u_div_l5f:divider|    ; 20 (20)           ; 0 (0)        ; 0           ; 0            ; 0       ; 0         ; 0    ; 0            ; |Block1|vending_machine:inst|lpm_divide:Mod2|lpm_divide_n9m:auto_generated|sign_div_unsign_llh:divider|alt_u_div_l5f:divider ;              ;
+-------------------------------------------+-------------------+--------------+-------------+--------------+---------+-----------+------+--------------+------------------------------------------------------------------------------------------------------------------------------+--------------+
Note: For table entries with two numbers listed, the numbers in parentheses indicate the number of resources of the given type used by the specific entity alone. The numbers listed outside of parentheses indicate the total resources of the given type used by the specific entity and all of its sub-entities in the hierarchy.


Encoding Type:  One-Hot
+-----------------------------------------------------------------------------------------------------------+
; State Machine - |Block1|vending_machine:inst|state                                                        ;
+-----------+-----------+-----------+-----------+-----------+-----------+-----------+-----------+-----------+
; Name      ; state.111 ; state.110 ; state.101 ; state.100 ; state.011 ; state.010 ; state.001 ; state.000 ;
+-----------+-----------+-----------+-----------+-----------+-----------+-----------+-----------+-----------+
; state.000 ; 0         ; 0         ; 0         ; 0         ; 0         ; 0         ; 0         ; 0         ;
; state.001 ; 0         ; 0         ; 0         ; 0         ; 0         ; 0         ; 1         ; 1         ;
; state.010 ; 0         ; 0         ; 0         ; 0         ; 0         ; 1         ; 0         ; 1         ;
; state.011 ; 0         ; 0         ; 0         ; 0         ; 1         ; 0         ; 0         ; 1         ;
; state.100 ; 0         ; 0         ; 0         ; 1         ; 0         ; 0         ; 0         ; 1         ;
; state.101 ; 0         ; 0         ; 1         ; 0         ; 0         ; 0         ; 0         ; 1         ;
; state.110 ; 0         ; 1         ; 0         ; 0         ; 0         ; 0         ; 0         ; 1         ;
; state.111 ; 1         ; 0         ; 0         ; 0         ; 0         ; 0         ; 0         ; 1         ;
+-----------+-----------+-----------+-----------+-----------+-----------+-----------+-----------+-----------+


+-------------------------------------------------------------------------------------------------------------+
; User-Specified and Inferred Latches                                                                         ;
+-----------------------------------------------------+------------------------------+------------------------+
; Latch Name                                          ; Latch Enable Signal          ; Free of Timing Hazards ;
+-----------------------------------------------------+------------------------------+------------------------+
; vending_machine:inst|en[2]                          ; vending_machine:inst|Mux8    ; yes                    ;
; vending_machine:inst|en[1]                          ; vending_machine:inst|Mux8    ; yes                    ;
; vending_machine:inst|en[0]                          ; vending_machine:inst|Mux8    ; yes                    ;
; vending_machine:inst|lit[7]                         ; vending_machine:inst|WideOr6 ; yes                    ;
; vending_machine:inst|lit[6]                         ; vending_machine:inst|WideOr6 ; yes                    ;
; vending_machine:inst|lit[5]                         ; vending_machine:inst|WideOr6 ; yes                    ;
; vending_machine:inst|lit[4]                         ; vending_machine:inst|WideOr6 ; yes                    ;
; vending_machine:inst|lit[3]                         ; vending_machine:inst|WideOr6 ; yes                    ;
; vending_machine:inst|lit[2]                         ; vending_machine:inst|WideOr6 ; yes                    ;
; vending_machine:inst|lit[1]                         ; vending_machine:inst|WideOr6 ; yes                    ;
; vending_machine:inst|lit[0]                         ; vending_machine:inst|WideOr6 ; yes                    ;
; vending_machine:inst|dtype                          ; vending_machine:inst|Mux8    ; yes                    ;
; vending_machine:inst|data[3]                        ; vending_machine:inst|Mux8    ; yes                    ;
; vending_machine:inst|data[1]                        ; vending_machine:inst|Mux8    ; yes                    ;
; vending_machine:inst|data[2]                        ; vending_machine:inst|Mux8    ; yes                    ;
; vending_machine:inst|data[0]                        ; vending_machine:inst|Mux8    ; yes                    ;
; Number of user-specified and inferred latches = 16  ;                              ;                        ;
+-----------------------------------------------------+------------------------------+------------------------+
Note: All latches listed above may not be present at the end of synthesis due to various synthesis optimizations.


+---------------------------------------------------------------------------------+
; Registers Removed During Synthesis                                              ;
+----------------------------------------+----------------------------------------+
; Register name                          ; Reason for Removal                     ;
+----------------------------------------+----------------------------------------+
; vending_machine:inst|cnt_sel[2]        ; Stuck at GND due to stuck port data_in ;
; vending_machine:inst|state.001         ; Lost fanout                            ;
; vending_machine:inst|state.010         ; Lost fanout                            ;
; vending_machine:inst|state.011         ; Lost fanout                            ;
; vending_machine:inst|state.100         ; Lost fanout                            ;
; vending_machine:inst|state.101         ; Lost fanout                            ;
; vending_machine:inst|state.110         ; Lost fanout                            ;
; vending_machine:inst|state.111         ; Lost fanout                            ;
; vending_machine:inst|state~2           ; Lost fanout                            ;
; vending_machine:inst|state~3           ; Lost fanout                            ;
; vending_machine:inst|state~4           ; Lost fanout                            ;
; Total Number of Removed Registers = 11 ;                                        ;
+----------------------------------------+----------------------------------------+


+------------------------------------------------------+
; General Register Statistics                          ;
+----------------------------------------------+-------+
; Statistic                                    ; Value ;
+----------------------------------------------+-------+
; Total registers                              ; 67    ;
; Number of registers using Synchronous Clear  ; 33    ;
; Number of registers using Synchronous Load   ; 0     ;
; Number of registers using Asynchronous Clear ; 0     ;
; Number of registers using Asynchronous Load  ; 0     ;
; Number of registers using Clock Enable       ; 26    ;
; Number of registers using Preset             ; 0     ;
+----------------------------------------------+-------+


+-------------------------------------------------------------------------------------------------------------------------------------------------------+
; Multiplexer Restructuring Statistics (Restructuring Performed)                                                                                        ;
+--------------------+-----------+---------------+----------------------+------------------------+------------+-----------------------------------------+
; Multiplexer Inputs ; Bus Width ; Baseline Area ; Area if Restructured ; Saving if Restructured ; Registered ; Example Multiplexer Output              ;
+--------------------+-----------+---------------+----------------------+------------------------+------------+-----------------------------------------+
; 3:1                ; 7 bits    ; 14 LEs        ; 7 LEs                ; 7 LEs                  ; Yes        ; |Block1|vending_machine:inst|key_out[6] ;
; 3:1                ; 20 bits   ; 40 LEs        ; 20 LEs               ; 20 LEs                 ; Yes        ; |Block1|vending_machine:inst|count[19]  ;
; 4:1                ; 2 bits    ; 4 LEs         ; 4 LEs                ; 0 LEs                  ; Yes        ; |Block1|vending_machine:inst|light[1]   ;
; 12:1               ; 10 bits   ; 80 LEs        ; 40 LEs               ; 40 LEs                 ; Yes        ; |Block1|vending_machine:inst|cur[1]     ;
; 3:1                ; 4 bits    ; 8 LEs         ; 8 LEs                ; 0 LEs                  ; No         ; |Block1|vending_machine:inst|Mux0       ;
+--------------------+-----------+---------------+----------------------+------------------------+------------+-----------------------------------------+


+-------------------------------------------------------------------+
; Parameter Settings for User Entity Instance: vending_machine:inst ;
+----------------+----------------------+---------------------------+
; Parameter Name ; Value                ; Type                      ;
+----------------+----------------------+---------------------------+
; MAX_NUM        ; 1001110001000        ; Unsigned Binary           ;
; DELAY          ; 00000000000000000001 ; Unsigned Binary           ;
+----------------+----------------------+---------------------------+
Note: In order to hide this table in the UI and the text report file, please set the "Show Parameter Settings in Synthesis Report" option in "Analysis and Synthesis Settings -> More Settings" to "Off".


+---------------------------------------------------------------------------------------+
; Parameter Settings for Inferred Entity Instance: vending_machine:inst|lpm_divide:Div1 ;
+------------------------+----------------+---------------------------------------------+
; Parameter Name         ; Value          ; Type                                        ;
+------------------------+----------------+---------------------------------------------+
; LPM_WIDTHN             ; 11             ; Untyped                                     ;
; LPM_WIDTHD             ; 7              ; Untyped                                     ;
; LPM_NREPRESENTATION    ; UNSIGNED       ; Untyped                                     ;
; LPM_DREPRESENTATION    ; UNSIGNED       ; Untyped                                     ;
; LPM_PIPELINE           ; 0              ; Untyped                                     ;
; LPM_REMAINDERPOSITIVE  ; TRUE           ; Untyped                                     ;
; MAXIMIZE_SPEED         ; 5              ; Untyped                                     ;
; CBXI_PARAMETER         ; lpm_divide_nhm ; Untyped                                     ;
; CARRY_CHAIN            ; MANUAL         ; Untyped                                     ;
; OPTIMIZE_FOR_SPEED     ; 5              ; Untyped                                     ;
; AUTO_CARRY_CHAINS      ; ON             ; AUTO_CARRY                                  ;
; IGNORE_CARRY_BUFFERS   ; OFF            ; IGNORE_CARRY                                ;
; AUTO_CASCADE_CHAINS    ; ON             ; AUTO_CASCADE                                ;
; IGNORE_CASCADE_BUFFERS ; OFF            ; IGNORE_CASCADE                              ;
+------------------------+----------------+---------------------------------------------+
Note: In order to hide this table in the UI and the text report file, please set the "Show Parameter Settings in Synthesis Report" option in "Analysis and Synthesis Settings -> More Settings" to "Off".


+---------------------------------------------------------------------------------------+
; Parameter Settings for Inferred Entity Instance: vending_machine:inst|lpm_divide:Mod2 ;
+------------------------+----------------+---------------------------------------------+
; Parameter Name         ; Value          ; Type                                        ;
+------------------------+----------------+---------------------------------------------+
; LPM_WIDTHN             ; 11             ; Untyped                                     ;
; LPM_WIDTHD             ; 4              ; Untyped                                     ;
; LPM_NREPRESENTATION    ; UNSIGNED       ; Untyped                                     ;
; LPM_DREPRESENTATION    ; UNSIGNED       ; Untyped                                     ;
; LPM_PIPELINE           ; 0              ; Untyped                                     ;
; LPM_REMAINDERPOSITIVE  ; TRUE           ; Untyped                                     ;
; MAXIMIZE_SPEED         ; 5              ; Untyped                                     ;
; CBXI_PARAMETER         ; lpm_divide_n9m ; Untyped                                     ;
; CARRY_CHAIN            ; MANUAL         ; Untyped                                     ;
; OPTIMIZE_FOR_SPEED     ; 5              ; Untyped                                     ;
; AUTO_CARRY_CHAINS      ; ON             ; AUTO_CARRY                                  ;
; IGNORE_CARRY_BUFFERS   ; OFF            ; IGNORE_CARRY                                ;
; AUTO_CASCADE_CHAINS    ; ON             ; AUTO_CASCADE                                ;
; IGNORE_CASCADE_BUFFERS ; OFF            ; IGNORE_CASCADE                              ;
+------------------------+----------------+---------------------------------------------+
Note: In order to hide this table in the UI and the text report file, please set the "Show Parameter Settings in Synthesis Report" option in "Analysis and Synthesis Settings -> More Settings" to "Off".


+---------------------------------------------------------------------------------------+
; Parameter Settings for Inferred Entity Instance: vending_machine:inst|lpm_divide:Mod0 ;
+------------------------+----------------+---------------------------------------------+
; Parameter Name         ; Value          ; Type                                        ;
+------------------------+----------------+---------------------------------------------+
; LPM_WIDTHN             ; 11             ; Untyped                                     ;
; LPM_WIDTHD             ; 4              ; Untyped                                     ;
; LPM_NREPRESENTATION    ; UNSIGNED       ; Untyped                                     ;
; LPM_DREPRESENTATION    ; UNSIGNED       ; Untyped                                     ;
; LPM_PIPELINE           ; 0              ; Untyped                                     ;
; LPM_REMAINDERPOSITIVE  ; TRUE           ; Untyped                                     ;
; MAXIMIZE_SPEED         ; 5              ; Untyped                                     ;
; CBXI_PARAMETER         ; lpm_divide_n9m ; Untyped                                     ;
; CARRY_CHAIN            ; MANUAL         ; Untyped                                     ;
; OPTIMIZE_FOR_SPEED     ; 5              ; Untyped                                     ;
; AUTO_CARRY_CHAINS      ; ON             ; AUTO_CARRY                                  ;
; IGNORE_CARRY_BUFFERS   ; OFF            ; IGNORE_CARRY                                ;
; AUTO_CASCADE_CHAINS    ; ON             ; AUTO_CASCADE                                ;
; IGNORE_CASCADE_BUFFERS ; OFF            ; IGNORE_CASCADE                              ;
+------------------------+----------------+---------------------------------------------+
Note: In order to hide this table in the UI and the text report file, please set the "Show Parameter Settings in Synthesis Report" option in "Analysis and Synthesis Settings -> More Settings" to "Off".


+---------------------------------------------------------------------------------------+
; Parameter Settings for Inferred Entity Instance: vending_machine:inst|lpm_divide:Div0 ;
+------------------------+----------------+---------------------------------------------+
; Parameter Name         ; Value          ; Type                                        ;
+------------------------+----------------+---------------------------------------------+
; LPM_WIDTHN             ; 11             ; Untyped                                     ;
; LPM_WIDTHD             ; 4              ; Untyped                                     ;
; LPM_NREPRESENTATION    ; UNSIGNED       ; Untyped                                     ;
; LPM_DREPRESENTATION    ; UNSIGNED       ; Untyped                                     ;
; LPM_PIPELINE           ; 0              ; Untyped                                     ;
; LPM_REMAINDERPOSITIVE  ; TRUE           ; Untyped                                     ;
; MAXIMIZE_SPEED         ; 5              ; Untyped                                     ;
; CBXI_PARAMETER         ; lpm_divide_khm ; Untyped                                     ;
; CARRY_CHAIN            ; MANUAL         ; Untyped                                     ;
; OPTIMIZE_FOR_SPEED     ; 5              ; Untyped                                     ;
; AUTO_CARRY_CHAINS      ; ON             ; AUTO_CARRY                                  ;
; IGNORE_CARRY_BUFFERS   ; OFF            ; IGNORE_CARRY                                ;
; AUTO_CASCADE_CHAINS    ; ON             ; AUTO_CASCADE                                ;
; IGNORE_CASCADE_BUFFERS ; OFF            ; IGNORE_CASCADE                              ;
+------------------------+----------------+---------------------------------------------+
Note: In order to hide this table in the UI and the text report file, please set the "Show Parameter Settings in Synthesis Report" option in "Analysis and Synthesis Settings -> More Settings" to "Off".


+---------------------------------------------------------------------------------------+
; Parameter Settings for Inferred Entity Instance: vending_machine:inst|lpm_divide:Mod1 ;
+------------------------+----------------+---------------------------------------------+
; Parameter Name         ; Value          ; Type                                        ;
+------------------------+----------------+---------------------------------------------+
; LPM_WIDTHN             ; 11             ; Untyped                                     ;
; LPM_WIDTHD             ; 4              ; Untyped                                     ;
; LPM_NREPRESENTATION    ; UNSIGNED       ; Untyped                                     ;
; LPM_DREPRESENTATION    ; UNSIGNED       ; Untyped                                     ;
; LPM_PIPELINE           ; 0              ; Untyped                                     ;
; LPM_REMAINDERPOSITIVE  ; TRUE           ; Untyped                                     ;
; MAXIMIZE_SPEED         ; 5              ; Untyped                                     ;
; CBXI_PARAMETER         ; lpm_divide_n9m ; Untyped                                     ;
; CARRY_CHAIN            ; MANUAL         ; Untyped                                     ;
; OPTIMIZE_FOR_SPEED     ; 5              ; Untyped                                     ;
; AUTO_CARRY_CHAINS      ; ON             ; AUTO_CARRY                                  ;
; IGNORE_CARRY_BUFFERS   ; OFF            ; IGNORE_CARRY                                ;
; AUTO_CASCADE_CHAINS    ; ON             ; AUTO_CASCADE                                ;
; IGNORE_CASCADE_BUFFERS ; OFF            ; IGNORE_CASCADE                              ;
+------------------------+----------------+---------------------------------------------+
Note: In order to hide this table in the UI and the text report file, please set the "Show Parameter Settings in Synthesis Report" option in "Analysis and Synthesis Settings -> More Settings" to "Off".


+-------------------------------+
; Elapsed Time Per Partition    ;
+----------------+--------------+
; Partition Name ; Elapsed Time ;
+----------------+--------------+
; Top            ; 00:00:01     ;
+----------------+--------------+


+-------------------------------+
; Analysis & Synthesis Messages ;
+-------------------------------+
Info: *******************************************************************
Info: Running Quartus II 64-Bit Analysis & Synthesis
    Info: Version 13.0.0 Build 156 04/24/2013 SJ Full Version
    Info: Processing started: Wed Dec 15 11:26:53 2021
Info: Command: quartus_map --read_settings_files=on --write_settings_files=off EDA2 -c EDA2
Info (11104): Parallel Compilation has detected 12 hyper-threaded processors. However, the extra hyper-threaded processors will not be used by default. Parallel Compilation will use 6 of the 6 physical processors detected instead.
Info (12021): Found 1 design units, including 1 entities, in source file eda2.v
    Info (12023): Found entity 1: vending_machine
Info (12021): Found 1 design units, including 1 entities, in source file block1.bdf
    Info (12023): Found entity 1: Block1
Info (12127): Elaborating entity "Block1" for the top level hierarchy
Info (12128): Elaborating entity "vending_machine" for hierarchy "vending_machine:inst"
Warning (10230): Verilog HDL assignment warning at EDA2.v(57): truncated value with size 32 to match size of target (20)
Info (10264): Verilog HDL Case Statement information at EDA2.v(81): all case item expressions in this case statement are onehot
Warning (10230): Verilog HDL assignment warning at EDA2.v(197): truncated value with size 11 to match size of target (9)
Warning (10230): Verilog HDL assignment warning at EDA2.v(198): truncated value with size 11 to match size of target (9)
Warning (10230): Verilog HDL assignment warning at EDA2.v(199): truncated value with size 11 to match size of target (9)
Warning (10235): Verilog HDL Always Construct warning at EDA2.v(221): variable "data1" is read inside the Always Construct but isn't in the Always Construct's Event Control
Warning (10235): Verilog HDL Always Construct warning at EDA2.v(226): variable "data2" is read inside the Always Construct but isn't in the Always Construct's Event Control
Warning (10235): Verilog HDL Always Construct warning at EDA2.v(231): variable "data3" is read inside the Always Construct but isn't in the Always Construct's Event Control
Warning (10270): Verilog HDL Case Statement warning at EDA2.v(218): incomplete case statement has no default case item
Warning (10240): Verilog HDL Always Construct warning at EDA2.v(217): inferring latch(es) for variable "en", which holds its previous value in one or more paths through the always construct
Warning (10240): Verilog HDL Always Construct warning at EDA2.v(217): inferring latch(es) for variable "data", which holds its previous value in one or more paths through the always construct
Warning (10240): Verilog HDL Always Construct warning at EDA2.v(217): inferring latch(es) for variable "dtype", which holds its previous value in one or more paths through the always construct
Warning (10235): Verilog HDL Always Construct warning at EDA2.v(241): variable "dtype" is read inside the Always Construct but isn't in the Always Construct's Event Control
Warning (10235): Verilog HDL Always Construct warning at EDA2.v(242): variable "dtype" is read inside the Always Construct but isn't in the Always Construct's Event Control
Warning (10235): Verilog HDL Always Construct warning at EDA2.v(243): variable "dtype" is read inside the Always Construct but isn't in the Always Construct's Event Control
Warning (10235): Verilog HDL Always Construct warning at EDA2.v(244): variable "dtype" is read inside the Always Construct but isn't in the Always Construct's Event Control
Warning (10235): Verilog HDL Always Construct warning at EDA2.v(245): variable "dtype" is read inside the Always Construct but isn't in the Always Construct's Event Control
Warning (10235): Verilog HDL Always Construct warning at EDA2.v(246): variable "dtype" is read inside the Always Construct but isn't in the Always Construct's Event Control
Warning (10235): Verilog HDL Always Construct warning at EDA2.v(247): variable "dtype" is read inside the Always Construct but isn't in the Always Construct's Event Control
Warning (10235): Verilog HDL Always Construct warning at EDA2.v(248): variable "dtype" is read inside the Always Construct but isn't in the Always Construct's Event Control
Warning (10235): Verilog HDL Always Construct warning at EDA2.v(249): variable "dtype" is read inside the Always Construct but isn't in the Always Construct's Event Control
Warning (10235): Verilog HDL Always Construct warning at EDA2.v(250): variable "dtype" is read inside the Always Construct but isn't in the Always Construct's Event Control
Warning (10270): Verilog HDL Case Statement warning at EDA2.v(240): incomplete case statement has no default case item
Warning (10240): Verilog HDL Always Construct warning at EDA2.v(238): inferring latch(es) for variable "lit", which holds its previous value in one or more paths through the always construct
Info (10041): Inferred latch for "lit[0]" at EDA2.v(238)
Info (10041): Inferred latch for "lit[1]" at EDA2.v(238)
Info (10041): Inferred latch for "lit[2]" at EDA2.v(238)
Info (10041): Inferred latch for "lit[3]" at EDA2.v(238)
Info (10041): Inferred latch for "lit[4]" at EDA2.v(238)
Info (10041): Inferred latch for "lit[5]" at EDA2.v(238)
Info (10041): Inferred latch for "lit[6]" at EDA2.v(238)
Info (10041): Inferred latch for "lit[7]" at EDA2.v(238)
Info (10041): Inferred latch for "dtype" at EDA2.v(217)
Info (10041): Inferred latch for "data[0]" at EDA2.v(217)
Info (10041): Inferred latch for "data[1]" at EDA2.v(217)
Info (10041): Inferred latch for "data[2]" at EDA2.v(217)
Info (10041): Inferred latch for "data[3]" at EDA2.v(217)
Info (10041): Inferred latch for "data[4]" at EDA2.v(217)
Info (10041): Inferred latch for "data[5]" at EDA2.v(217)
Info (10041): Inferred latch for "data[6]" at EDA2.v(217)
Info (10041): Inferred latch for "data[7]" at EDA2.v(217)
Info (10041): Inferred latch for "data[8]" at EDA2.v(217)
Info (10041): Inferred latch for "en[0]" at EDA2.v(217)
Info (10041): Inferred latch for "en[1]" at EDA2.v(217)
Info (10041): Inferred latch for "en[2]" at EDA2.v(217)
Info (10041): Inferred latch for "en[3]" at EDA2.v(217)
Info (10041): Inferred latch for "en[4]" at EDA2.v(217)
Info (10041): Inferred latch for "en[5]" at EDA2.v(217)
Info (278001): Inferred 5 megafunctions from design logic
    Info (278004): Inferred divider/modulo megafunction ("lpm_divide") from the following logic: "vending_machine:inst|Div1"
    Info (278004): Inferred divider/modulo megafunction ("lpm_divide") from the following logic: "vending_machine:inst|Mod2"
    Info (278004): Inferred divider/modulo megafunction ("lpm_divide") from the following logic: "vending_machine:inst|Mod0"
    Info (278004): Inferred divider/modulo megafunction ("lpm_divide") from the following logic: "vending_machine:inst|Div0"
    Info (278004): Inferred divider/modulo megafunction ("lpm_divide") from the following logic: "vending_machine:inst|Mod1"
Info (12130): Elaborated megafunction instantiation "vending_machine:inst|lpm_divide:Div1"
Info (12133): Instantiated megafunction "vending_machine:inst|lpm_divide:Div1" with the following parameter:
    Info (12134): Parameter "LPM_WIDTHN" = "11"
    Info (12134): Parameter "LPM_WIDTHD" = "7"
    Info (12134): Parameter "LPM_NREPRESENTATION" = "UNSIGNED"
    Info (12134): Parameter "LPM_DREPRESENTATION" = "UNSIGNED"
Info (12021): Found 1 design units, including 1 entities, in source file db/lpm_divide_nhm.tdf
    Info (12023): Found entity 1: lpm_divide_nhm
Info (12021): Found 1 design units, including 1 entities, in source file db/sign_div_unsign_olh.tdf
    Info (12023): Found entity 1: sign_div_unsign_olh
Info (12021): Found 1 design units, including 1 entities, in source file db/alt_u_div_r5f.tdf
    Info (12023): Found entity 1: alt_u_div_r5f
Info (12021): Found 1 design units, including 1 entities, in source file db/add_sub_unc.tdf
    Info (12023): Found entity 1: add_sub_unc
Info (12021): Found 1 design units, including 1 entities, in source file db/add_sub_vnc.tdf
    Info (12023): Found entity 1: add_sub_vnc
Info (12130): Elaborated megafunction instantiation "vending_machine:inst|lpm_divide:Mod2"
Info (12133): Instantiated megafunction "vending_machine:inst|lpm_divide:Mod2" with the following parameter:
    Info (12134): Parameter "LPM_WIDTHN" = "11"
    Info (12134): Parameter "LPM_WIDTHD" = "4"
    Info (12134): Parameter "LPM_NREPRESENTATION" = "UNSIGNED"
    Info (12134): Parameter "LPM_DREPRESENTATION" = "UNSIGNED"
Info (12021): Found 1 design units, including 1 entities, in source file db/lpm_divide_n9m.tdf
    Info (12023): Found entity 1: lpm_divide_n9m
Info (12021): Found 1 design units, including 1 entities, in source file db/sign_div_unsign_llh.tdf
    Info (12023): Found entity 1: sign_div_unsign_llh
Info (12021): Found 1 design units, including 1 entities, in source file db/alt_u_div_l5f.tdf
    Info (12023): Found entity 1: alt_u_div_l5f
Info (12130): Elaborated megafunction instantiation "vending_machine:inst|lpm_divide:Div0"
Info (12133): Instantiated megafunction "vending_machine:inst|lpm_divide:Div0" with the following parameter:
    Info (12134): Parameter "LPM_WIDTHN" = "11"
    Info (12134): Parameter "LPM_WIDTHD" = "4"
    Info (12134): Parameter "LPM_NREPRESENTATION" = "UNSIGNED"
    Info (12134): Parameter "LPM_DREPRESENTATION" = "UNSIGNED"
Info (12021): Found 1 design units, including 1 entities, in source file db/lpm_divide_khm.tdf
    Info (12023): Found entity 1: lpm_divide_khm
Info (13025): Duplicate LATCH primitives merged into single LATCH primitive
    Info (13026): Duplicate LATCH primitive "vending_machine:inst|dtype" merged with LATCH primitive "vending_machine:inst|en[1]"
Warning (13012): Latch vending_machine:inst|en[2] has unsafe behavior
    Warning (13013): Ports D and ENA on the latch are fed by the same signal vending_machine:inst|cnt_sel[1]
Warning (13012): Latch vending_machine:inst|en[1] has unsafe behavior
    Warning (13013): Ports D and ENA on the latch are fed by the same signal vending_machine:inst|cnt_sel[0]
Warning (13012): Latch vending_machine:inst|en[0] has unsafe behavior
    Warning (13013): Ports D and ENA on the latch are fed by the same signal vending_machine:inst|cnt_sel[0]
Warning (13012): Latch vending_machine:inst|lit[6] has unsafe behavior
    Warning (13013): Ports D and ENA on the latch are fed by the same signal vending_machine:inst|data[1]
Warning (13012): Latch vending_machine:inst|lit[5] has unsafe behavior
    Warning (13013): Ports D and ENA on the latch are fed by the same signal vending_machine:inst|data[1]
Warning (13012): Latch vending_machine:inst|lit[4] has unsafe behavior
    Warning (13013): Ports D and ENA on the latch are fed by the same signal vending_machine:inst|data[1]
Warning (13012): Latch vending_machine:inst|lit[3] has unsafe behavior
    Warning (13013): Ports D and ENA on the latch are fed by the same signal vending_machine:inst|data[1]
Warning (13012): Latch vending_machine:inst|lit[2] has unsafe behavior
    Warning (13013): Ports D and ENA on the latch are fed by the same signal vending_machine:inst|data[1]
Warning (13012): Latch vending_machine:inst|lit[1] has unsafe behavior
    Warning (13013): Ports D and ENA on the latch are fed by the same signal vending_machine:inst|data[1]
Warning (13012): Latch vending_machine:inst|lit[0] has unsafe behavior
    Warning (13013): Ports D and ENA on the latch are fed by the same signal vending_machine:inst|data[1]
Warning (13012): Latch vending_machine:inst|data[3] has unsafe behavior
    Warning (13013): Ports D and ENA on the latch are fed by the same signal vending_machine:inst|cnt_sel[1]
Warning (13012): Latch vending_machine:inst|data[1] has unsafe behavior
    Warning (13013): Ports D and ENA on the latch are fed by the same signal vending_machine:inst|cnt_sel[1]
Warning (13012): Latch vending_machine:inst|data[2] has unsafe behavior
    Warning (13013): Ports D and ENA on the latch are fed by the same signal vending_machine:inst|cnt_sel[1]
Warning (13012): Latch vending_machine:inst|data[0] has unsafe behavior
    Warning (13013): Ports D and ENA on the latch are fed by the same signal vending_machine:inst|cnt_sel[1]
Warning (13024): Output pins are stuck at VCC or GND
    Warning (13410): Pin "en[5]" is stuck at VCC
    Warning (13410): Pin "en[4]" is stuck at VCC
    Warning (13410): Pin "en[3]" is stuck at VCC
Info (286030): Timing-Driven Synthesis is running
Info (17049): 10 registers lost all their fanouts during netlist optimizations.
Info (17016): Found the following redundant logic cells in design
    Info (17048): Logic cell "vending_machine:inst|lpm_divide:Mod2|lpm_divide_n9m:auto_generated|sign_div_unsign_llh:divider|alt_u_div_l5f:divider|add_sub_9_result_int[0]~10"
    Info (17048): Logic cell "vending_machine:inst|lpm_divide:Mod1|lpm_divide_n9m:auto_generated|sign_div_unsign_llh:divider|alt_u_div_l5f:divider|add_sub_9_result_int[0]~0"
    Info (17048): Logic cell "vending_machine:inst|lpm_divide:Mod1|lpm_divide_n9m:auto_generated|sign_div_unsign_llh:divider|alt_u_div_l5f:divider|add_sub_7_result_int[0]~10"
    Info (17048): Logic cell "vending_machine:inst|lpm_divide:Mod2|lpm_divide_n9m:auto_generated|sign_div_unsign_llh:divider|alt_u_div_l5f:divider|add_sub_10_result_int[0]~10"
Info (16010): Generating hard_block partition "hard_block:auto_generated_inst"
    Info (16011): Adding 0 node(s), including 0 DDIO, 0 PLL, 0 transceiver and 0 LCELL
Info (21057): Implemented 639 device resources after synthesis - the final resource count might be different
    Info (21058): Implemented 8 input pins
    Info (21059): Implemented 18 output pins
    Info (21061): Implemented 613 logic cells
Info: Quartus II 64-Bit Analysis & Synthesis was successful. 0 errors, 65 warnings
    Info: Peak virtual memory: 4630 megabytes
    Info: Processing ended: Wed Dec 15 11:26:55 2021
    Info: Elapsed time: 00:00:02
    Info: Total CPU time (on all processors): 00:00:02


