Analysis & Synthesis report for Calculator
Wed Dec 12 14:34:14 2018
Quartus II 64-Bit Version 13.0.0 Build 156 04/24/2013 SJ Full Version


---------------------
; Table of Contents ;
---------------------
  1. Legal Notice
  2. Analysis & Synthesis Summary
  3. Analysis & Synthesis Settings
  4. Parallel Compilation
  5. Analysis & Synthesis Source Files Read
  6. Analysis & Synthesis Resource Usage Summary
  7. Analysis & Synthesis Resource Utilization by Entity
  8. State Machine - |Calculator|show_control_ten_continuously:show_mux|show_state
  9. Registers Removed During Synthesis
 10. General Register Statistics
 11. Multiplexer Restructuring Statistics (Restructuring Performed)
 12. Parameter Settings for Inferred Entity Instance: Multiply4:multiply_mux|lpm_mult:Mult0
 13. Parameter Settings for Inferred Entity Instance: show_control_ten_continuously:show_mux|lpm_divide:Mod0
 14. Parameter Settings for Inferred Entity Instance: show_control_ten_continuously:show_mux|lpm_divide:Div0
 15. Parameter Settings for Inferred Entity Instance: show_control_ten_continuously:show_mux|lpm_divide:Div1
 16. Parameter Settings for Inferred Entity Instance: show_control_ten_continuously:show_mux|lpm_mult:Mult0
 17. lpm_mult Parameter Settings by Entity Instance
 18. Port Connectivity Checks: "four_choose_one_simple:select_one_simple_mux"
 19. Port Connectivity Checks: "four_choose_one:select_mux"
 20. Elapsed Time Per Partition
 21. Analysis & Synthesis Messages



----------------
; Legal Notice ;
----------------
Copyright (C) 1991-2013 Altera Corporation
Your use of Altera Corporation's design tools, logic functions 
and other software and tools, and its AMPP partner logic 
functions, and any output files from any of the foregoing 
(including device programming or simulation files), and any 
associated documentation or information are expressly subject 
to the terms and conditions of the Altera Program License 
Subscription Agreement, Altera MegaCore Function License 
Agreement, or other applicable license agreement, including, 
without limitation, that your use is for the sole purpose of 
programming logic devices manufactured by Altera and sold by 
Altera or its authorized distributors.  Please refer to the 
applicable agreement for further details.



+----------------------------------------------------------------------------------+
; Analysis & Synthesis Summary                                                     ;
+------------------------------------+---------------------------------------------+
; Analysis & Synthesis Status        ; Successful - Wed Dec 12 14:34:14 2018       ;
; Quartus II 64-Bit Version          ; 13.0.0 Build 156 04/24/2013 SJ Full Version ;
; Revision Name                      ; Calculator                                  ;
; Top-level Entity Name              ; Calculator                                  ;
; Family                             ; Cyclone III                                 ;
; Total logic elements               ; 269                                         ;
;     Total combinational functions  ; 266                                         ;
;     Dedicated logic registers      ; 29                                          ;
; Total registers                    ; 29                                          ;
; Total pins                         ; 35                                          ;
; Total virtual pins                 ; 0                                           ;
; Total memory bits                  ; 0                                           ;
; Embedded Multiplier 9-bit elements ; 0                                           ;
; Total PLLs                         ; 0                                           ;
+------------------------------------+---------------------------------------------+


+----------------------------------------------------------------------------------------------------------------------+
; Analysis & Synthesis Settings                                                                                        ;
+----------------------------------------------------------------------------+--------------------+--------------------+
; Option                                                                     ; Setting            ; Default Value      ;
+----------------------------------------------------------------------------+--------------------+--------------------+
; Device                                                                     ; EP3C16Q240C8       ;                    ;
; Top-level entity name                                                      ; Calculator         ; Calculator         ;
; Family name                                                                ; Cyclone III        ; Cyclone IV GX      ;
; Use smart compilation                                                      ; Off                ; Off                ;
; Enable parallel Assembler and TimeQuest Timing Analyzer during compilation ; On                 ; On                 ;
; Enable compact report table                                                ; Off                ; Off                ;
; Restructure Multiplexers                                                   ; Auto               ; Auto               ;
; Create Debugging Nodes for IP Cores                                        ; Off                ; Off                ;
; Preserve fewer node names                                                  ; On                 ; On                 ;
; Disable OpenCore Plus hardware evaluation                                  ; Off                ; Off                ;
; Verilog Version                                                            ; Verilog_2001       ; Verilog_2001       ;
; VHDL Version                                                               ; VHDL_1993          ; VHDL_1993          ;
; State Machine Processing                                                   ; Auto               ; Auto               ;
; Safe State Machine                                                         ; Off                ; Off                ;
; Extract Verilog State Machines                                             ; On                 ; On                 ;
; Extract VHDL State Machines                                                ; On                 ; On                 ;
; Ignore Verilog initial constructs                                          ; Off                ; Off                ;
; Iteration limit for constant Verilog loops                                 ; 5000               ; 5000               ;
; Iteration limit for non-constant Verilog loops                             ; 250                ; 250                ;
; Add Pass-Through Logic to Inferred RAMs                                    ; On                 ; On                 ;
; Infer RAMs from Raw Logic                                                  ; On                 ; On                 ;
; Parallel Synthesis                                                         ; On                 ; On                 ;
; DSP Block Balancing                                                        ; Auto               ; Auto               ;
; NOT Gate Push-Back                                                         ; On                 ; On                 ;
; Power-Up Don't Care                                                        ; On                 ; On                 ;
; Remove Redundant Logic Cells                                               ; Off                ; Off                ;
; Remove Duplicate Registers                                                 ; On                 ; On                 ;
; Ignore CARRY Buffers                                                       ; Off                ; Off                ;
; Ignore CASCADE Buffers                                                     ; Off                ; Off                ;
; Ignore GLOBAL Buffers                                                      ; Off                ; Off                ;
; Ignore ROW GLOBAL Buffers                                                  ; Off                ; Off                ;
; Ignore LCELL Buffers                                                       ; Off                ; Off                ;
; Ignore SOFT Buffers                                                        ; On                 ; On                 ;
; Limit AHDL Integers to 32 Bits                                             ; Off                ; Off                ;
; Optimization Technique                                                     ; Balanced           ; Balanced           ;
; Carry Chain Length                                                         ; 70                 ; 70                 ;
; Auto Carry Chains                                                          ; On                 ; On                 ;
; Auto Open-Drain Pins                                                       ; On                 ; On                 ;
; Perform WYSIWYG Primitive Resynthesis                                      ; Off                ; Off                ;
; Auto ROM Replacement                                                       ; On                 ; On                 ;
; Auto RAM Replacement                                                       ; On                 ; On                 ;
; Auto DSP Block Replacement                                                 ; On                 ; On                 ;
; Auto Shift Register Replacement                                            ; Auto               ; Auto               ;
; Allow Shift Register Merging across Hierarchies                            ; Auto               ; Auto               ;
; Auto Clock Enable Replacement                                              ; On                 ; On                 ;
; Strict RAM Replacement                                                     ; Off                ; Off                ;
; Allow Synchronous Control Signals                                          ; On                 ; On                 ;
; Force Use of Synchronous Clear Signals                                     ; Off                ; Off                ;
; Auto RAM Block Balancing                                                   ; On                 ; On                 ;
; Auto RAM to Logic Cell Conversion                                          ; Off                ; Off                ;
; Auto Resource Sharing                                                      ; Off                ; Off                ;
; Allow Any RAM Size For Recognition                                         ; Off                ; Off                ;
; Allow Any ROM Size For Recognition                                         ; Off                ; Off                ;
; Allow Any Shift Register Size For Recognition                              ; Off                ; Off                ;
; Use LogicLock Constraints during Resource Balancing                        ; On                 ; On                 ;
; Ignore translate_off and synthesis_off directives                          ; Off                ; Off                ;
; Timing-Driven Synthesis                                                    ; On                 ; On                 ;
; Report Parameter Settings                                                  ; On                 ; On                 ;
; Report Source Assignments                                                  ; On                 ; On                 ;
; Report Connectivity Checks                                                 ; On                 ; On                 ;
; Ignore Maximum Fan-Out Assignments                                         ; Off                ; Off                ;
; Synchronization Register Chain Length                                      ; 2                  ; 2                  ;
; PowerPlay Power Optimization                                               ; Normal compilation ; Normal compilation ;
; HDL message level                                                          ; Level2             ; Level2             ;
; Suppress Register Optimization Related Messages                            ; Off                ; Off                ;
; Number of Removed Registers Reported in Synthesis Report                   ; 5000               ; 5000               ;
; Number of Swept Nodes Reported in Synthesis Report                         ; 5000               ; 5000               ;
; Number of Inverted Registers Reported in Synthesis Report                  ; 100                ; 100                ;
; Clock MUX Protection                                                       ; On                 ; On                 ;
; Auto Gated Clock Conversion                                                ; Off                ; Off                ;
; Block Design Naming                                                        ; Auto               ; Auto               ;
; SDC constraint protection                                                  ; Off                ; Off                ;
; Synthesis Effort                                                           ; Auto               ; Auto               ;
; Shift Register Replacement - Allow Asynchronous Clear Signal               ; On                 ; On                 ;
; Pre-Mapping Resynthesis Optimization                                       ; Off                ; Off                ;
; Analysis & Synthesis Message Level                                         ; Medium             ; Medium             ;
; Disable Register Merging Across Hierarchies                                ; Auto               ; Auto               ;
; Resource Aware Inference For Block RAM                                     ; On                 ; On                 ;
; Synthesis Seed                                                             ; 1                  ; 1                  ;
+----------------------------------------------------------------------------+--------------------+--------------------+


+------------------------------------------+
; Parallel Compilation                     ;
+----------------------------+-------------+
; Processors                 ; Number      ;
+----------------------------+-------------+
; Number detected on machine ; 4           ;
; Maximum allowed            ; 4           ;
;                            ;             ;
; Average used               ; 1.00        ;
; Maximum used               ; 2           ;
;                            ;             ;
; Usage by Processor         ; % Time Used ;
;     Processor 1            ; 100.0%      ;
;     Processor 2            ; < 0.1%      ;
;     Processors 3-4         ;   0.0%      ;
+----------------------------+-------------+


+-----------------------------------------------------------------------------------------------------------------------------------------------------------------+
; Analysis & Synthesis Source Files Read                                                                                                                          ;
+----------------------------------+-----------------+------------------------------+-------------------------------------------------------------------+---------+
; File Name with User-Entered Path ; Used in Netlist ; File Type                    ; File Name with Absolute Path                                      ; Library ;
+----------------------------------+-----------------+------------------------------+-------------------------------------------------------------------+---------+
; Calculator.v                     ; yes             ; User Verilog HDL File        ; G:/Programming/Quartus/Week12/Calculator.v                        ;         ;
; lpm_mult.tdf                     ; yes             ; Megafunction                 ; f:/quartusapp/quartus/libraries/megafunctions/lpm_mult.tdf        ;         ;
; aglobal130.inc                   ; yes             ; Megafunction                 ; f:/quartusapp/quartus/libraries/megafunctions/aglobal130.inc      ;         ;
; lpm_add_sub.inc                  ; yes             ; Megafunction                 ; f:/quartusapp/quartus/libraries/megafunctions/lpm_add_sub.inc     ;         ;
; multcore.inc                     ; yes             ; Megafunction                 ; f:/quartusapp/quartus/libraries/megafunctions/multcore.inc        ;         ;
; bypassff.inc                     ; yes             ; Megafunction                 ; f:/quartusapp/quartus/libraries/megafunctions/bypassff.inc        ;         ;
; altshift.inc                     ; yes             ; Megafunction                 ; f:/quartusapp/quartus/libraries/megafunctions/altshift.inc        ;         ;
; db/mult_a7t.tdf                  ; yes             ; Auto-Generated Megafunction  ; G:/Programming/Quartus/Week12/db/mult_a7t.tdf                     ;         ;
; lpm_divide.tdf                   ; yes             ; Megafunction                 ; f:/quartusapp/quartus/libraries/megafunctions/lpm_divide.tdf      ;         ;
; abs_divider.inc                  ; yes             ; Megafunction                 ; f:/quartusapp/quartus/libraries/megafunctions/abs_divider.inc     ;         ;
; sign_div_unsign.inc              ; yes             ; Megafunction                 ; f:/quartusapp/quartus/libraries/megafunctions/sign_div_unsign.inc ;         ;
; db/lpm_divide_d8m.tdf            ; yes             ; Auto-Generated Megafunction  ; G:/Programming/Quartus/Week12/db/lpm_divide_d8m.tdf               ;         ;
; db/sign_div_unsign_bkh.tdf       ; yes             ; Auto-Generated Megafunction  ; G:/Programming/Quartus/Week12/db/sign_div_unsign_bkh.tdf          ;         ;
; db/alt_u_div_13f.tdf             ; yes             ; Auto-Generated Megafunction  ; G:/Programming/Quartus/Week12/db/alt_u_div_13f.tdf                ;         ;
; db/add_sub_unc.tdf               ; yes             ; Auto-Generated Megafunction  ; G:/Programming/Quartus/Week12/db/add_sub_unc.tdf                  ;         ;
; db/add_sub_vnc.tdf               ; yes             ; Auto-Generated Megafunction  ; G:/Programming/Quartus/Week12/db/add_sub_vnc.tdf                  ;         ;
; db/lpm_divide_dgm.tdf            ; yes             ; Auto-Generated Megafunction  ; G:/Programming/Quartus/Week12/db/lpm_divide_dgm.tdf               ;         ;
; db/sign_div_unsign_ekh.tdf       ; yes             ; Auto-Generated Megafunction  ; G:/Programming/Quartus/Week12/db/sign_div_unsign_ekh.tdf          ;         ;
; db/alt_u_div_73f.tdf             ; yes             ; Auto-Generated Megafunction  ; G:/Programming/Quartus/Week12/db/alt_u_div_73f.tdf                ;         ;
; db/lpm_divide_agm.tdf            ; yes             ; Auto-Generated Megafunction  ; G:/Programming/Quartus/Week12/db/lpm_divide_agm.tdf               ;         ;
; multcore.tdf                     ; yes             ; Megafunction                 ; f:/quartusapp/quartus/libraries/megafunctions/multcore.tdf        ;         ;
; csa_add.inc                      ; yes             ; Megafunction                 ; f:/quartusapp/quartus/libraries/megafunctions/csa_add.inc         ;         ;
; mpar_add.inc                     ; yes             ; Megafunction                 ; f:/quartusapp/quartus/libraries/megafunctions/mpar_add.inc        ;         ;
; muleabz.inc                      ; yes             ; Megafunction                 ; f:/quartusapp/quartus/libraries/megafunctions/muleabz.inc         ;         ;
; mul_lfrg.inc                     ; yes             ; Megafunction                 ; f:/quartusapp/quartus/libraries/megafunctions/mul_lfrg.inc        ;         ;
; mul_boothc.inc                   ; yes             ; Megafunction                 ; f:/quartusapp/quartus/libraries/megafunctions/mul_boothc.inc      ;         ;
; alt_ded_mult.inc                 ; yes             ; Megafunction                 ; f:/quartusapp/quartus/libraries/megafunctions/alt_ded_mult.inc    ;         ;
; alt_ded_mult_y.inc               ; yes             ; Megafunction                 ; f:/quartusapp/quartus/libraries/megafunctions/alt_ded_mult_y.inc  ;         ;
; dffpipe.inc                      ; yes             ; Megafunction                 ; f:/quartusapp/quartus/libraries/megafunctions/dffpipe.inc         ;         ;
; mpar_add.tdf                     ; yes             ; Megafunction                 ; f:/quartusapp/quartus/libraries/megafunctions/mpar_add.tdf        ;         ;
; altshift.tdf                     ; yes             ; Megafunction                 ; f:/quartusapp/quartus/libraries/megafunctions/altshift.tdf        ;         ;
+----------------------------------+-----------------+------------------------------+-------------------------------------------------------------------+---------+


+-----------------------------------------------------------+
; Analysis & Synthesis Resource Usage Summary               ;
+---------------------------------------------+-------------+
; Resource                                    ; Usage       ;
+---------------------------------------------+-------------+
; Estimated Total logic elements              ; 269         ;
;                                             ;             ;
; Total combinational functions               ; 266         ;
; Logic element usage by number of LUT inputs ;             ;
;     -- 4 input functions                    ; 61          ;
;     -- 3 input functions                    ; 79          ;
;     -- <=2 input functions                  ; 126         ;
;                                             ;             ;
; Logic elements by mode                      ;             ;
;     -- normal mode                          ; 171         ;
;     -- arithmetic mode                      ; 95          ;
;                                             ;             ;
; Total registers                             ; 29          ;
;     -- Dedicated logic registers            ; 29          ;
;     -- I/O registers                        ; 0           ;
;                                             ;             ;
; I/O pins                                    ; 35          ;
; Embedded Multiplier 9-bit elements          ; 0           ;
; Maximum fan-out node                        ; i1[1]~input ;
; Maximum fan-out                             ; 20          ;
; Total fan-out                               ; 811         ;
; Average fan-out                             ; 2.22        ;
+---------------------------------------------+-------------+


+-----------------------------------------------------------------------------------------------------------------------------------------------------------------------------------------------------------------------------------------------------------------------------------------------------------------------------------+
; Analysis & Synthesis Resource Utilization by Entity                                                                                                                                                                                                                                                                               ;
+---------------------------------------------------+-------------------+--------------+-------------+--------------+---------+-----------+------+--------------+----------------------------------------------------------------------------------------------------------------------------------------------------+--------------+
; Compilation Hierarchy Node                        ; LC Combinationals ; LC Registers ; Memory Bits ; DSP Elements ; DSP 9x9 ; DSP 18x18 ; Pins ; Virtual Pins ; Full Hierarchy Name                                                                                                                                ; Library Name ;
+---------------------------------------------------+-------------------+--------------+-------------+--------------+---------+-----------+------+--------------+----------------------------------------------------------------------------------------------------------------------------------------------------+--------------+
; |Calculator                                       ; 266 (0)           ; 29 (0)       ; 0           ; 0            ; 0       ; 0         ; 35   ; 0            ; |Calculator                                                                                                                                        ;              ;
;    |Minus4:minus_mux|                             ; 15 (15)           ; 0 (0)        ; 0           ; 0            ; 0       ; 0         ; 0    ; 0            ; |Calculator|Minus4:minus_mux                                                                                                                       ;              ;
;    |Multiply4:multiply_mux|                       ; 30 (0)            ; 0 (0)        ; 0           ; 0            ; 0       ; 0         ; 0    ; 0            ; |Calculator|Multiply4:multiply_mux                                                                                                                 ;              ;
;       |lpm_mult:Mult0|                            ; 30 (0)            ; 0 (0)        ; 0           ; 0            ; 0       ; 0         ; 0    ; 0            ; |Calculator|Multiply4:multiply_mux|lpm_mult:Mult0                                                                                                  ;              ;
;          |mult_a7t:auto_generated|                ; 30 (30)           ; 0 (0)        ; 0           ; 0            ; 0       ; 0         ; 0    ; 0            ; |Calculator|Multiply4:multiply_mux|lpm_mult:Mult0|mult_a7t:auto_generated                                                                          ;              ;
;    |Plus4:plus_mux|                               ; 5 (5)             ; 0 (0)        ; 0           ; 0            ; 0       ; 0         ; 0    ; 0            ; |Calculator|Plus4:plus_mux                                                                                                                         ;              ;
;    |counter:count_mux|                            ; 31 (31)           ; 18 (18)      ; 0           ; 0            ; 0       ; 0         ; 0    ; 0            ; |Calculator|counter:count_mux                                                                                                                      ;              ;
;    |four_choose_one:select_mux|                   ; 18 (18)           ; 0 (0)        ; 0           ; 0            ; 0       ; 0         ; 0    ; 0            ; |Calculator|four_choose_one:select_mux                                                                                                             ;              ;
;    |four_choose_one_simple:select_one_simple_mux| ; 2 (2)             ; 0 (0)        ; 0           ; 0            ; 0       ; 0         ; 0    ; 0            ; |Calculator|four_choose_one_simple:select_one_simple_mux                                                                                           ;              ;
;    |show_control_ten_continuously:show_mux|       ; 165 (26)          ; 11 (11)      ; 0           ; 0            ; 0       ; 0         ; 0    ; 0            ; |Calculator|show_control_ten_continuously:show_mux                                                                                                 ;              ;
;       |lpm_divide:Div0|                           ; 25 (0)            ; 0 (0)        ; 0           ; 0            ; 0       ; 0         ; 0    ; 0            ; |Calculator|show_control_ten_continuously:show_mux|lpm_divide:Div0                                                                                 ;              ;
;          |lpm_divide_dgm:auto_generated|          ; 25 (0)            ; 0 (0)        ; 0           ; 0            ; 0       ; 0         ; 0    ; 0            ; |Calculator|show_control_ten_continuously:show_mux|lpm_divide:Div0|lpm_divide_dgm:auto_generated                                                   ;              ;
;             |sign_div_unsign_ekh:divider|         ; 25 (0)            ; 0 (0)        ; 0           ; 0            ; 0       ; 0         ; 0    ; 0            ; |Calculator|show_control_ten_continuously:show_mux|lpm_divide:Div0|lpm_divide_dgm:auto_generated|sign_div_unsign_ekh:divider                       ;              ;
;                |alt_u_div_73f:divider|            ; 25 (25)           ; 0 (0)        ; 0           ; 0            ; 0       ; 0         ; 0    ; 0            ; |Calculator|show_control_ten_continuously:show_mux|lpm_divide:Div0|lpm_divide_dgm:auto_generated|sign_div_unsign_ekh:divider|alt_u_div_73f:divider ;              ;
;       |lpm_divide:Div1|                           ; 56 (0)            ; 0 (0)        ; 0           ; 0            ; 0       ; 0         ; 0    ; 0            ; |Calculator|show_control_ten_continuously:show_mux|lpm_divide:Div1                                                                                 ;              ;
;          |lpm_divide_agm:auto_generated|          ; 56 (0)            ; 0 (0)        ; 0           ; 0            ; 0       ; 0         ; 0    ; 0            ; |Calculator|show_control_ten_continuously:show_mux|lpm_divide:Div1|lpm_divide_agm:auto_generated                                                   ;              ;
;             |sign_div_unsign_bkh:divider|         ; 56 (0)            ; 0 (0)        ; 0           ; 0            ; 0       ; 0         ; 0    ; 0            ; |Calculator|show_control_ten_continuously:show_mux|lpm_divide:Div1|lpm_divide_agm:auto_generated|sign_div_unsign_bkh:divider                       ;              ;
;                |alt_u_div_13f:divider|            ; 56 (56)           ; 0 (0)        ; 0           ; 0            ; 0       ; 0         ; 0    ; 0            ; |Calculator|show_control_ten_continuously:show_mux|lpm_divide:Div1|lpm_divide_agm:auto_generated|sign_div_unsign_bkh:divider|alt_u_div_13f:divider ;              ;
;       |lpm_divide:Mod0|                           ; 56 (0)            ; 0 (0)        ; 0           ; 0            ; 0       ; 0         ; 0    ; 0            ; |Calculator|show_control_ten_continuously:show_mux|lpm_divide:Mod0                                                                                 ;              ;
;          |lpm_divide_d8m:auto_generated|          ; 56 (0)            ; 0 (0)        ; 0           ; 0            ; 0       ; 0         ; 0    ; 0            ; |Calculator|show_control_ten_continuously:show_mux|lpm_divide:Mod0|lpm_divide_d8m:auto_generated                                                   ;              ;
;             |sign_div_unsign_bkh:divider|         ; 56 (0)            ; 0 (0)        ; 0           ; 0            ; 0       ; 0         ; 0    ; 0            ; |Calculator|show_control_ten_continuously:show_mux|lpm_divide:Mod0|lpm_divide_d8m:auto_generated|sign_div_unsign_bkh:divider                       ;              ;
;                |alt_u_div_13f:divider|            ; 56 (56)           ; 0 (0)        ; 0           ; 0            ; 0       ; 0         ; 0    ; 0            ; |Calculator|show_control_ten_continuously:show_mux|lpm_divide:Mod0|lpm_divide_d8m:auto_generated|sign_div_unsign_bkh:divider|alt_u_div_13f:divider ;              ;
;       |lpm_mult:Mult0|                            ; 2 (0)             ; 0 (0)        ; 0           ; 0            ; 0       ; 0         ; 0    ; 0            ; |Calculator|show_control_ten_continuously:show_mux|lpm_mult:Mult0                                                                                  ;              ;
;          |multcore:mult_core|                     ; 2 (2)             ; 0 (0)        ; 0           ; 0            ; 0       ; 0         ; 0    ; 0            ; |Calculator|show_control_ten_continuously:show_mux|lpm_mult:Mult0|multcore:mult_core                                                               ;              ;
+---------------------------------------------------+-------------------+--------------+-------------+--------------+---------+-----------+------+--------------+----------------------------------------------------------------------------------------------------------------------------------------------------+--------------+
Note: For table entries with two numbers listed, the numbers in parentheses indicate the number of resources of the given type used by the specific entity alone. The numbers listed outside of parentheses indicate the total resources of the given type used by the specific entity and all of its sub-entities in the hierarchy.


Encoding Type:  One-Hot
+-------------------------------------------------------------------------------+
; State Machine - |Calculator|show_control_ten_continuously:show_mux|show_state ;
+---------------+---------------+---------------+---------------+---------------+
; Name          ; show_state.11 ; show_state.10 ; show_state.01 ; show_state.00 ;
+---------------+---------------+---------------+---------------+---------------+
; show_state.00 ; 0             ; 0             ; 0             ; 0             ;
; show_state.01 ; 0             ; 0             ; 1             ; 1             ;
; show_state.10 ; 0             ; 1             ; 0             ; 1             ;
; show_state.11 ; 1             ; 0             ; 0             ; 1             ;
+---------------+---------------+---------------+---------------+---------------+


+--------------------------------------------------------------------------------------------------+
; Registers Removed During Synthesis                                                               ;
+---------------------------------------------------------+----------------------------------------+
; Register name                                           ; Reason for Removal                     ;
+---------------------------------------------------------+----------------------------------------+
; show_control_ten_continuously:show_mux|show_place[3..5] ; Stuck at VCC due to stuck port data_in ;
; show_control_ten_continuously:show_mux|show_state~2     ; Lost fanout                            ;
; show_control_ten_continuously:show_mux|show_state~3     ; Lost fanout                            ;
; Total Number of Removed Registers = 5                   ;                                        ;
+---------------------------------------------------------+----------------------------------------+


+------------------------------------------------------+
; General Register Statistics                          ;
+----------------------------------------------+-------+
; Statistic                                    ; Value ;
+----------------------------------------------+-------+
; Total registers                              ; 29    ;
; Number of registers using Synchronous Clear  ; 0     ;
; Number of registers using Synchronous Load   ; 0     ;
; Number of registers using Asynchronous Clear ; 0     ;
; Number of registers using Asynchronous Load  ; 0     ;
; Number of registers using Clock Enable       ; 0     ;
; Number of registers using Preset             ; 0     ;
+----------------------------------------------+-------+


+---------------------------------------------------------------------------------------------------------------------------------------------------------------------------------+
; Multiplexer Restructuring Statistics (Restructuring Performed)                                                                                                                  ;
+--------------------+-----------+---------------+----------------------+------------------------+------------+-------------------------------------------------------------------+
; Multiplexer Inputs ; Bus Width ; Baseline Area ; Area if Restructured ; Saving if Restructured ; Registered ; Example Multiplexer Output                                        ;
+--------------------+-----------+---------------+----------------------+------------------------+------------+-------------------------------------------------------------------+
; 4:1                ; 4 bits    ; 8 LEs         ; 8 LEs                ; 0 LEs                  ; Yes        ; |Calculator|show_control_ten_continuously:show_mux|to_be_shown[3] ;
; 3:1                ; 3 bits    ; 6 LEs         ; 6 LEs                ; 0 LEs                  ; No         ; |Calculator|four_choose_one:select_mux|Mux2                       ;
; 5:1                ; 5 bits    ; 15 LEs        ; 10 LEs               ; 5 LEs                  ; No         ; |Calculator|four_choose_one:select_mux|Mux7                       ;
+--------------------+-----------+---------------+----------------------+------------------------+------------+-------------------------------------------------------------------+


+----------------------------------------------------------------------------------------+
; Parameter Settings for Inferred Entity Instance: Multiply4:multiply_mux|lpm_mult:Mult0 ;
+------------------------------------------------+-------------+-------------------------+
; Parameter Name                                 ; Value       ; Type                    ;
+------------------------------------------------+-------------+-------------------------+
; AUTO_CARRY_CHAINS                              ; ON          ; AUTO_CARRY              ;
; IGNORE_CARRY_BUFFERS                           ; OFF         ; IGNORE_CARRY            ;
; AUTO_CASCADE_CHAINS                            ; ON          ; AUTO_CASCADE            ;
; IGNORE_CASCADE_BUFFERS                         ; OFF         ; IGNORE_CASCADE          ;
; LPM_WIDTHA                                     ; 4           ; Untyped                 ;
; LPM_WIDTHB                                     ; 4           ; Untyped                 ;
; LPM_WIDTHP                                     ; 8           ; Untyped                 ;
; LPM_WIDTHR                                     ; 8           ; Untyped                 ;
; LPM_WIDTHS                                     ; 1           ; Untyped                 ;
; LPM_REPRESENTATION                             ; UNSIGNED    ; Untyped                 ;
; LPM_PIPELINE                                   ; 0           ; Untyped                 ;
; LATENCY                                        ; 0           ; Untyped                 ;
; INPUT_A_IS_CONSTANT                            ; NO          ; Untyped                 ;
; INPUT_B_IS_CONSTANT                            ; NO          ; Untyped                 ;
; USE_EAB                                        ; OFF         ; Untyped                 ;
; MAXIMIZE_SPEED                                 ; 5           ; Untyped                 ;
; DEVICE_FAMILY                                  ; Cyclone III ; Untyped                 ;
; CARRY_CHAIN                                    ; MANUAL      ; Untyped                 ;
; APEX20K_TECHNOLOGY_MAPPER                      ; LUT         ; TECH_MAPPER_APEX20K     ;
; DEDICATED_MULTIPLIER_CIRCUITRY                 ; AUTO        ; Untyped                 ;
; DEDICATED_MULTIPLIER_MIN_INPUT_WIDTH_FOR_AUTO  ; 0           ; Untyped                 ;
; DEDICATED_MULTIPLIER_MIN_OUTPUT_WIDTH_FOR_AUTO ; 0           ; Untyped                 ;
; CBXI_PARAMETER                                 ; mult_a7t    ; Untyped                 ;
; INPUT_A_FIXED_VALUE                            ; Bx          ; Untyped                 ;
; INPUT_B_FIXED_VALUE                            ; Bx          ; Untyped                 ;
; USE_AHDL_IMPLEMENTATION                        ; OFF         ; Untyped                 ;
+------------------------------------------------+-------------+-------------------------+
Note: In order to hide this table in the UI and the text report file, please set the "Show Parameter Settings in Synthesis Report" option in "Analysis and Synthesis Settings -> More Settings" to "Off".


+---------------------------------------------------------------------------------------------------------+
; Parameter Settings for Inferred Entity Instance: show_control_ten_continuously:show_mux|lpm_divide:Mod0 ;
+------------------------+----------------+---------------------------------------------------------------+
; Parameter Name         ; Value          ; Type                                                          ;
+------------------------+----------------+---------------------------------------------------------------+
; LPM_WIDTHN             ; 8              ; Untyped                                                       ;
; LPM_WIDTHD             ; 4              ; Untyped                                                       ;
; LPM_NREPRESENTATION    ; UNSIGNED       ; Untyped                                                       ;
; LPM_DREPRESENTATION    ; UNSIGNED       ; Untyped                                                       ;
; LPM_PIPELINE           ; 0              ; Untyped                                                       ;
; LPM_REMAINDERPOSITIVE  ; TRUE           ; Untyped                                                       ;
; MAXIMIZE_SPEED         ; 5              ; Untyped                                                       ;
; CBXI_PARAMETER         ; lpm_divide_d8m ; Untyped                                                       ;
; CARRY_CHAIN            ; MANUAL         ; Untyped                                                       ;
; OPTIMIZE_FOR_SPEED     ; 5              ; Untyped                                                       ;
; AUTO_CARRY_CHAINS      ; ON             ; AUTO_CARRY                                                    ;
; IGNORE_CARRY_BUFFERS   ; OFF            ; IGNORE_CARRY                                                  ;
; AUTO_CASCADE_CHAINS    ; ON             ; AUTO_CASCADE                                                  ;
; IGNORE_CASCADE_BUFFERS ; OFF            ; IGNORE_CASCADE                                                ;
+------------------------+----------------+---------------------------------------------------------------+
Note: In order to hide this table in the UI and the text report file, please set the "Show Parameter Settings in Synthesis Report" option in "Analysis and Synthesis Settings -> More Settings" to "Off".


+---------------------------------------------------------------------------------------------------------+
; Parameter Settings for Inferred Entity Instance: show_control_ten_continuously:show_mux|lpm_divide:Div0 ;
+------------------------+----------------+---------------------------------------------------------------+
; Parameter Name         ; Value          ; Type                                                          ;
+------------------------+----------------+---------------------------------------------------------------+
; LPM_WIDTHN             ; 8              ; Untyped                                                       ;
; LPM_WIDTHD             ; 7              ; Untyped                                                       ;
; LPM_NREPRESENTATION    ; UNSIGNED       ; Untyped                                                       ;
; LPM_DREPRESENTATION    ; UNSIGNED       ; Untyped                                                       ;
; LPM_PIPELINE           ; 0              ; Untyped                                                       ;
; LPM_REMAINDERPOSITIVE  ; TRUE           ; Untyped                                                       ;
; MAXIMIZE_SPEED         ; 5              ; Untyped                                                       ;
; CBXI_PARAMETER         ; lpm_divide_dgm ; Untyped                                                       ;
; CARRY_CHAIN            ; MANUAL         ; Untyped                                                       ;
; OPTIMIZE_FOR_SPEED     ; 5              ; Untyped                                                       ;
; AUTO_CARRY_CHAINS      ; ON             ; AUTO_CARRY                                                    ;
; IGNORE_CARRY_BUFFERS   ; OFF            ; IGNORE_CARRY                                                  ;
; AUTO_CASCADE_CHAINS    ; ON             ; AUTO_CASCADE                                                  ;
; IGNORE_CASCADE_BUFFERS ; OFF            ; IGNORE_CASCADE                                                ;
+------------------------+----------------+---------------------------------------------------------------+
Note: In order to hide this table in the UI and the text report file, please set the "Show Parameter Settings in Synthesis Report" option in "Analysis and Synthesis Settings -> More Settings" to "Off".


+---------------------------------------------------------------------------------------------------------+
; Parameter Settings for Inferred Entity Instance: show_control_ten_continuously:show_mux|lpm_divide:Div1 ;
+------------------------+----------------+---------------------------------------------------------------+
; Parameter Name         ; Value          ; Type                                                          ;
+------------------------+----------------+---------------------------------------------------------------+
; LPM_WIDTHN             ; 8              ; Untyped                                                       ;
; LPM_WIDTHD             ; 4              ; Untyped                                                       ;
; LPM_NREPRESENTATION    ; UNSIGNED       ; Untyped                                                       ;
; LPM_DREPRESENTATION    ; UNSIGNED       ; Untyped                                                       ;
; LPM_PIPELINE           ; 0              ; Untyped                                                       ;
; LPM_REMAINDERPOSITIVE  ; TRUE           ; Untyped                                                       ;
; MAXIMIZE_SPEED         ; 5              ; Untyped                                                       ;
; CBXI_PARAMETER         ; lpm_divide_agm ; Untyped                                                       ;
; CARRY_CHAIN            ; MANUAL         ; Untyped                                                       ;
; OPTIMIZE_FOR_SPEED     ; 5              ; Untyped                                                       ;
; AUTO_CARRY_CHAINS      ; ON             ; AUTO_CARRY                                                    ;
; IGNORE_CARRY_BUFFERS   ; OFF            ; IGNORE_CARRY                                                  ;
; AUTO_CASCADE_CHAINS    ; ON             ; AUTO_CASCADE                                                  ;
; IGNORE_CASCADE_BUFFERS ; OFF            ; IGNORE_CASCADE                                                ;
+------------------------+----------------+---------------------------------------------------------------+
Note: In order to hide this table in the UI and the text report file, please set the "Show Parameter Settings in Synthesis Report" option in "Analysis and Synthesis Settings -> More Settings" to "Off".


+--------------------------------------------------------------------------------------------------------+
; Parameter Settings for Inferred Entity Instance: show_control_ten_continuously:show_mux|lpm_mult:Mult0 ;
+------------------------------------------------+-------------+-----------------------------------------+
; Parameter Name                                 ; Value       ; Type                                    ;
+------------------------------------------------+-------------+-----------------------------------------+
; AUTO_CARRY_CHAINS                              ; ON          ; AUTO_CARRY                              ;
; IGNORE_CARRY_BUFFERS                           ; OFF         ; IGNORE_CARRY                            ;
; AUTO_CASCADE_CHAINS                            ; ON          ; AUTO_CASCADE                            ;
; IGNORE_CASCADE_BUFFERS                         ; OFF         ; IGNORE_CASCADE                          ;
; LPM_WIDTHA                                     ; 7           ; Untyped                                 ;
; LPM_WIDTHB                                     ; 4           ; Untyped                                 ;
; LPM_WIDTHP                                     ; 11          ; Untyped                                 ;
; LPM_WIDTHR                                     ; 11          ; Untyped                                 ;
; LPM_WIDTHS                                     ; 1           ; Untyped                                 ;
; LPM_REPRESENTATION                             ; UNSIGNED    ; Untyped                                 ;
; LPM_PIPELINE                                   ; 0           ; Untyped                                 ;
; LATENCY                                        ; 0           ; Untyped                                 ;
; INPUT_A_IS_CONSTANT                            ; YES         ; Untyped                                 ;
; INPUT_B_IS_CONSTANT                            ; NO          ; Untyped                                 ;
; USE_EAB                                        ; OFF         ; Untyped                                 ;
; MAXIMIZE_SPEED                                 ; 5           ; Untyped                                 ;
; DEVICE_FAMILY                                  ; Cyclone III ; Untyped                                 ;
; CARRY_CHAIN                                    ; MANUAL      ; Untyped                                 ;
; APEX20K_TECHNOLOGY_MAPPER                      ; LUT         ; TECH_MAPPER_APEX20K                     ;
; DEDICATED_MULTIPLIER_CIRCUITRY                 ; AUTO        ; Untyped                                 ;
; DEDICATED_MULTIPLIER_MIN_INPUT_WIDTH_FOR_AUTO  ; 0           ; Untyped                                 ;
; DEDICATED_MULTIPLIER_MIN_OUTPUT_WIDTH_FOR_AUTO ; 0           ; Untyped                                 ;
; CBXI_PARAMETER                                 ; NOTHING     ; Untyped                                 ;
; INPUT_A_FIXED_VALUE                            ; Bx          ; Untyped                                 ;
; INPUT_B_FIXED_VALUE                            ; Bx          ; Untyped                                 ;
; USE_AHDL_IMPLEMENTATION                        ; OFF         ; Untyped                                 ;
+------------------------------------------------+-------------+-----------------------------------------+
Note: In order to hide this table in the UI and the text report file, please set the "Show Parameter Settings in Synthesis Report" option in "Analysis and Synthesis Settings -> More Settings" to "Off".


+-----------------------------------------------------------------------------------------------+
; lpm_mult Parameter Settings by Entity Instance                                                ;
+---------------------------------------+-------------------------------------------------------+
; Name                                  ; Value                                                 ;
+---------------------------------------+-------------------------------------------------------+
; Number of entity instances            ; 2                                                     ;
; Entity Instance                       ; Multiply4:multiply_mux|lpm_mult:Mult0                 ;
;     -- LPM_WIDTHA                     ; 4                                                     ;
;     -- LPM_WIDTHB                     ; 4                                                     ;
;     -- LPM_WIDTHP                     ; 8                                                     ;
;     -- LPM_REPRESENTATION             ; UNSIGNED                                              ;
;     -- INPUT_A_IS_CONSTANT            ; NO                                                    ;
;     -- INPUT_B_IS_CONSTANT            ; NO                                                    ;
;     -- USE_EAB                        ; OFF                                                   ;
;     -- DEDICATED_MULTIPLIER_CIRCUITRY ; AUTO                                                  ;
;     -- INPUT_A_FIXED_VALUE            ; Bx                                                    ;
;     -- INPUT_B_FIXED_VALUE            ; Bx                                                    ;
; Entity Instance                       ; show_control_ten_continuously:show_mux|lpm_mult:Mult0 ;
;     -- LPM_WIDTHA                     ; 7                                                     ;
;     -- LPM_WIDTHB                     ; 4                                                     ;
;     -- LPM_WIDTHP                     ; 11                                                    ;
;     -- LPM_REPRESENTATION             ; UNSIGNED                                              ;
;     -- INPUT_A_IS_CONSTANT            ; YES                                                   ;
;     -- INPUT_B_IS_CONSTANT            ; NO                                                    ;
;     -- USE_EAB                        ; OFF                                                   ;
;     -- DEDICATED_MULTIPLIER_CIRCUITRY ; AUTO                                                  ;
;     -- INPUT_A_FIXED_VALUE            ; Bx                                                    ;
;     -- INPUT_B_FIXED_VALUE            ; Bx                                                    ;
+---------------------------------------+-------------------------------------------------------+


+--------------------------------------------------------------------------------------------------------------------------------------------------------------------------------------------------------------------+
; Port Connectivity Checks: "four_choose_one_simple:select_one_simple_mux"                                                                                                                                           ;
+------------+-------+----------+------------------------------------------------------------------------------------------------------------------------------------------------------------------------------------+
; Port       ; Type  ; Severity ; Details                                                                                                                                                                            ;
+------------+-------+----------+------------------------------------------------------------------------------------------------------------------------------------------------------------------------------------+
; num_00     ; Input ; Warning  ; Input port expression (32 bits) is wider than the input port (1 bits) it drives.  The 31 most-significant bit(s) in the expression will be dangling if they have no other fanouts. ;
; num_00[-1] ; Input ; Info     ; Stuck at GND                                                                                                                                                                       ;
; num_01     ; Input ; Warning  ; Input port expression (32 bits) is wider than the input port (1 bits) it drives.  The 31 most-significant bit(s) in the expression will be dangling if they have no other fanouts. ;
; num_01[-1] ; Input ; Info     ; Stuck at GND                                                                                                                                                                       ;
; num_11     ; Input ; Warning  ; Input port expression (32 bits) is wider than the input port (1 bits) it drives.  The 31 most-significant bit(s) in the expression will be dangling if they have no other fanouts. ;
; num_11[-1] ; Input ; Info     ; Stuck at GND                                                                                                                                                                       ;
+------------+-------+----------+------------------------------------------------------------------------------------------------------------------------------------------------------------------------------------+


+--------------------------------------------------------+
; Port Connectivity Checks: "four_choose_one:select_mux" ;
+--------+-------+----------+----------------------------+
; Port   ; Type  ; Severity ; Details                    ;
+--------+-------+----------+----------------------------+
; num_00 ; Input ; Info     ; Stuck at GND               ;
+--------+-------+----------+----------------------------+


+-------------------------------+
; Elapsed Time Per Partition    ;
+----------------+--------------+
; Partition Name ; Elapsed Time ;
+----------------+--------------+
; Top            ; 00:00:02     ;
+----------------+--------------+


+-------------------------------+
; Analysis & Synthesis Messages ;
+-------------------------------+
Info: *******************************************************************
Info: Running Quartus II 64-Bit Analysis & Synthesis
    Info: Version 13.0.0 Build 156 04/24/2013 SJ Full Version
    Info: Processing started: Wed Dec 12 14:34:11 2018
Info: Command: quartus_map --read_settings_files=on --write_settings_files=off Calculator -c Calculator
Info (20030): Parallel compilation is enabled and will use 4 of the 4 processors detected
Info (12021): Found 10 design units, including 10 entities, in source file calculator.v
    Info (12023): Found entity 1: Calculator
    Info (12023): Found entity 2: Plus4
    Info (12023): Found entity 3: Minus4
    Info (12023): Found entity 4: Multiply4
    Info (12023): Found entity 5: four_choose_one
    Info (12023): Found entity 6: four_choose_one_simple
    Info (12023): Found entity 7: show_control
    Info (12023): Found entity 8: show_control_ten
    Info (12023): Found entity 9: show_control_ten_continuously
    Info (12023): Found entity 10: counter
Warning (10236): Verilog HDL Implicit Net warning at Calculator.v(18): created implicit net for "sign"
Critical Warning (10226): Verilog HDL Port Declaration warning at Calculator.v(352): port declaration for "clk_original" declares packed dimensions but the data type declaration does not
Info (10499): HDL info at Calculator.v(350): see declaration for object "clk_original"
Critical Warning (10226): Verilog HDL Port Declaration warning at Calculator.v(353): port declaration for "clk" declares packed dimensions but the data type declaration does not
Info (10499): HDL info at Calculator.v(351): see declaration for object "clk"
Info (12127): Elaborating entity "Calculator" for the top level hierarchy
Info (12128): Elaborating entity "Plus4" for hierarchy "Plus4:plus_mux"
Info (12128): Elaborating entity "Minus4" for hierarchy "Minus4:minus_mux"
Warning (10230): Verilog HDL assignment warning at Calculator.v(55): truncated value with size 32 to match size of target (8)
Info (12128): Elaborating entity "Multiply4" for hierarchy "Multiply4:multiply_mux"
Info (12128): Elaborating entity "four_choose_one" for hierarchy "four_choose_one:select_mux"
Info (12128): Elaborating entity "four_choose_one_simple" for hierarchy "four_choose_one_simple:select_one_simple_mux"
Info (12128): Elaborating entity "counter" for hierarchy "counter:count_mux"
Warning (10230): Verilog HDL assignment warning at Calculator.v(362): truncated value with size 32 to match size of target (17)
Info (12128): Elaborating entity "show_control_ten_continuously" for hierarchy "show_control_ten_continuously:show_mux"
Warning (10230): Verilog HDL assignment warning at Calculator.v(275): truncated value with size 8 to match size of target (4)
Warning (10230): Verilog HDL assignment warning at Calculator.v(276): truncated value with size 8 to match size of target (4)
Warning (10230): Verilog HDL assignment warning at Calculator.v(277): truncated value with size 8 to match size of target (4)
Info (278001): Inferred 5 megafunctions from design logic
    Info (278003): Inferred multiplier megafunction ("lpm_mult") from the following logic: "Multiply4:multiply_mux|Mult0"
    Info (278004): Inferred divider/modulo megafunction ("lpm_divide") from the following logic: "show_control_ten_continuously:show_mux|Mod0"
    Info (278004): Inferred divider/modulo megafunction ("lpm_divide") from the following logic: "show_control_ten_continuously:show_mux|Div0"
    Info (278004): Inferred divider/modulo megafunction ("lpm_divide") from the following logic: "show_control_ten_continuously:show_mux|Div1"
    Info (278003): Inferred multiplier megafunction ("lpm_mult") from the following logic: "show_control_ten_continuously:show_mux|Mult0"
Info (12130): Elaborated megafunction instantiation "Multiply4:multiply_mux|lpm_mult:Mult0"
Info (12133): Instantiated megafunction "Multiply4:multiply_mux|lpm_mult:Mult0" with the following parameter:
    Info (12134): Parameter "LPM_WIDTHA" = "4"
    Info (12134): Parameter "LPM_WIDTHB" = "4"
    Info (12134): Parameter "LPM_WIDTHP" = "8"
    Info (12134): Parameter "LPM_WIDTHR" = "8"
    Info (12134): Parameter "LPM_WIDTHS" = "1"
    Info (12134): Parameter "LPM_REPRESENTATION" = "UNSIGNED"
    Info (12134): Parameter "INPUT_A_IS_CONSTANT" = "NO"
    Info (12134): Parameter "INPUT_B_IS_CONSTANT" = "NO"
    Info (12134): Parameter "MAXIMIZE_SPEED" = "5"
Info (12021): Found 1 design units, including 1 entities, in source file db/mult_a7t.tdf
    Info (12023): Found entity 1: mult_a7t
Info (12130): Elaborated megafunction instantiation "show_control_ten_continuously:show_mux|lpm_divide:Mod0"
Info (12133): Instantiated megafunction "show_control_ten_continuously:show_mux|lpm_divide:Mod0" with the following parameter:
    Info (12134): Parameter "LPM_WIDTHN" = "8"
    Info (12134): Parameter "LPM_WIDTHD" = "4"
    Info (12134): Parameter "LPM_NREPRESENTATION" = "UNSIGNED"
    Info (12134): Parameter "LPM_DREPRESENTATION" = "UNSIGNED"
Info (12021): Found 1 design units, including 1 entities, in source file db/lpm_divide_d8m.tdf
    Info (12023): Found entity 1: lpm_divide_d8m
Info (12021): Found 1 design units, including 1 entities, in source file db/sign_div_unsign_bkh.tdf
    Info (12023): Found entity 1: sign_div_unsign_bkh
Info (12021): Found 1 design units, including 1 entities, in source file db/alt_u_div_13f.tdf
    Info (12023): Found entity 1: alt_u_div_13f
Info (12021): Found 1 design units, including 1 entities, in source file db/add_sub_unc.tdf
    Info (12023): Found entity 1: add_sub_unc
Info (12021): Found 1 design units, including 1 entities, in source file db/add_sub_vnc.tdf
    Info (12023): Found entity 1: add_sub_vnc
Info (12130): Elaborated megafunction instantiation "show_control_ten_continuously:show_mux|lpm_divide:Div0"
Info (12133): Instantiated megafunction "show_control_ten_continuously:show_mux|lpm_divide:Div0" with the following parameter:
    Info (12134): Parameter "LPM_WIDTHN" = "8"
    Info (12134): Parameter "LPM_WIDTHD" = "7"
    Info (12134): Parameter "LPM_NREPRESENTATION" = "UNSIGNED"
    Info (12134): Parameter "LPM_DREPRESENTATION" = "UNSIGNED"
Info (12021): Found 1 design units, including 1 entities, in source file db/lpm_divide_dgm.tdf
    Info (12023): Found entity 1: lpm_divide_dgm
Info (12021): Found 1 design units, including 1 entities, in source file db/sign_div_unsign_ekh.tdf
    Info (12023): Found entity 1: sign_div_unsign_ekh
Info (12021): Found 1 design units, including 1 entities, in source file db/alt_u_div_73f.tdf
    Info (12023): Found entity 1: alt_u_div_73f
Info (12130): Elaborated megafunction instantiation "show_control_ten_continuously:show_mux|lpm_divide:Div1"
Info (12133): Instantiated megafunction "show_control_ten_continuously:show_mux|lpm_divide:Div1" with the following parameter:
    Info (12134): Parameter "LPM_WIDTHN" = "8"
    Info (12134): Parameter "LPM_WIDTHD" = "4"
    Info (12134): Parameter "LPM_NREPRESENTATION" = "UNSIGNED"
    Info (12134): Parameter "LPM_DREPRESENTATION" = "UNSIGNED"
Info (12021): Found 1 design units, including 1 entities, in source file db/lpm_divide_agm.tdf
    Info (12023): Found entity 1: lpm_divide_agm
Info (12130): Elaborated megafunction instantiation "show_control_ten_continuously:show_mux|lpm_mult:Mult0"
Info (12133): Instantiated megafunction "show_control_ten_continuously:show_mux|lpm_mult:Mult0" with the following parameter:
    Info (12134): Parameter "LPM_WIDTHA" = "7"
    Info (12134): Parameter "LPM_WIDTHB" = "4"
    Info (12134): Parameter "LPM_WIDTHP" = "11"
    Info (12134): Parameter "LPM_WIDTHR" = "11"
    Info (12134): Parameter "LPM_WIDTHS" = "1"
    Info (12134): Parameter "LPM_REPRESENTATION" = "UNSIGNED"
    Info (12134): Parameter "INPUT_A_IS_CONSTANT" = "YES"
    Info (12134): Parameter "INPUT_B_IS_CONSTANT" = "NO"
    Info (12134): Parameter "MAXIMIZE_SPEED" = "5"
Info (12131): Elaborated megafunction instantiation "show_control_ten_continuously:show_mux|lpm_mult:Mult0|multcore:mult_core", which is child of megafunction instantiation "show_control_ten_continuously:show_mux|lpm_mult:Mult0"
Info (12131): Elaborated megafunction instantiation "show_control_ten_continuously:show_mux|lpm_mult:Mult0|multcore:mult_core|mpar_add:padder", which is child of megafunction instantiation "show_control_ten_continuously:show_mux|lpm_mult:Mult0"
Info (12131): Elaborated megafunction instantiation "show_control_ten_continuously:show_mux|lpm_mult:Mult0|altshift:external_latency_ffs", which is child of megafunction instantiation "show_control_ten_continuously:show_mux|lpm_mult:Mult0"
Warning (14284): Synthesized away the following node(s):
    Warning (14285): Synthesized away the following LCELL buffer node(s):
        Warning (14320): Synthesized away node "Multiply4:multiply_mux|lpm_mult:Mult0|mult_a7t:auto_generated|le5a[4]"
Warning (12241): 1 hierarchies have connectivity warnings - see the Connectivity Checks report folder
Info (13014): Ignored 48 buffer(s)
    Info (13016): Ignored 4 CARRY_SUM buffer(s)
    Info (13019): Ignored 44 SOFT buffer(s)
Warning (13024): Output pins are stuck at VCC or GND
    Warning (13410): Pin "show_place[3]" is stuck at VCC
    Warning (13410): Pin "show_place[4]" is stuck at VCC
    Warning (13410): Pin "show_place[5]" is stuck at VCC
Info (286030): Timing-Driven Synthesis is running
Info (17049): 2 registers lost all their fanouts during netlist optimizations.
Info (16010): Generating hard_block partition "hard_block:auto_generated_inst"
    Info (16011): Adding 0 node(s), including 0 DDIO, 0 PLL, 0 transceiver and 0 LCELL
Warning (21074): Design contains 2 input pin(s) that do not drive logic
    Warning (15610): No output dependent on input pin "btn_control[0]"
    Warning (15610): No output dependent on input pin "btn_control[1]"
Info (21057): Implemented 304 device resources after synthesis - the final resource count might be different
    Info (21058): Implemented 13 input pins
    Info (21059): Implemented 22 output pins
    Info (21061): Implemented 269 logic cells
Info: Quartus II 64-Bit Analysis & Synthesis was successful. 0 errors, 19 warnings
    Info: Peak virtual memory: 4653 megabytes
    Info: Processing ended: Wed Dec 12 14:34:15 2018
    Info: Elapsed time: 00:00:04
    Info: Total CPU time (on all processors): 00:00:03


