Flow report for keyboard
Tue Dec 31 10:41:23 2013
Quartus II 64-Bit Version 13.0.0 Build 156 04/24/2013 SJ Full Version


---------------------
; Table of Contents ;
---------------------
  1. Legal Notice
  2. Flow Summary
  3. Flow Settings
  4. Flow Non-Default Global Settings
  5. Flow Elapsed Time
  6. Flow OS Summary
  7. Flow Log
  8. Flow Messages
  9. Flow Suppressed Messages



----------------
; Legal Notice ;
----------------
Copyright (C) 1991-2013 Altera Corporation
Your use of Altera Corporation's design tools, logic functions 
and other software and tools, and its AMPP partner logic 
functions, and any output files from any of the foregoing 
(including device programming or simulation files), and any 
associated documentation or information are expressly subject 
to the terms and conditions of the Altera Program License 
Subscription Agreement, Altera MegaCore Function License 
Agreement, or other applicable license agreement, including, 
without limitation, that your use is for the sole purpose of 
programming logic devices manufactured by Altera and sold by 
Altera or its authorized distributors.  Please refer to the 
applicable agreement for further details.



+----------------------------------------------------------------------------------+
; Flow Summary                                                                     ;
+------------------------------------+---------------------------------------------+
; Flow Status                        ; Successful - Tue Dec 31 10:41:23 2013       ;
; Quartus II 64-Bit Version          ; 13.0.0 Build 156 04/24/2013 SJ Full Version ;
; Revision Name                      ; keyboard                                    ;
; Top-level Entity Name              ; keyboard1                                   ;
; Family                             ; Cyclone II                                  ;
; Device                             ; EP2C35F672C8                                ;
; Timing Models                      ; Final                                       ;
; Total logic elements               ; 265 / 33,216 ( < 1 % )                      ;
;     Total combinational functions  ; 252 / 33,216 ( < 1 % )                      ;
;     Dedicated logic registers      ; 76 / 33,216 ( < 1 % )                       ;
; Total registers                    ; 76                                          ;
; Total pins                         ; 27 / 475 ( 6 % )                            ;
; Total virtual pins                 ; 0                                           ;
; Total memory bits                  ; 0 / 483,840 ( 0 % )                         ;
; Embedded Multiplier 9-bit elements ; 0 / 70 ( 0 % )                              ;
; Total PLLs                         ; 0 / 4 ( 0 % )                               ;
+------------------------------------+---------------------------------------------+


+-----------------------------------------+
; Flow Settings                           ;
+-------------------+---------------------+
; Option            ; Setting             ;
+-------------------+---------------------+
; Start date & time ; 12/31/2013 10:40:24 ;
; Main task         ; Compilation         ;
; Revision Name     ; keyboard            ;
+-------------------+---------------------+


+-----------------------------------------------------------------------------------------------------------------------------+
; Flow Non-Default Global Settings                                                                                            ;
+--------------------------------------+---------------------------------------+---------------+-------------+----------------+
; Assignment Name                      ; Value                                 ; Default Value ; Entity Name ; Section Id     ;
+--------------------------------------+---------------------------------------+---------------+-------------+----------------+
; COMPILER_SIGNATURE_ID                ; 171859727753813.138845762431872       ; --            ; --          ; --             ;
; EDA_DESIGN_INSTANCE_NAME             ; NA                                    ; --            ; --          ; keyboard1_tb   ;
; EDA_NATIVELINK_SIMULATION_TEST_BENCH ; keyboard1_tb                          ; --            ; --          ; eda_simulation ;
; EDA_OUTPUT_DATA_FORMAT               ; Verilog Hdl                           ; --            ; --          ; eda_simulation ;
; EDA_SIMULATION_TOOL                  ; ModelSim-Altera (Verilog)             ; <None>        ; --          ; --             ;
; EDA_TEST_BENCH_ENABLE_STATUS         ; TEST_BENCH_MODE                       ; --            ; --          ; eda_simulation ;
; EDA_TEST_BENCH_FILE                  ; keyboard1_tb.v                        ; --            ; --          ; keyboard1_tb   ;
; EDA_TEST_BENCH_MODULE_NAME           ; keyboard1_tb                          ; --            ; --          ; keyboard1_tb   ;
; EDA_TEST_BENCH_NAME                  ; keyboard1_tb                          ; --            ; --          ; eda_simulation ;
; EDA_TIME_SCALE                       ; 10 ns                                 ; --            ; --          ; eda_simulation ;
; MAX_CORE_JUNCTION_TEMP               ; 85                                    ; --            ; --          ; --             ;
; MIN_CORE_JUNCTION_TEMP               ; 0                                     ; --            ; --          ; --             ;
; PARTITION_COLOR                      ; 16764057                              ; --            ; keyboard1   ; Top            ;
; PARTITION_FITTER_PRESERVATION_LEVEL  ; PLACEMENT_AND_ROUTING                 ; --            ; keyboard1   ; Top            ;
; PARTITION_NETLIST_TYPE               ; SOURCE                                ; --            ; keyboard1   ; Top            ;
; POWER_BOARD_THERMAL_MODEL            ; None (CONSERVATIVE)                   ; --            ; --          ; --             ;
; POWER_PRESET_COOLING_SOLUTION        ; 23 MM HEAT SINK WITH 200 LFPM AIRFLOW ; --            ; --          ; --             ;
; PROJECT_OUTPUT_DIRECTORY             ; output_files                          ; --            ; --          ; --             ;
; TOP_LEVEL_ENTITY                     ; keyboard1                             ; keyboard      ; --          ; --             ;
+--------------------------------------+---------------------------------------+---------------+-------------+----------------+


+-------------------------------------------------------------------------------------------------------------------------------+
; Flow Elapsed Time                                                                                                             ;
+---------------------------+--------------+-------------------------+---------------------+------------------------------------+
; Module Name               ; Elapsed Time ; Average Processors Used ; Peak Virtual Memory ; Total CPU Time (on all processors) ;
+---------------------------+--------------+-------------------------+---------------------+------------------------------------+
; Analysis & Synthesis      ; 00:00:09     ; 1.0                     ; 456 MB              ; 00:00:09                           ;
; Fitter                    ; 00:00:27     ; 1.3                     ; 808 MB              ; 00:00:31                           ;
; Assembler                 ; 00:00:08     ; 1.0                     ; 439 MB              ; 00:00:07                           ;
; TimeQuest Timing Analyzer ; 00:00:05     ; 1.0                     ; 471 MB              ; 00:00:05                           ;
; EDA Netlist Writer        ; 00:00:02     ; 1.0                     ; 391 MB              ; 00:00:03                           ;
; Total                     ; 00:00:51     ; --                      ; --                  ; 00:00:55                           ;
+---------------------------+--------------+-------------------------+---------------------+------------------------------------+


+----------------------------------------------------------------------------------------+
; Flow OS Summary                                                                        ;
+---------------------------+------------------+-----------+------------+----------------+
; Module Name               ; Machine Hostname ; OS Name   ; OS Version ; Processor type ;
+---------------------------+------------------+-----------+------------+----------------+
; Analysis & Synthesis      ; wangshuo-THINK   ; Windows 7 ; 6.1        ; x86_64         ;
; Fitter                    ; wangshuo-THINK   ; Windows 7 ; 6.1        ; x86_64         ;
; Assembler                 ; wangshuo-THINK   ; Windows 7 ; 6.1        ; x86_64         ;
; TimeQuest Timing Analyzer ; wangshuo-THINK   ; Windows 7 ; 6.1        ; x86_64         ;
; EDA Netlist Writer        ; wangshuo-THINK   ; Windows 7 ; 6.1        ; x86_64         ;
+---------------------------+------------------+-----------+------------+----------------+


------------
; Flow Log ;
------------
quartus_map --read_settings_files=on --write_settings_files=off keyboard -c keyboard
quartus_fit --read_settings_files=off --write_settings_files=off keyboard -c keyboard
quartus_asm --read_settings_files=off --write_settings_files=off keyboard -c keyboard
quartus_sta keyboard -c keyboard
quartus_eda --read_settings_files=off --write_settings_files=off keyboard -c keyboard



